;  LST file generated by mikroListExporter - v.2.0 
; Date/Time: 25/02/2025 14:18:54
;----------------------------------------------

;Address Opcode 	ASM
0x0000	0xF000EF0E  	GOTO        28
0x0004	0x0000      	NOP
0x0006	0x0000      	NOP
0x0008	0xF000EF00  	GOTO        0
0x000C	0x0000      	NOP
0x000E	0x0000      	NOP
0x0010	0x0000      	NOP
0x0012	0x0000      	NOP
0x0014	0x0000      	NOP
0x0016	0x0000      	NOP
0x0018	0xD7F3      	BRA         0
_main:
;Pisca_led.c,3 :: 		void main(){           // Função principal de qualquer programa escrito na linguagem C.
;Pisca_led.c,4 :: 		TRISB =0;            // Define todos os pinos do PORTB como saída.
0x001C	0x6A93      	CLRF        TRISB 
;Pisca_led.c,5 :: 		PORTB = 0;           // Colocar todos os pinos em nível baixo.
0x001E	0x6A81      	CLRF        PORTB 
;Pisca_led.c,6 :: 		while(1){           // Aqui definimos uma condição sempre verdadeira como parametro, portanto todo o bloco será repetido indefinidamente.
L_main0:
;Pisca_led.c,7 :: 		PORTB.RB7=0;         // Todos os pinos do PORTB em 0.
0x0020	0x9E81      	BCF         PORTB, 7 
;Pisca_led.c,8 :: 		Delay_ms(1000);  // Esta função é interna do compilador, portanto o tempo é de 1000ms ou 1 segundo.
0x0022	0x0E0B      	MOVLW       11
0x0024	0x6E0B      	MOVWF       R11, 0
0x0026	0x0E26      	MOVLW       38
0x0028	0x6E0C      	MOVWF       R12, 0
0x002A	0x0E5D      	MOVLW       93
0x002C	0x6E0D      	MOVWF       R13, 0
L_main2:
0x002E	0x2E0D      	DECFSZ      R13, 1, 0
0x0030	0xD7FE      	BRA         L_main2
0x0032	0x2E0C      	DECFSZ      R12, 1, 0
0x0034	0xD7FC      	BRA         L_main2
0x0036	0x2E0B      	DECFSZ      R11, 1, 0
0x0038	0xD7FA      	BRA         L_main2
0x003A	0x0000      	NOP
0x003C	0x0000      	NOP
;Pisca_led.c,9 :: 		PORTB.RB7=1;       // Todos os pinos do PORTB em 1.
0x003E	0x8E81      	BSF         PORTB, 7 
;Pisca_led.c,10 :: 		Delay_ms(1000);  // Aguarda novamente 1 segundo.
0x0040	0x0E0B      	MOVLW       11
0x0042	0x6E0B      	MOVWF       R11, 0
0x0044	0x0E26      	MOVLW       38
0x0046	0x6E0C      	MOVWF       R12, 0
0x0048	0x0E5D      	MOVLW       93
0x004A	0x6E0D      	MOVWF       R13, 0
L_main3:
0x004C	0x2E0D      	DECFSZ      R13, 1, 0
0x004E	0xD7FE      	BRA         L_main3
0x0050	0x2E0C      	DECFSZ      R12, 1, 0
0x0052	0xD7FC      	BRA         L_main3
0x0054	0x2E0B      	DECFSZ      R11, 1, 0
0x0056	0xD7FA      	BRA         L_main3
0x0058	0x0000      	NOP
0x005A	0x0000      	NOP
;Pisca_led.c,11 :: 		}
0x005C	0xD7E1      	BRA         L_main0
;Pisca_led.c,12 :: 		}
L_end_main:
0x005E	0xD7FF      	BRA         $+0
; end of _main
Symbol List:
//** Routines locations **
//ADDRESS    SIZE    PROCEDURE
//----------------------------------------------
0x001C      [68]    _main
//** Variables locations ** 
//ADDRESS    SIZE    VARIABLE
//----------------------------------------------
0x0000       [1]    R0
0x0001       [1]    R1
0x0002       [1]    R2
0x0003       [1]    R3
0x0004       [1]    R4
0x0005       [1]    R5
0x0006       [1]    R6
0x0007       [1]    R7
0x0008       [1]    R8
0x0009       [1]    R9
0x000A       [1]    R10
0x000B       [1]    R11
0x000C       [1]    R12
0x000D       [1]    R13
0x000E       [1]    R14
0x000F       [1]    R15
0x0010       [1]    R16
0x0011       [1]    R17
0x0012       [1]    R18
0x0013       [1]    R19
0x0014       [1]    R20
0x0F81       [1]    PORTB
0x0F93       [1]    TRISB
0x0FD8       [1]    STATUS
0x0FD9       [1]    FSR2L
0x0FDA       [1]    FSR2H
0x0FDE       [1]    POSTINC2
0x0FE0       [1]    BSR
0x0FE1       [1]    FSR1L
0x0FE2       [1]    FSR1H
0x0FE4       [1]    PREINC1
0x0FE6       [1]    POSTINC1
0x0FE7       [1]    INDF1
0x0FE8       [1]    WREG
0x0FE9       [1]    FSR0L
0x0FEA       [1]    FSR0H
0x0FEE       [1]    POSTINC0
0x0FF3       [1]    PRODL
0x0FF4       [1]    PRODH
0x0FF5       [1]    TABLAT
0x0FF6       [1]    TBLPTRL
0x0FF7       [1]    TBLPTRH
0x0FF8       [1]    TBLPTRU
