;  LST file generated by mikroListExporter - v.2.0 
; Date/Time: 26/02/2025 14:16:59
;----------------------------------------------

;Address Opcode 	ASM
0x0000	0xF004EF32  	GOTO        2148
0x0004	0x0000      	NOP
0x0006	0x0000      	NOP
0x0008	0xF000EF00  	GOTO        0
0x000C	0x0000      	NOP
0x000E	0x0000      	NOP
0x0010	0x0000      	NOP
0x0012	0x0000      	NOP
0x0014	0x0000      	NOP
0x0016	0x0000      	NOP
0x0018	0xD7F3      	BRA         0
_____DoIFC:
;__Lib_System.c,93 :: 		
;__Lib_System.c,94 :: 		
0x001C	0x50F2      	MOVF        INTCON, 0, 0
;__Lib_System.c,95 :: 		
0x001E	0x6E02      	MOVWF       R2, 0
;__Lib_System.c,96 :: 		
0x0020	0x9EF2      	BCF         INTCON, 7 
;__Lib_System.c,97 :: 		
0x0022	0x0005      	PUSH
;__Lib_System.c,98 :: 		
0x0024	0x6AFF      	CLRF        TOSU, 0
;__Lib_System.c,99 :: 		
0x0026	0x5001      	MOVF        R1, 0, 0
;__Lib_System.c,100 :: 		
0x0028	0x6EFE      	MOVWF       TOSH, 0
;__Lib_System.c,101 :: 		
0x002A	0x5000      	MOVF        R0, 0, 0
;__Lib_System.c,102 :: 		
0x002C	0x6EFD      	MOVWF       TOSL, 0
;__Lib_System.c,103 :: 		
0x002E	0xBE02      	BTFSC       R2, 7, 0
;__Lib_System.c,104 :: 		
0x0030	0x8EF2      	BSF         INTCON, 7, 0
;__Lib_System.c,105 :: 		
;__Lib_System.c,107 :: 		
L_end_____DoIFC:
0x0032	0x0012      	RETURN      0
; end of _____DoIFC
_I2C1_Rd:
;__Lib_I2C_c34.c,89 :: 		
;__Lib_I2C_c34.c,93 :: 		
0x0034	0xF0ABC073  	MOVFF       __Lib_I2C_c34__I2C1_TIMEOUT, I2C1_Rd_timeout_L0
0x0038	0xF0ACC074  	MOVFF       __Lib_I2C_c34__I2C1_TIMEOUT+1, I2C1_Rd_timeout_L0+1
0x003C	0xF0ADC075  	MOVFF       __Lib_I2C_c34__I2C1_TIMEOUT+2, I2C1_Rd_timeout_L0+2
0x0040	0xF0AEC076  	MOVFF       __Lib_I2C_c34__I2C1_TIMEOUT+3, I2C1_Rd_timeout_L0+3
;__Lib_I2C_c34.c,95 :: 		
0x0044	0x969E      	BCF         PIR1, 3 
;__Lib_I2C_c34.c,96 :: 		
0x0046	0x86C5      	BSF         SSPCON2, 3 
;__Lib_I2C_c34.c,98 :: 		
L_I2C1_Rd16:
0x0048	0xB69E      	BTFSC       PIR1, 3 
0x004A	0xD01F      	BRA         L_I2C1_Rd17
;__Lib_I2C_c34.c,100 :: 		
0x004C	0x5073      	MOVF        __Lib_I2C_c34__I2C1_TIMEOUT, 0 
0x004E	0x1074      	IORWF       __Lib_I2C_c34__I2C1_TIMEOUT+1, 0 
0x0050	0x1075      	IORWF       __Lib_I2C_c34__I2C1_TIMEOUT+2, 0 
0x0052	0x1076      	IORWF       __Lib_I2C_c34__I2C1_TIMEOUT+3, 0 
0x0054	0xE019      	BZ          L_I2C1_Rd18
;__Lib_I2C_c34.c,102 :: 		
0x0056	0x0100      	MOVLB       0
0x0058	0x51AB      	MOVF        I2C1_Rd_timeout_L0, 0, 1
0x005A	0x11AC      	IORWF       I2C1_Rd_timeout_L0+1, 0, 1
0x005C	0x11AD      	IORWF       I2C1_Rd_timeout_L0+2, 0, 1
0x005E	0x11AE      	IORWF       I2C1_Rd_timeout_L0+3, 0, 1
0x0060	0xE10C      	BNZ         L_I2C1_Rd19
;__Lib_I2C_c34.c,104 :: 		
0x0062	0xFFE1C093  	MOVFF       _I2C1_Timeout_Ptr+2, FSR1
0x0066	0xFFE2C094  	MOVFF       _I2C1_Timeout_Ptr+3, FSR1+1
0x006A	0x0E03      	MOVLW       3
0x006C	0x6EE6      	MOVWF       POSTINC1 
0x006E	0xF000C091  	MOVFF       _I2C1_Timeout_Ptr, R0
0x0072	0xF001C092  	MOVFF       _I2C1_Timeout_Ptr+1, R1
0x0076	0xDFD2      	RCALL       _____DoIFC
;__Lib_I2C_c34.c,105 :: 		
0x0078	0xD008      	BRA         L_I2C1_Rd17
;__Lib_I2C_c34.c,106 :: 		
L_I2C1_Rd19:
;__Lib_I2C_c34.c,107 :: 		
0x007A	0x0E01      	MOVLW       1
0x007C	0x0100      	MOVLB       0
0x007E	0x5FAB      	SUBWF       I2C1_Rd_timeout_L0, 1, 1
0x0080	0x0E00      	MOVLW       0
0x0082	0x5BAC      	SUBWFB      I2C1_Rd_timeout_L0+1, 1, 1
0x0084	0x5BAD      	SUBWFB      I2C1_Rd_timeout_L0+2, 1, 1
0x0086	0x5BAE      	SUBWFB      I2C1_Rd_timeout_L0+3, 1, 1
;__Lib_I2C_c34.c,108 :: 		
L_I2C1_Rd18:
;__Lib_I2C_c34.c,109 :: 		
0x0088	0xD7DF      	BRA         L_I2C1_Rd16
L_I2C1_Rd17:
0x008A	0x0100      	MOVLB       0
;__Lib_I2C_c34.c,111 :: 		
0x008C	0xF0AACFC9  	MOVFF       SSPBUF, I2C1_Rd_tmp_L0
;__Lib_I2C_c34.c,112 :: 		
0x0090	0x51A9      	MOVF        FARG_I2C1_Rd_ack, 0, 1
0x0092	0x0A00      	XORLW       0
0x0094	0xE102      	BNZ         L_I2C1_Rd20
;__Lib_I2C_c34.c,113 :: 		
0x0096	0x8AC5      	BSF         SSPCON2, 5 
0x0098	0xD001      	BRA         L_I2C1_Rd21
L_I2C1_Rd20:
;__Lib_I2C_c34.c,115 :: 		
0x009A	0x9AC5      	BCF         SSPCON2, 5 
L_I2C1_Rd21:
;__Lib_I2C_c34.c,117 :: 		
0x009C	0x969E      	BCF         PIR1, 3 
;__Lib_I2C_c34.c,118 :: 		
0x009E	0x88C5      	BSF         SSPCON2, 4 
;__Lib_I2C_c34.c,121 :: 		
0x00A0	0xF0ABC073  	MOVFF       __Lib_I2C_c34__I2C1_TIMEOUT, I2C1_Rd_timeout_L0
0x00A4	0xF0ACC074  	MOVFF       __Lib_I2C_c34__I2C1_TIMEOUT+1, I2C1_Rd_timeout_L0+1
0x00A8	0xF0ADC075  	MOVFF       __Lib_I2C_c34__I2C1_TIMEOUT+2, I2C1_Rd_timeout_L0+2
0x00AC	0xF0AEC076  	MOVFF       __Lib_I2C_c34__I2C1_TIMEOUT+3, I2C1_Rd_timeout_L0+3
;__Lib_I2C_c34.c,123 :: 		
L_I2C1_Rd22:
0x00B0	0xB69E      	BTFSC       PIR1, 3 
0x00B2	0xD01F      	BRA         L_I2C1_Rd23
;__Lib_I2C_c34.c,125 :: 		
0x00B4	0x5073      	MOVF        __Lib_I2C_c34__I2C1_TIMEOUT, 0 
0x00B6	0x1074      	IORWF       __Lib_I2C_c34__I2C1_TIMEOUT+1, 0 
0x00B8	0x1075      	IORWF       __Lib_I2C_c34__I2C1_TIMEOUT+2, 0 
0x00BA	0x1076      	IORWF       __Lib_I2C_c34__I2C1_TIMEOUT+3, 0 
0x00BC	0xE019      	BZ          L_I2C1_Rd24
;__Lib_I2C_c34.c,127 :: 		
0x00BE	0x0100      	MOVLB       0
0x00C0	0x51AB      	MOVF        I2C1_Rd_timeout_L0, 0, 1
0x00C2	0x11AC      	IORWF       I2C1_Rd_timeout_L0+1, 0, 1
0x00C4	0x11AD      	IORWF       I2C1_Rd_timeout_L0+2, 0, 1
0x00C6	0x11AE      	IORWF       I2C1_Rd_timeout_L0+3, 0, 1
0x00C8	0xE10C      	BNZ         L_I2C1_Rd25
;__Lib_I2C_c34.c,129 :: 		
0x00CA	0xFFE1C093  	MOVFF       _I2C1_Timeout_Ptr+2, FSR1
0x00CE	0xFFE2C094  	MOVFF       _I2C1_Timeout_Ptr+3, FSR1+1
0x00D2	0x0E03      	MOVLW       3
0x00D4	0x6EE6      	MOVWF       POSTINC1 
0x00D6	0xF000C091  	MOVFF       _I2C1_Timeout_Ptr, R0
0x00DA	0xF001C092  	MOVFF       _I2C1_Timeout_Ptr+1, R1
0x00DE	0xDF9E      	RCALL       _____DoIFC
;__Lib_I2C_c34.c,130 :: 		
0x00E0	0xD008      	BRA         L_I2C1_Rd23
;__Lib_I2C_c34.c,131 :: 		
L_I2C1_Rd25:
;__Lib_I2C_c34.c,132 :: 		
0x00E2	0x0E01      	MOVLW       1
0x00E4	0x0100      	MOVLB       0
0x00E6	0x5FAB      	SUBWF       I2C1_Rd_timeout_L0, 1, 1
0x00E8	0x0E00      	MOVLW       0
0x00EA	0x5BAC      	SUBWFB      I2C1_Rd_timeout_L0+1, 1, 1
0x00EC	0x5BAD      	SUBWFB      I2C1_Rd_timeout_L0+2, 1, 1
0x00EE	0x5BAE      	SUBWFB      I2C1_Rd_timeout_L0+3, 1, 1
;__Lib_I2C_c34.c,133 :: 		
L_I2C1_Rd24:
;__Lib_I2C_c34.c,134 :: 		
0x00F0	0xD7DF      	BRA         L_I2C1_Rd22
L_I2C1_Rd23:
;__Lib_I2C_c34.c,136 :: 		
0x00F2	0xF000C0AA  	MOVFF       I2C1_Rd_tmp_L0, R0
;__Lib_I2C_c34.c,137 :: 		
L_end_I2C1_Rd:
0x00F6	0x0012      	RETURN      0
; end of _I2C1_Rd
_Delay_1us:
;__Lib_Delays.c,7 :: 		void Delay_1us() {
;__Lib_Delays.c,8 :: 		Delay_us(1);
0x00F8	0x0000      	NOP
0x00FA	0x0000      	NOP
;__Lib_Delays.c,9 :: 		}
L_end_Delay_1us:
0x00FC	0x0012      	RETURN      0
; end of _Delay_1us
_Delay_50us:
;__Lib_Delays.c,19 :: 		void Delay_50us() {
;__Lib_Delays.c,20 :: 		Delay_us(50);
0x00FE	0x0E21      	MOVLW       33
0x0100	0x6E0D      	MOVWF       R13, 0
L_Delay_50us2:
0x0102	0x2E0D      	DECFSZ      R13, 1, 0
0x0104	0xD7FE      	BRA         L_Delay_50us2
;__Lib_Delays.c,21 :: 		}
L_end_Delay_50us:
0x0106	0x0012      	RETURN      0
; end of _Delay_50us
_Delay_5500us:
;__Lib_Delays.c,31 :: 		void Delay_5500us() {
;__Lib_Delays.c,32 :: 		Delay_us(5500);
0x0108	0x0E0F      	MOVLW       15
0x010A	0x6E0C      	MOVWF       R12, 0
0x010C	0x0E47      	MOVLW       71
0x010E	0x6E0D      	MOVWF       R13, 0
L_Delay_5500us5:
0x0110	0x2E0D      	DECFSZ      R13, 1, 0
0x0112	0xD7FE      	BRA         L_Delay_5500us5
0x0114	0x2E0C      	DECFSZ      R12, 1, 0
0x0116	0xD7FC      	BRA         L_Delay_5500us5
0x0118	0x0000      	NOP
0x011A	0x0000      	NOP
;__Lib_Delays.c,33 :: 		}
L_end_Delay_5500us:
0x011C	0x0012      	RETURN      0
; end of _Delay_5500us
_SETFUN32:
;__Lib_MathDouble.c,144 :: 		
;__Lib_MathDouble.c,152 :: 		
0x011E	0x840B      	BSF         R11, 2, 0
;__Lib_MathDouble.c,153 :: 		
0x0120	0xAE0B      	BTFSS       R11, 7, 0
;__Lib_MathDouble.c,154 :: 		
0x0122	0xF000EF9A  	GOTO        SETFUN32EEE
;__Lib_MathDouble.c,156 :: 		
0x0126	0x0E01      	MOVLW       1
;__Lib_MathDouble.c,157 :: 		
0x0128	0x6E03      	MOVWF       R3, 0
;__Lib_MathDouble.c,158 :: 		
0x012A	0x6A02      	CLRF        R2, 0
;__Lib_MathDouble.c,159 :: 		
0x012C	0x6A01      	CLRF        R1, 0
;__Lib_MathDouble.c,160 :: 		
0x012E	0x6A00      	CLRF        R0, 0
;__Lib_MathDouble.c,161 :: 		
0x0130	0x360A      	RLCF        R10, 1, 0
;__Lib_MathDouble.c,162 :: 		
0x0132	0x3202      	RRCF        R2, 1, 0
;__Lib_MathDouble.c,163 :: 		
SETFUN32EEE:
;__Lib_MathDouble.c,164 :: 		
0x0134	0x0EFF      	MOVLW       255
;__Lib_MathDouble.c,166 :: 		
L_end_SETFUN32:
0x0136	0x0012      	RETURN      0
; end of _SETFUN32
_FIXSIGN32:
;__Lib_MathDouble.c,117 :: 		
;__Lib_MathDouble.c,121 :: 		
0x0138	0xAE0A      	BTFSS       R10, 7, 0
;__Lib_MathDouble.c,122 :: 		
0x013A	0x9E02      	BCF         R2, 7, 0
;__Lib_MathDouble.c,123 :: 		
0x013C	0x0E00      	MOVLW       0
;__Lib_MathDouble.c,125 :: 		
L_end_FIXSIGN32:
0x013E	0x0012      	RETURN      0
; end of _FIXSIGN32
_I2C_ReceiveByte:
;ProjetoFinal_PIC.c,109 :: 		unsigned char I2C_ReceiveByte(unsigned char ack) {
;ProjetoFinal_PIC.c,110 :: 		unsigned char dado = I2C1_Rd(ack);  // Lê um byte
0x0140	0xF0A9C0A8  	MOVFF       FARG_I2C_ReceiveByte_ack, FARG_I2C1_Rd_ack
0x0144	0xDF77      	RCALL       _I2C1_Rd
;ProjetoFinal_PIC.c,111 :: 		return dado;
;ProjetoFinal_PIC.c,112 :: 		}
L_end_I2C_ReceiveByte:
0x0146	0x0012      	RETURN      0
; end of _I2C_ReceiveByte
_RES032:
;__Lib_MathDouble.c,128 :: 		
;__Lib_MathDouble.c,134 :: 		
0x0148	0x6A02      	CLRF        R2, 0
;__Lib_MathDouble.c,135 :: 		
0x014A	0x6A01      	CLRF        R1, 0
;__Lib_MathDouble.c,136 :: 		
0x014C	0x6A00      	CLRF        R0, 0
;__Lib_MathDouble.c,137 :: 		
0x014E	0x6A08      	CLRF        R8, 0
;__Lib_MathDouble.c,138 :: 		
0x0150	0x6A03      	CLRF        R3, 0
;__Lib_MathDouble.c,139 :: 		
0x0152	0x0E00      	MOVLW       0
;__Lib_MathDouble.c,141 :: 		
L_end_RES032:
0x0154	0x0012      	RETURN      0
; end of _RES032
_Lcd_Cmd:
;__Lib_Lcd.c,18 :: 		
;__Lib_Lcd.c,20 :: 		
0x0156	0x0100      	MOVLB       0
0x0158	0xBFA8      	BTFSC       FARG_Lcd_Cmd_out_char, 7, 1
0x015A	0xD002      	BRA         L__Lcd_Cmd21
0x015C	0x9E83      	BCF         LCD_D7, BitPos(LCD_D7+0) 
0x015E	0xD001      	BRA         L__Lcd_Cmd22
L__Lcd_Cmd21:
0x0160	0x8E83      	BSF         LCD_D7, BitPos(LCD_D7+0) 
L__Lcd_Cmd22:
;__Lib_Lcd.c,21 :: 		
0x0162	0xBDA8      	BTFSC       FARG_Lcd_Cmd_out_char, 6, 1
0x0164	0xD002      	BRA         L__Lcd_Cmd23
0x0166	0x9C83      	BCF         LCD_D6, BitPos(LCD_D6+0) 
0x0168	0xD001      	BRA         L__Lcd_Cmd24
L__Lcd_Cmd23:
0x016A	0x8C83      	BSF         LCD_D6, BitPos(LCD_D6+0) 
L__Lcd_Cmd24:
;__Lib_Lcd.c,22 :: 		
0x016C	0xBBA8      	BTFSC       FARG_Lcd_Cmd_out_char, 5, 1
0x016E	0xD002      	BRA         L__Lcd_Cmd25
0x0170	0x9A83      	BCF         LCD_D5, BitPos(LCD_D5+0) 
0x0172	0xD001      	BRA         L__Lcd_Cmd26
L__Lcd_Cmd25:
0x0174	0x8A83      	BSF         LCD_D5, BitPos(LCD_D5+0) 
L__Lcd_Cmd26:
;__Lib_Lcd.c,23 :: 		
0x0176	0xB9A8      	BTFSC       FARG_Lcd_Cmd_out_char, 4, 1
0x0178	0xD002      	BRA         L__Lcd_Cmd27
0x017A	0x9883      	BCF         LCD_D4, BitPos(LCD_D4+0) 
0x017C	0xD001      	BRA         L__Lcd_Cmd28
L__Lcd_Cmd27:
0x017E	0x8883      	BSF         LCD_D4, BitPos(LCD_D4+0) 
L__Lcd_Cmd28:
;__Lib_Lcd.c,25 :: 		
0x0180	0xB07F      	BTFSC       __Lib_Lcd_cmd_status, BitPos(__Lib_Lcd_cmd_status+0) 
0x0182	0xD002      	BRA         L__Lcd_Cmd29
0x0184	0x8484      	BSF         LCD_RS, BitPos(LCD_RS+0) 
0x0186	0xD001      	BRA         L__Lcd_Cmd30
L__Lcd_Cmd29:
0x0188	0x9484      	BCF         LCD_RS, BitPos(LCD_RS+0) 
L__Lcd_Cmd30:
;__Lib_Lcd.c,28 :: 		
0x018A	0x8284      	BSF         LCD_EN, BitPos(LCD_EN+0) 
;__Lib_Lcd.c,29 :: 		
0x018C	0xDFB5      	RCALL       _Delay_1us
;__Lib_Lcd.c,30 :: 		
0x018E	0x9284      	BCF         LCD_EN, BitPos(LCD_EN+0) 
;__Lib_Lcd.c,33 :: 		
0x0190	0xB7A8      	BTFSC       FARG_Lcd_Cmd_out_char, 3, 1
0x0192	0xD002      	BRA         L__Lcd_Cmd31
0x0194	0x9E83      	BCF         LCD_D7, BitPos(LCD_D7+0) 
0x0196	0xD001      	BRA         L__Lcd_Cmd32
L__Lcd_Cmd31:
0x0198	0x8E83      	BSF         LCD_D7, BitPos(LCD_D7+0) 
L__Lcd_Cmd32:
;__Lib_Lcd.c,34 :: 		
0x019A	0xB5A8      	BTFSC       FARG_Lcd_Cmd_out_char, 2, 1
0x019C	0xD002      	BRA         L__Lcd_Cmd33
0x019E	0x9C83      	BCF         LCD_D6, BitPos(LCD_D6+0) 
0x01A0	0xD001      	BRA         L__Lcd_Cmd34
L__Lcd_Cmd33:
0x01A2	0x8C83      	BSF         LCD_D6, BitPos(LCD_D6+0) 
L__Lcd_Cmd34:
;__Lib_Lcd.c,35 :: 		
0x01A4	0xB3A8      	BTFSC       FARG_Lcd_Cmd_out_char, 1, 1
0x01A6	0xD002      	BRA         L__Lcd_Cmd35
0x01A8	0x9A83      	BCF         LCD_D5, BitPos(LCD_D5+0) 
0x01AA	0xD001      	BRA         L__Lcd_Cmd36
L__Lcd_Cmd35:
0x01AC	0x8A83      	BSF         LCD_D5, BitPos(LCD_D5+0) 
L__Lcd_Cmd36:
;__Lib_Lcd.c,36 :: 		
0x01AE	0xB1A8      	BTFSC       FARG_Lcd_Cmd_out_char, 0, 1
0x01B0	0xD002      	BRA         L__Lcd_Cmd37
0x01B2	0x9883      	BCF         LCD_D4, BitPos(LCD_D4+0) 
0x01B4	0xD001      	BRA         L__Lcd_Cmd38
L__Lcd_Cmd37:
0x01B6	0x8883      	BSF         LCD_D4, BitPos(LCD_D4+0) 
L__Lcd_Cmd38:
;__Lib_Lcd.c,38 :: 		
0x01B8	0xB07F      	BTFSC       __Lib_Lcd_cmd_status, BitPos(__Lib_Lcd_cmd_status+0) 
0x01BA	0xD002      	BRA         L__Lcd_Cmd39
0x01BC	0x8484      	BSF         LCD_RS, BitPos(LCD_RS+0) 
0x01BE	0xD001      	BRA         L__Lcd_Cmd40
L__Lcd_Cmd39:
0x01C0	0x9484      	BCF         LCD_RS, BitPos(LCD_RS+0) 
L__Lcd_Cmd40:
;__Lib_Lcd.c,40 :: 		
0x01C2	0x8284      	BSF         LCD_EN, BitPos(LCD_EN+0) 
;__Lib_Lcd.c,41 :: 		
0x01C4	0xDF99      	RCALL       _Delay_1us
;__Lib_Lcd.c,42 :: 		
0x01C6	0x9284      	BCF         LCD_EN, BitPos(LCD_EN+0) 
;__Lib_Lcd.c,44 :: 		
0x01C8	0xA07F      	BTFSS       __Lib_Lcd_cmd_status, BitPos(__Lib_Lcd_cmd_status+0) 
0x01CA	0xD002      	BRA         L_Lcd_Cmd0
;__Lib_Lcd.c,45 :: 		
0x01CC	0xDF9D      	RCALL       _Delay_5500us
0x01CE	0xD001      	BRA         L_Lcd_Cmd1
L_Lcd_Cmd0:
;__Lib_Lcd.c,47 :: 		
0x01D0	0xDF96      	RCALL       _Delay_50us
L_Lcd_Cmd1:
;__Lib_Lcd.c,48 :: 		
L_end_Lcd_Cmd:
0x01D2	0x0012      	RETURN      0
; end of _Lcd_Cmd
_Lcd_Chr_CP:
;__Lib_Lcd.c,50 :: 		
;__Lib_Lcd.c,52 :: 		
0x01D4	0x907F      	BCF         __Lib_Lcd_cmd_status, BitPos(__Lib_Lcd_cmd_status+0) 
;__Lib_Lcd.c,53 :: 		
0x01D6	0xF0A8C0A0  	MOVFF       FARG_Lcd_Chr_CP_out_char, FARG_Lcd_Cmd_out_char
0x01DA	0xDFBD      	RCALL       _Lcd_Cmd
;__Lib_Lcd.c,54 :: 		
0x01DC	0x807F      	BSF         __Lib_Lcd_cmd_status, BitPos(__Lib_Lcd_cmd_status+0) 
;__Lib_Lcd.c,55 :: 		
L_end_Lcd_Chr_CP:
0x01DE	0x0012      	RETURN      0
; end of _Lcd_Chr_CP
_Mul_16X16_U:
;__Lib_Math.c,440 :: 		
;__Lib_Math.c,447 :: 		
0x01E0	0x6A0B      	CLRF        R11, 0
;__Lib_Math.c,448 :: 		
0x01E2	0x6A0A      	CLRF        R10, 0
;__Lib_Math.c,449 :: 		
0x01E4	0x6A09      	CLRF        R9, 0
;__Lib_Math.c,450 :: 		
0x01E6	0x5000      	MOVF        R0, 0, 0
;__Lib_Math.c,451 :: 		
0x01E8	0x0204      	MULWF       R4, 0
;__Lib_Math.c,453 :: 		
0x01EA	0xF009CFF4  	MOVFF       PRODH, R9
;__Lib_Math.c,454 :: 		
0x01EE	0xF008CFF3  	MOVFF       PRODL, R8
;__Lib_Math.c,455 :: 		
0x01F2	0x5001      	MOVF        R1, 0, 0
;__Lib_Math.c,456 :: 		
0x01F4	0x0205      	MULWF       R5, 0
;__Lib_Math.c,458 :: 		
0x01F6	0xF00BCFF4  	MOVFF       PRODH, R11
;__Lib_Math.c,459 :: 		
0x01FA	0xF00ACFF3  	MOVFF       PRODL, R10
;__Lib_Math.c,460 :: 		
0x01FE	0x5000      	MOVF        R0, 0, 0
;__Lib_Math.c,461 :: 		
0x0200	0x0205      	MULWF       R5, 0
;__Lib_Math.c,463 :: 		
0x0202	0x50F3      	MOVF        PRODL, 0, 0
;__Lib_Math.c,464 :: 		
0x0204	0x2609      	ADDWF       R9, 1, 0
;__Lib_Math.c,465 :: 		
0x0206	0x50F4      	MOVF        PRODH, 0, 0
;__Lib_Math.c,466 :: 		
0x0208	0x220A      	ADDWFC      R10, 1, 0
;__Lib_Math.c,467 :: 		
0x020A	0x6AE8      	CLRF        WREG, 0
;__Lib_Math.c,468 :: 		
0x020C	0x220B      	ADDWFC      R11, 1, 0
;__Lib_Math.c,469 :: 		
0x020E	0x5001      	MOVF        R1, 0, 0
;__Lib_Math.c,470 :: 		
0x0210	0x0204      	MULWF       R4, 0
;__Lib_Math.c,472 :: 		
0x0212	0x50F3      	MOVF        PRODL, 0, 0
;__Lib_Math.c,473 :: 		
0x0214	0x2609      	ADDWF       R9, 1, 0
;__Lib_Math.c,474 :: 		
0x0216	0x50F4      	MOVF        PRODH, 0, 0
;__Lib_Math.c,475 :: 		
0x0218	0x220A      	ADDWFC      R10, 1, 0
;__Lib_Math.c,476 :: 		
0x021A	0x6AE8      	CLRF        WREG, 0
;__Lib_Math.c,477 :: 		
0x021C	0x220B      	ADDWFC      R11, 1, 0
;__Lib_Math.c,479 :: 		
0x021E	0xF000C008  	MOVFF       R8, R0
;__Lib_Math.c,480 :: 		
0x0222	0xF001C009  	MOVFF       R9, R1
;__Lib_Math.c,481 :: 		
0x0226	0xF002C00A  	MOVFF       R10, R2
;__Lib_Math.c,482 :: 		
0x022A	0xF003C00B  	MOVFF       R11, R3
;__Lib_Math.c,485 :: 		
L_end_Mul_16X16_U:
0x022E	0x0012      	RETURN      0
; end of _Mul_16X16_U
_NRM3232:
;__Lib_MathDouble.c,455 :: 		
;__Lib_MathDouble.c,463 :: 		
0x0230	0x6A0C      	CLRF        R12, 0
;__Lib_MathDouble.c,464 :: 		
0x0232	0x6A0E      	CLRF        R14, 0
;__Lib_MathDouble.c,465 :: 		
0x0234	0x5002      	MOVF        R2, 0, 0
;__Lib_MathDouble.c,466 :: 		
0x0236	0xA4D8      	BTFSS       STATUS, 2, 0
;__Lib_MathDouble.c,467 :: 		
0x0238	0xF001EF31  	GOTO        NORM3232
;__Lib_MathDouble.c,468 :: 		
0x023C	0xF002C001  	MOVFF       R1, R2
;__Lib_MathDouble.c,469 :: 		
0x0240	0xF001C000  	MOVFF       R0, R1
;__Lib_MathDouble.c,470 :: 		
0x0244	0x6A00      	CLRF        R0, 0
;__Lib_MathDouble.c,471 :: 		
0x0246	0x860E      	BSF         R14, 3, 0
;__Lib_MathDouble.c,473 :: 		
0x0248	0x5002      	MOVF        R2, 0, 0
;__Lib_MathDouble.c,474 :: 		
0x024A	0xA4D8      	BTFSS       STATUS, 2, 0
;__Lib_MathDouble.c,475 :: 		
0x024C	0xF001EF31  	GOTO        NORM3232
;__Lib_MathDouble.c,476 :: 		
0x0250	0xF002C001  	MOVFF       R1, R2
;__Lib_MathDouble.c,477 :: 		
0x0254	0x6A01      	CLRF        R1, 0
;__Lib_MathDouble.c,478 :: 		
0x0256	0x960E      	BCF         R14, 3, 0
;__Lib_MathDouble.c,479 :: 		
0x0258	0x880E      	BSF         R14, 4, 0
;__Lib_MathDouble.c,481 :: 		
0x025A	0x5002      	MOVF        R2, 0, 0
;__Lib_MathDouble.c,482 :: 		
0x025C	0xB4D8      	BTFSC       STATUS, 2, 0
;__Lib_MathDouble.c,483 :: 		
0x025E	0xF001EF43  	GOTO        JPNRES032
;__Lib_MathDouble.c,484 :: 		
NORM3232:
;__Lib_MathDouble.c,485 :: 		
0x0262	0x500E      	MOVF        R14, 0, 0
;__Lib_MathDouble.c,486 :: 		
0x0264	0x5E03      	SUBWF       R3, 1, 0
;__Lib_MathDouble.c,487 :: 		
0x0266	0xA4D8      	BTFSS       STATUS, 2, 0
;__Lib_MathDouble.c,488 :: 		
0x0268	0xA0D8      	BTFSS       STATUS, 0, 0
;__Lib_MathDouble.c,489 :: 		
0x026A	0xF001EF48  	GOTO        JPNSETFUN32
;__Lib_MathDouble.c,490 :: 		
0x026E	0x90D8      	BCF         STATUS, 0, 0
;__Lib_MathDouble.c,491 :: 		
NORM3232A:
;__Lib_MathDouble.c,492 :: 		
0x0270	0xBE02      	BTFSC       R2, 7, 0
;__Lib_MathDouble.c,493 :: 		
0x0272	0xF001EF4D  	GOTO        JMPNFIXSIGN32
;__Lib_MathDouble.c,494 :: 		
0x0276	0x3600      	RLCF        R0, 1, 0
;__Lib_MathDouble.c,495 :: 		
0x0278	0x3601      	RLCF        R1, 1, 0
;__Lib_MathDouble.c,496 :: 		
0x027A	0x3602      	RLCF        R2, 1, 0
;__Lib_MathDouble.c,497 :: 		
0x027C	0x2E03      	DECFSZ      R3, 1, 0
;__Lib_MathDouble.c,498 :: 		
0x027E	0xF001EF38  	GOTO        NORM3232A
;__Lib_MathDouble.c,499 :: 		
0x0282	0xF001EF48  	GOTO        JPNSETFUN32
;__Lib_MathDouble.c,500 :: 		
JPNRES032:
;__Lib_MathDouble.c,501 :: 		
0x0286	0x0E01      	MOVLW       1
;__Lib_MathDouble.c,502 :: 		
0x0288	0x6E0C      	MOVWF       R12, 0
;__Lib_MathDouble.c,504 :: 		
0x028A	0xDF5E      	RCALL       _RES032
;__Lib_MathDouble.c,506 :: 		
0x028C	0xF001EF50  	GOTO        NORM32EEE
;__Lib_MathDouble.c,507 :: 		
JPNSETFUN32:
;__Lib_MathDouble.c,508 :: 		
0x0290	0x0E02      	MOVLW       2
;__Lib_MathDouble.c,509 :: 		
0x0292	0x6E0C      	MOVWF       R12, 0
;__Lib_MathDouble.c,511 :: 		
0x0294	0xDF44      	RCALL       _SETFUN32
;__Lib_MathDouble.c,513 :: 		
0x0296	0xF001EF50  	GOTO        NORM32EEE
;__Lib_MathDouble.c,514 :: 		
JMPNFIXSIGN32:
;__Lib_MathDouble.c,515 :: 		
0x029A	0x0E04      	MOVLW       4
;__Lib_MathDouble.c,516 :: 		
0x029C	0x6E0C      	MOVWF       R12, 0
;__Lib_MathDouble.c,518 :: 		
0x029E	0xDF4C      	RCALL       _FIXSIGN32
;__Lib_MathDouble.c,520 :: 		
NORM32EEE:
;__Lib_MathDouble.c,527 :: 		
L_end_NRM3232:
0x02A0	0x0012      	RETURN      0
; end of _NRM3232
_SETFOV32:
;__Lib_MathDouble.c,82 :: 		
;__Lib_MathDouble.c,90 :: 		
0x02A2	0x820B      	BSF         R11, 1, 0
;__Lib_MathDouble.c,91 :: 		
0x02A4	0xAE0B      	BTFSS       R11, 7, 0
;__Lib_MathDouble.c,92 :: 		
0x02A6	0xF001EF5B  	GOTO        SETFOV32EEE
;__Lib_MathDouble.c,94 :: 		
0x02AA	0x6803      	SETF        R3, 0
;__Lib_MathDouble.c,95 :: 		
0x02AC	0x6802      	SETF        R2, 0
;__Lib_MathDouble.c,96 :: 		
0x02AE	0x6801      	SETF        R1, 0
;__Lib_MathDouble.c,97 :: 		
0x02B0	0x6800      	SETF        R0, 0
;__Lib_MathDouble.c,98 :: 		
0x02B2	0x360A      	RLCF        R10, 1, 0
;__Lib_MathDouble.c,99 :: 		
0x02B4	0x3202      	RRCF        R2, 1, 0
;__Lib_MathDouble.c,100 :: 		
SETFOV32EEE:
;__Lib_MathDouble.c,101 :: 		
0x02B6	0x0EFF      	MOVLW       255
;__Lib_MathDouble.c,103 :: 		
L_end_SETFOV32:
0x02B8	0x0012      	RETURN      0
; end of _SETFOV32
_I2C_ReceiveFloat:
;ProjetoFinal_PIC.c,115 :: 		float I2C_ReceiveFloat() {
;ProjetoFinal_PIC.c,123 :: 		for (i = 0; i < 4; i++) {
0x02BA	0x0100      	MOVLB       0
0x02BC	0x6BA4      	CLRF        I2C_ReceiveFloat_i_L0, 1
0x02BE	0x6BA5      	CLRF        I2C_ReceiveFloat_i_L0+1, 1
L_I2C_ReceiveFloat17:
0x02C0	0x0E80      	MOVLW       128
0x02C2	0x19A5      	XORWF       I2C_ReceiveFloat_i_L0+1, 0, 1
0x02C4	0x6E00      	MOVWF       R0 
0x02C6	0x0E80      	MOVLW       128
0x02C8	0x5C00      	SUBWF       R0, 0 
0x02CA	0xE102      	BNZ         L__I2C_ReceiveFloat31
0x02CC	0x0E04      	MOVLW       4
0x02CE	0x5DA4      	SUBWF       I2C_ReceiveFloat_i_L0, 0, 1
L__I2C_ReceiveFloat31:
0x02D0	0xE213      	BC          L_I2C_ReceiveFloat18
;ProjetoFinal_PIC.c,124 :: 		floatUnion.bytes[i] = I2C_ReceiveByte(1);  // 1 = ACK (confirmação)
0x02D2	0x0EA0      	MOVLW       I2C_ReceiveFloat_floatUnion_L0
0x02D4	0x25A4      	ADDWF       I2C_ReceiveFloat_i_L0, 0, 1
0x02D6	0x6FA6      	MOVWF       FLOC__I2C_ReceiveFloat, 1
0x02D8	0x0E00      	MOVLW       hi_addr(I2C_ReceiveFloat_floatUnion_L0)
0x02DA	0x21A5      	ADDWFC      I2C_ReceiveFloat_i_L0+1, 0, 1
0x02DC	0x6FA7      	MOVWF       FLOC__I2C_ReceiveFloat+1, 1
0x02DE	0x0E01      	MOVLW       1
0x02E0	0x6FA8      	MOVWF       FARG_I2C_ReceiveByte_ack, 1
0x02E2	0xDF2E      	RCALL       _I2C_ReceiveByte
0x02E4	0xFFE1C0A6  	MOVFF       FLOC__I2C_ReceiveFloat, FSR1L
0x02E8	0xFFE2C0A7  	MOVFF       FLOC__I2C_ReceiveFloat+1, FSR1H
0x02EC	0xFFE6C000  	MOVFF       R0, POSTINC1
;ProjetoFinal_PIC.c,123 :: 		for (i = 0; i < 4; i++) {
0x02F0	0x0100      	MOVLB       0
0x02F2	0x4BA4      	INFSNZ      I2C_ReceiveFloat_i_L0, 1, 1
0x02F4	0x2BA5      	INCF        I2C_ReceiveFloat_i_L0+1, 1, 1
;ProjetoFinal_PIC.c,125 :: 		}
0x02F6	0xD7E4      	BRA         L_I2C_ReceiveFloat17
L_I2C_ReceiveFloat18:
;ProjetoFinal_PIC.c,126 :: 		return floatUnion.valor;
0x02F8	0xF000C0A0  	MOVFF       I2C_ReceiveFloat_floatUnion_L0, R0
0x02FC	0xF001C0A1  	MOVFF       I2C_ReceiveFloat_floatUnion_L0+1, R1
0x0300	0xF002C0A2  	MOVFF       I2C_ReceiveFloat_floatUnion_L0+2, R2
0x0304	0xF003C0A3  	MOVFF       I2C_ReceiveFloat_floatUnion_L0+3, R3
;ProjetoFinal_PIC.c,127 :: 		}
L_end_I2C_ReceiveFloat:
0x0308	0x0012      	RETURN      0
; end of _I2C_ReceiveFloat
_SETIOV3224:
;__Lib_MathDouble.c,530 :: 		
;__Lib_MathDouble.c,537 :: 		
0x030A	0x800B      	BSF         R11, 0, 0
;__Lib_MathDouble.c,538 :: 		
0x030C	0xAE0B      	BTFSS       R11, 7, 0
;__Lib_MathDouble.c,539 :: 		
0x030E	0xF001EF91  	GOTO        SETIOV3224EEE
;__Lib_MathDouble.c,541 :: 		
0x0312	0x6A02      	CLRF        R2, 0
;__Lib_MathDouble.c,542 :: 		
0x0314	0xAE0A      	BTFSS       R10, 7, 0
;__Lib_MathDouble.c,543 :: 		
0x0316	0x0EFF      	MOVLW       255
;__Lib_MathDouble.c,544 :: 		
0x0318	0x6E02      	MOVWF       R2, 0
;__Lib_MathDouble.c,545 :: 		
0x031A	0x6E01      	MOVWF       R1, 0
;__Lib_MathDouble.c,546 :: 		
0x031C	0x6E00      	MOVWF       R0, 0
;__Lib_MathDouble.c,547 :: 		
0x031E	0x360A      	RLCF        R10, 1, 0
;__Lib_MathDouble.c,548 :: 		
0x0320	0x3202      	RRCF        R2, 1, 0
;__Lib_MathDouble.c,549 :: 		
SETIOV3224EEE:
;__Lib_MathDouble.c,550 :: 		
0x0322	0x0EFF      	MOVLW       255
;__Lib_MathDouble.c,552 :: 		
L_end_SETIOV3224:
0x0324	0x0012      	RETURN      0
; end of _SETIOV3224
_Delay_22us:
;__Lib_Delays.c,15 :: 		void Delay_22us() {
;__Lib_Delays.c,16 :: 		Delay_us(22);
0x0326	0x0E0E      	MOVLW       14
0x0328	0x6E0D      	MOVWF       R13, 0
L_Delay_22us1:
0x032A	0x2E0D      	DECFSZ      R13, 1, 0
0x032C	0xD7FE      	BRA         L_Delay_22us1
0x032E	0x0000      	NOP
;__Lib_Delays.c,17 :: 		}
L_end_Delay_22us:
0x0330	0x0012      	RETURN      0
; end of _Delay_22us
_I2C_ReceiveInt:
;ProjetoFinal_PIC.c,130 :: 		int I2C_ReceiveInt() {
;ProjetoFinal_PIC.c,138 :: 		for (i = 0; i < 2; i++) {
0x0332	0x0100      	MOVLB       0
0x0334	0x6BA2      	CLRF        I2C_ReceiveInt_i_L0, 1
0x0336	0x6BA3      	CLRF        I2C_ReceiveInt_i_L0+1, 1
L_I2C_ReceiveInt20:
0x0338	0x0E80      	MOVLW       128
0x033A	0x19A3      	XORWF       I2C_ReceiveInt_i_L0+1, 0, 1
0x033C	0x6E00      	MOVWF       R0 
0x033E	0x0E80      	MOVLW       128
0x0340	0x5C00      	SUBWF       R0, 0 
0x0342	0xE102      	BNZ         L__I2C_ReceiveInt33
0x0344	0x0E02      	MOVLW       2
0x0346	0x5DA2      	SUBWF       I2C_ReceiveInt_i_L0, 0, 1
L__I2C_ReceiveInt33:
0x0348	0xE213      	BC          L_I2C_ReceiveInt21
;ProjetoFinal_PIC.c,139 :: 		intUnion.bytes[i] = I2C_ReceiveByte(1);  // 1 = ACK (confirmação)
0x034A	0x0EA0      	MOVLW       I2C_ReceiveInt_intUnion_L0
0x034C	0x25A2      	ADDWF       I2C_ReceiveInt_i_L0, 0, 1
0x034E	0x6FA4      	MOVWF       FLOC__I2C_ReceiveInt, 1
0x0350	0x0E00      	MOVLW       hi_addr(I2C_ReceiveInt_intUnion_L0)
0x0352	0x21A3      	ADDWFC      I2C_ReceiveInt_i_L0+1, 0, 1
0x0354	0x6FA5      	MOVWF       FLOC__I2C_ReceiveInt+1, 1
0x0356	0x0E01      	MOVLW       1
0x0358	0x6FA8      	MOVWF       FARG_I2C_ReceiveByte_ack, 1
0x035A	0xDEF2      	RCALL       _I2C_ReceiveByte
0x035C	0xFFE1C0A4  	MOVFF       FLOC__I2C_ReceiveInt, FSR1L
0x0360	0xFFE2C0A5  	MOVFF       FLOC__I2C_ReceiveInt+1, FSR1H
0x0364	0xFFE6C000  	MOVFF       R0, POSTINC1
;ProjetoFinal_PIC.c,138 :: 		for (i = 0; i < 2; i++) {
0x0368	0x0100      	MOVLB       0
0x036A	0x4BA2      	INFSNZ      I2C_ReceiveInt_i_L0, 1, 1
0x036C	0x2BA3      	INCF        I2C_ReceiveInt_i_L0+1, 1, 1
;ProjetoFinal_PIC.c,140 :: 		}
0x036E	0xD7E4      	BRA         L_I2C_ReceiveInt20
L_I2C_ReceiveInt21:
;ProjetoFinal_PIC.c,141 :: 		return intUnion.valor;
0x0370	0xF000C0A0  	MOVFF       I2C_ReceiveInt_intUnion_L0, R0
0x0374	0xF001C0A1  	MOVFF       I2C_ReceiveInt_intUnion_L0+1, R1
;ProjetoFinal_PIC.c,142 :: 		}
L_end_I2C_ReceiveInt:
0x0378	0x0012      	RETURN      0
; end of _I2C_ReceiveInt
___CC2DW:
;__Lib_System.c,21 :: 		
;__Lib_System.c,23 :: 		
_CC2DL_Loop1:
;__Lib_System.c,24 :: 		
0x037A	0x0009      	TBLRD*+
;__Lib_System.c,25 :: 		
0x037C	0xFFE6CFF5  	MOVFF       TABLAT, POSTINC1
;__Lib_System.c,26 :: 		
0x0380	0x0600      	DECF        R0, 1, 0
;__Lib_System.c,27 :: 		
0x0382	0xE1FB      	BNZ         _CC2DL_Loop1
;__Lib_System.c,28 :: 		
0x0384	0x0601      	DECF        R1, 1, 0
;__Lib_System.c,29 :: 		
0x0386	0xE1F9      	BNZ         _CC2DL_Loop1
;__Lib_System.c,31 :: 		
L_end___CC2DW:
0x0388	0x0012      	RETURN      0
; end of ___CC2DW
_PWM1_Start:
;__Lib_PWM_c21.c,53 :: 		
;__Lib_PWM_c21.c,54 :: 		
0x038A	0x9494      	BCF         TRISC2_bit, BitPos(TRISC2_bit+0) 
;__Lib_PWM_c21.c,55 :: 		
0x038C	0x84CA      	BSF         T2CON, 2 
;__Lib_PWM_c21.c,56 :: 		
0x038E	0x0E0C      	MOVLW       12
0x0390	0x12BD      	IORWF       CCP1CON, 1 
;__Lib_PWM_c21.c,57 :: 		
L_end_PWM1_Start:
0x0392	0x0012      	RETURN      0
; end of _PWM1_Start
_PWM1_Init:
;__Lib_PWM_c21.c,35 :: 		
;__Lib_PWM_c21.c,36 :: 		
;__Lib_PWM_c21.c,37 :: 		
0x0394	0x6ABE      	CLRF        CCPR1L 
;__Lib_PWM_c21.c,38 :: 		
0x0396	0x98BD      	BCF         CCP1CON, 4 
;__Lib_PWM_c21.c,39 :: 		
0x0398	0x9ABD      	BCF         CCP1CON, 5 
;__Lib_PWM_c21.c,40 :: 		
L_end_PWM1_Init:
0x039A	0x0012      	RETURN      0
; end of _PWM1_Init
_Lcd_Init:
;__Lib_Lcd.c,84 :: 		
;__Lib_Lcd.c,86 :: 		
0x039C	0x9296      	BCF         LCD_EN_Direction, BitPos(LCD_EN_Direction+0) 
;__Lib_Lcd.c,87 :: 		
0x039E	0x9496      	BCF         LCD_RS_Direction, BitPos(LCD_RS_Direction+0) 
;__Lib_Lcd.c,88 :: 		
0x03A0	0x9895      	BCF         LCD_D4_Direction, BitPos(LCD_D4_Direction+0) 
;__Lib_Lcd.c,89 :: 		
0x03A2	0x9A95      	BCF         LCD_D5_Direction, BitPos(LCD_D5_Direction+0) 
;__Lib_Lcd.c,90 :: 		
0x03A4	0x9C95      	BCF         LCD_D6_Direction, BitPos(LCD_D6_Direction+0) 
;__Lib_Lcd.c,91 :: 		
0x03A6	0x9E95      	BCF         LCD_D7_Direction, BitPos(LCD_D7_Direction+0) 
;__Lib_Lcd.c,93 :: 		
0x03A8	0x9284      	BCF         LCD_EN, BitPos(LCD_EN+0) 
;__Lib_Lcd.c,94 :: 		
0x03AA	0x9484      	BCF         LCD_RS, BitPos(LCD_RS+0) 
;__Lib_Lcd.c,95 :: 		
0x03AC	0x9E83      	BCF         LCD_D7, BitPos(LCD_D7+0) 
;__Lib_Lcd.c,96 :: 		
0x03AE	0x9C83      	BCF         LCD_D6, BitPos(LCD_D6+0) 
;__Lib_Lcd.c,97 :: 		
0x03B0	0x9A83      	BCF         LCD_D5, BitPos(LCD_D5+0) 
;__Lib_Lcd.c,98 :: 		
0x03B2	0x9883      	BCF         LCD_D4, BitPos(LCD_D4+0) 
;__Lib_Lcd.c,100 :: 		
0x03B4	0xDEA9      	RCALL       _Delay_5500us
;__Lib_Lcd.c,101 :: 		
0x03B6	0xDEA8      	RCALL       _Delay_5500us
;__Lib_Lcd.c,102 :: 		
0x03B8	0xDEA7      	RCALL       _Delay_5500us
;__Lib_Lcd.c,105 :: 		
0x03BA	0x8A83      	BSF         LCD_D5, BitPos(LCD_D5+0) 
;__Lib_Lcd.c,106 :: 		
0x03BC	0x8883      	BSF         LCD_D4, BitPos(LCD_D4+0) 
;__Lib_Lcd.c,107 :: 		
0x03BE	0x8284      	BSF         LCD_EN, BitPos(LCD_EN+0) 
;__Lib_Lcd.c,108 :: 		
0x03C0	0xDE9B      	RCALL       _Delay_1us
;__Lib_Lcd.c,109 :: 		
0x03C2	0x9284      	BCF         LCD_EN, BitPos(LCD_EN+0) 
;__Lib_Lcd.c,110 :: 		
0x03C4	0xDEA1      	RCALL       _Delay_5500us
;__Lib_Lcd.c,112 :: 		
0x03C6	0x8284      	BSF         LCD_EN, BitPos(LCD_EN+0) 
;__Lib_Lcd.c,113 :: 		
0x03C8	0xDE97      	RCALL       _Delay_1us
;__Lib_Lcd.c,114 :: 		
0x03CA	0x9284      	BCF         LCD_EN, BitPos(LCD_EN+0) 
;__Lib_Lcd.c,115 :: 		
0x03CC	0xDE9D      	RCALL       _Delay_5500us
;__Lib_Lcd.c,117 :: 		
0x03CE	0x8284      	BSF         LCD_EN, BitPos(LCD_EN+0) 
;__Lib_Lcd.c,118 :: 		
0x03D0	0xDE93      	RCALL       _Delay_1us
;__Lib_Lcd.c,119 :: 		
0x03D2	0x9284      	BCF         LCD_EN, BitPos(LCD_EN+0) 
;__Lib_Lcd.c,120 :: 		
0x03D4	0xDE99      	RCALL       _Delay_5500us
;__Lib_Lcd.c,123 :: 		
0x03D6	0x9883      	BCF         LCD_D4, BitPos(LCD_D4+0) 
;__Lib_Lcd.c,124 :: 		
0x03D8	0x8284      	BSF         LCD_EN, BitPos(LCD_EN+0) 
;__Lib_Lcd.c,125 :: 		
0x03DA	0xDE8E      	RCALL       _Delay_1us
;__Lib_Lcd.c,126 :: 		
0x03DC	0x9284      	BCF         LCD_EN, BitPos(LCD_EN+0) 
;__Lib_Lcd.c,127 :: 		
0x03DE	0xDE94      	RCALL       _Delay_5500us
;__Lib_Lcd.c,130 :: 		
0x03E0	0x8284      	BSF         LCD_EN, BitPos(LCD_EN+0) 
;__Lib_Lcd.c,131 :: 		
0x03E2	0xDE8A      	RCALL       _Delay_1us
;__Lib_Lcd.c,132 :: 		
0x03E4	0x9284      	BCF         LCD_EN, BitPos(LCD_EN+0) 
;__Lib_Lcd.c,134 :: 		
0x03E6	0x9A83      	BCF         LCD_D5, BitPos(LCD_D5+0) 
;__Lib_Lcd.c,135 :: 		
0x03E8	0x8E83      	BSF         LCD_D7, BitPos(LCD_D7+0) 
;__Lib_Lcd.c,136 :: 		
0x03EA	0x8284      	BSF         LCD_EN, BitPos(LCD_EN+0) 
;__Lib_Lcd.c,137 :: 		
0x03EC	0xDE85      	RCALL       _Delay_1us
;__Lib_Lcd.c,138 :: 		
0x03EE	0x9284      	BCF         LCD_EN, BitPos(LCD_EN+0) 
;__Lib_Lcd.c,139 :: 		
0x03F0	0xDE8B      	RCALL       _Delay_5500us
;__Lib_Lcd.c,142 :: 		
0x03F2	0x9E83      	BCF         LCD_D7, BitPos(LCD_D7+0) 
;__Lib_Lcd.c,143 :: 		
0x03F4	0x8883      	BSF         LCD_D4, BitPos(LCD_D4+0) 
;__Lib_Lcd.c,144 :: 		
0x03F6	0x8284      	BSF         LCD_EN, BitPos(LCD_EN+0) 
;__Lib_Lcd.c,145 :: 		
0x03F8	0xDE7F      	RCALL       _Delay_1us
;__Lib_Lcd.c,146 :: 		
0x03FA	0x9284      	BCF         LCD_EN, BitPos(LCD_EN+0) 
;__Lib_Lcd.c,148 :: 		
0x03FC	0x9883      	BCF         LCD_D4, BitPos(LCD_D4+0) 
;__Lib_Lcd.c,149 :: 		
0x03FE	0x8284      	BSF         LCD_EN, BitPos(LCD_EN+0) 
;__Lib_Lcd.c,150 :: 		
0x0400	0xDE7B      	RCALL       _Delay_1us
;__Lib_Lcd.c,151 :: 		
0x0402	0x9284      	BCF         LCD_EN, BitPos(LCD_EN+0) 
;__Lib_Lcd.c,152 :: 		
0x0404	0xDE81      	RCALL       _Delay_5500us
;__Lib_Lcd.c,155 :: 		
0x0406	0x8284      	BSF         LCD_EN, BitPos(LCD_EN+0) 
;__Lib_Lcd.c,156 :: 		
0x0408	0xDE77      	RCALL       _Delay_1us
;__Lib_Lcd.c,157 :: 		
0x040A	0x9284      	BCF         LCD_EN, BitPos(LCD_EN+0) 
;__Lib_Lcd.c,159 :: 		
0x040C	0x8883      	BSF         LCD_D4, BitPos(LCD_D4+0) 
;__Lib_Lcd.c,160 :: 		
0x040E	0x8284      	BSF         LCD_EN, BitPos(LCD_EN+0) 
;__Lib_Lcd.c,161 :: 		
0x0410	0xDE73      	RCALL       _Delay_1us
;__Lib_Lcd.c,162 :: 		
0x0412	0x9284      	BCF         LCD_EN, BitPos(LCD_EN+0) 
;__Lib_Lcd.c,163 :: 		
0x0414	0xDE79      	RCALL       _Delay_5500us
;__Lib_Lcd.c,166 :: 		
0x0416	0x9883      	BCF         LCD_D4, BitPos(LCD_D4+0) 
;__Lib_Lcd.c,167 :: 		
0x0418	0x8284      	BSF         LCD_EN, BitPos(LCD_EN+0) 
;__Lib_Lcd.c,168 :: 		
0x041A	0xDE6E      	RCALL       _Delay_1us
;__Lib_Lcd.c,169 :: 		
0x041C	0x9284      	BCF         LCD_EN, BitPos(LCD_EN+0) 
;__Lib_Lcd.c,171 :: 		
0x041E	0x8E83      	BSF         LCD_D7, BitPos(LCD_D7+0) 
;__Lib_Lcd.c,172 :: 		
0x0420	0x8C83      	BSF         LCD_D6, BitPos(LCD_D6+0) 
;__Lib_Lcd.c,173 :: 		
0x0422	0x8A83      	BSF         LCD_D5, BitPos(LCD_D5+0) 
;__Lib_Lcd.c,174 :: 		
0x0424	0x8883      	BSF         LCD_D4, BitPos(LCD_D4+0) 
;__Lib_Lcd.c,175 :: 		
0x0426	0x8284      	BSF         LCD_EN, BitPos(LCD_EN+0) 
;__Lib_Lcd.c,176 :: 		
0x0428	0xDE67      	RCALL       _Delay_1us
;__Lib_Lcd.c,177 :: 		
0x042A	0x9284      	BCF         LCD_EN, BitPos(LCD_EN+0) 
;__Lib_Lcd.c,179 :: 		
0x042C	0xDE6D      	RCALL       _Delay_5500us
;__Lib_Lcd.c,181 :: 		
0x042E	0x807F      	BSF         __Lib_Lcd_cmd_status, BitPos(__Lib_Lcd_cmd_status+0) 
;__Lib_Lcd.c,182 :: 		
L_end_Lcd_Init:
0x0430	0x0012      	RETURN      0
; end of _Lcd_Init
_I2C1_Is_Idle:
;__Lib_I2C_c34.c,31 :: 		
;__Lib_I2C_c34.c,32 :: 		
0x0432	0xB4C7      	BTFSC       SSPSTAT, 2 
0x0434	0xD009      	BRA         L_I2C1_Is_Idle0
;__Lib_I2C_c34.c,33 :: 		
0x0436	0x0E1F      	MOVLW       31
0x0438	0x14C5      	ANDWF       SSPCON2, 0 
0x043A	0x6E01      	MOVWF       R1 
0x043C	0x5001      	MOVF        R1, 0 
0x043E	0x0A00      	XORLW       0
0x0440	0xE103      	BNZ         L_I2C1_Is_Idle1
;__Lib_I2C_c34.c,34 :: 		
0x0442	0x0E01      	MOVLW       1
0x0444	0x6E00      	MOVWF       R0 
0x0446	0xD001      	BRA         L_end_I2C1_Is_Idle
L_I2C1_Is_Idle1:
L_I2C1_Is_Idle0:
;__Lib_I2C_c34.c,35 :: 		
0x0448	0x6A00      	CLRF        R0 
;__Lib_I2C_c34.c,36 :: 		
L_end_I2C1_Is_Idle:
0x044A	0x0012      	RETURN      0
; end of _I2C1_Is_Idle
_I2C1_Init:
;__Lib_I2C_c34.c,188 :: 		
;__Lib_I2C_c34.c,190 :: 		
0x044C	0x0E32      	MOVLW       _I2C1_Is_Idle
0x044E	0x0100      	MOVLB       0
0x0450	0x6F8D      	MOVWF       _I2C_Is_Idle_Ptr, 1
0x0452	0x0E04      	MOVLW       hi_addr(_I2C1_Is_Idle)
0x0454	0x6F8E      	MOVWF       _I2C_Is_Idle_Ptr+1, 1
0x0456	0x0E00      	MOVLW       0
0x0458	0x6F8F      	MOVWF       _I2C_Is_Idle_Ptr+2, 1
0x045A	0x0E00      	MOVLW       0
0x045C	0x6F90      	MOVWF       _I2C_Is_Idle_Ptr+3, 1
;__Lib_I2C_c34.c,191 :: 		
0x045E	0x0EFF      	MOVLW       _I2C1_Start
0x0460	0x6F89      	MOVWF       _I2C_Start_Ptr, 1
0x0462	0x0EFF      	MOVLW       hi_addr(_I2C1_Start)
0x0464	0x6F8A      	MOVWF       _I2C_Start_Ptr+1, 1
0x0466	0x0E00      	MOVLW       0
0x0468	0x6F8B      	MOVWF       _I2C_Start_Ptr+2, 1
0x046A	0x0E00      	MOVLW       0
0x046C	0x6F8C      	MOVWF       _I2C_Start_Ptr+3, 1
;__Lib_I2C_c34.c,192 :: 		
0x046E	0x0EFF      	MOVLW       _I2C1_Repeated_Start
0x0470	0x6E7B      	MOVWF       _I2C_Restart_Ptr 
0x0472	0x0EFF      	MOVLW       hi_addr(_I2C1_Repeated_Start)
0x0474	0x6E7C      	MOVWF       _I2C_Restart_Ptr+1 
0x0476	0x0E00      	MOVLW       0
0x0478	0x6E7D      	MOVWF       _I2C_Restart_Ptr+2 
0x047A	0x0E00      	MOVLW       0
0x047C	0x6E7E      	MOVWF       _I2C_Restart_Ptr+3 
;__Lib_I2C_c34.c,193 :: 		
0x047E	0x0E34      	MOVLW       _I2C1_Rd
0x0480	0x6E77      	MOVWF       _I2C_Read_Ptr 
0x0482	0x0E00      	MOVLW       hi_addr(_I2C1_Rd)
0x0484	0x6E78      	MOVWF       _I2C_Read_Ptr+1 
0x0486	0x0EA9      	MOVLW       FARG_I2C1_Rd_ack
0x0488	0x6E79      	MOVWF       _I2C_Read_Ptr+2 
0x048A	0x0E00      	MOVLW       hi_addr(FARG_I2C1_Rd_ack)
0x048C	0x6E7A      	MOVWF       _I2C_Read_Ptr+3 
;__Lib_I2C_c34.c,194 :: 		
0x048E	0x0EFF      	MOVLW       _I2C1_Wr
0x0490	0x6F81      	MOVWF       _I2C_Write_Ptr, 1
0x0492	0x0EFF      	MOVLW       hi_addr(_I2C1_Wr)
0x0494	0x6F82      	MOVWF       _I2C_Write_Ptr+1, 1
0x0496	0x0EFF      	MOVLW       FARG_I2C1_Wr_data_
0x0498	0x6F83      	MOVWF       _I2C_Write_Ptr+2, 1
0x049A	0x0EFF      	MOVLW       hi_addr(FARG_I2C1_Wr_data_)
0x049C	0x6F84      	MOVWF       _I2C_Write_Ptr+3, 1
;__Lib_I2C_c34.c,195 :: 		
0x049E	0x0EFF      	MOVLW       _I2C1_Stop
0x04A0	0x6F85      	MOVWF       _I2C_Stop_Ptr, 1
0x04A2	0x0EFF      	MOVLW       hi_addr(_I2C1_Stop)
0x04A4	0x6F86      	MOVWF       _I2C_Stop_Ptr+1, 1
0x04A6	0x0E00      	MOVLW       0
0x04A8	0x6F87      	MOVWF       _I2C_Stop_Ptr+2, 1
0x04AA	0x0E00      	MOVLW       0
0x04AC	0x6F88      	MOVWF       _I2C_Stop_Ptr+3, 1
;__Lib_I2C_c34.c,203 :: 		
0x04AE	0x9894      	BCF         TRISC4_bit, BitPos(TRISC4_bit+0) 
;__Lib_I2C_c34.c,204 :: 		
0x04B0	0x9694      	BCF         TRISC3_bit, BitPos(TRISC3_bit+0) 
;__Lib_I2C_c34.c,207 :: 		
0x04B2	0x988B      	BCF         LATC4_bit, BitPos(LATC4_bit+0) 
;__Lib_I2C_c34.c,208 :: 		
0x04B4	0x968B      	BCF         LATC3_bit, BitPos(LATC3_bit+0) 
;__Lib_I2C_c34.c,211 :: 		
0x04B6	0x8894      	BSF         TRISC4_bit, BitPos(TRISC4_bit+0) 
;__Lib_I2C_c34.c,212 :: 		
0x04B8	0x8694      	BSF         TRISC3_bit, BitPos(TRISC3_bit+0) 
;__Lib_I2C_c34.c,214 :: 		
0x04BA	0x9EC7      	BCF         SSPSTAT, 7 
;__Lib_I2C_c34.c,215 :: 		
0x04BC	0x9CC7      	BCF         SSPSTAT, 6 
;__Lib_I2C_c34.c,216 :: 		
0x04BE	0x0E38      	MOVLW       56
0x04C0	0x6EC6      	MOVWF       SSPCON1 
;__Lib_I2C_c34.c,219 :: 		
L_end_I2C1_Init:
0x04C2	0x0012      	RETURN      0
; end of _I2C1_Init
_receberDados:
;ProjetoFinal_PIC.c,145 :: 		void receberDados() {
;ProjetoFinal_PIC.c,147 :: 		flagCooler = I2C_ReceiveByte(1);  // 1 = ACK (confirmação)
0x04C4	0x0E01      	MOVLW       1
0x04C6	0x0100      	MOVLB       0
0x04C8	0x6FA8      	MOVWF       FARG_I2C_ReceiveByte_ack, 1
0x04CA	0xDE3A      	RCALL       _I2C_ReceiveByte
0x04CC	0xF058C000  	MOVFF       R0, _flagCooler
0x04D0	0x0E00      	MOVLW       0
0x04D2	0x6E59      	MOVWF       _flagCooler+1 
;ProjetoFinal_PIC.c,150 :: 		valorTemp = I2C_ReceiveFloat();
0x04D4	0xDEF2      	RCALL       _I2C_ReceiveFloat
0x04D6	0xF054C000  	MOVFF       R0, _valorTemp
0x04DA	0xF055C001  	MOVFF       R1, _valorTemp+1
0x04DE	0xF056C002  	MOVFF       R2, _valorTemp+2
0x04E2	0xF057C003  	MOVFF       R3, _valorTemp+3
;ProjetoFinal_PIC.c,151 :: 		valorPressure = I2C_ReceiveFloat();
0x04E6	0xDEE9      	RCALL       _I2C_ReceiveFloat
0x04E8	0xF05AC000  	MOVFF       R0, _valorPressure
0x04EC	0xF05BC001  	MOVFF       R1, _valorPressure+1
0x04F0	0xF05CC002  	MOVFF       R2, _valorPressure+2
0x04F4	0xF05DC003  	MOVFF       R3, _valorPressure+3
;ProjetoFinal_PIC.c,152 :: 		valorAltitude = I2C_ReceiveFloat();
0x04F8	0xDEE0      	RCALL       _I2C_ReceiveFloat
0x04FA	0xF060C000  	MOVFF       R0, _valorAltitude
0x04FE	0xF061C001  	MOVFF       R1, _valorAltitude+1
0x0502	0xF062C002  	MOVFF       R2, _valorAltitude+2
0x0506	0xF063C003  	MOVFF       R3, _valorAltitude+3
;ProjetoFinal_PIC.c,155 :: 		valorUmidade = I2C_ReceiveInt();
0x050A	0xDF13      	RCALL       _I2C_ReceiveInt
0x050C	0xF05EC000  	MOVFF       R0, _valorUmidade
0x0510	0xF05FC001  	MOVFF       R1, _valorUmidade+1
;ProjetoFinal_PIC.c,158 :: 		I2C_ReceiveByte(0);  // 0 = NACK (finaliza a leitura)
0x0514	0x6BA8      	CLRF        FARG_I2C_ReceiveByte_ack, 1
0x0516	0xDE14      	RCALL       _I2C_ReceiveByte
;ProjetoFinal_PIC.c,159 :: 		}
L_end_receberDados:
0x0518	0x0012      	RETURN      0
; end of _receberDados
_double2word:
;__Lib_MathDouble.c,2023 :: 		
;__Lib_MathDouble.c,2032 :: 		
0x051A	0x6A0B      	CLRF        R11, 0
;__Lib_MathDouble.c,2033 :: 		
0x051C	0x6A0C      	CLRF        R12, 0
;__Lib_MathDouble.c,2034 :: 		
0x051E	0x6A0A      	CLRF        R10, 0
;__Lib_MathDouble.c,2036 :: 		
0x0520	0x5003      	MOVF        R3, 0, 0
;__Lib_MathDouble.c,2037 :: 		
0x0522	0xB4D8      	BTFSC       STATUS, 2, 0
;__Lib_MathDouble.c,2038 :: 		
0x0524	0xF002EFD7  	GOTO        IRES016U
;__Lib_MathDouble.c,2040 :: 		
0x0528	0x8E02      	BSF         R2, 7, 0
;__Lib_MathDouble.c,2042 :: 		
0x052A	0x0E8E      	MOVLW       142
;__Lib_MathDouble.c,2043 :: 		
0x052C	0x5E03      	SUBWF       R3, 1, 0
;__Lib_MathDouble.c,2044 :: 		
0x052E	0xBE03      	BTFSC       R3, 7, 0
;__Lib_MathDouble.c,2045 :: 		
0x0530	0xF002EF9F  	GOTO        SETEXP16U
;__Lib_MathDouble.c,2046 :: 		
0x0534	0xB4D8      	BTFSC       STATUS, 2, 0
;__Lib_MathDouble.c,2047 :: 		
0x0536	0xF002EF9F  	GOTO        SETEXP16U
;__Lib_MathDouble.c,2048 :: 		
0x053A	0xF002EFDB  	GOTO        SETIOV16U
;__Lib_MathDouble.c,2049 :: 		
SETEXP16U:
;__Lib_MathDouble.c,2050 :: 		
0x053E	0x6C03      	NEGF        R3, 0
;__Lib_MathDouble.c,2052 :: 		
0x0540	0x0E08      	MOVLW       8
;__Lib_MathDouble.c,2053 :: 		
0x0542	0x5C03      	SUBWF       R3, 0, 0
;__Lib_MathDouble.c,2054 :: 		
0x0544	0xA0D8      	BTFSS       STATUS, 0, 0
;__Lib_MathDouble.c,2055 :: 		
0x0546	0xF002EFB6  	GOTO        TSHIFT3216U
;__Lib_MathDouble.c,2056 :: 		
0x054A	0x6E03      	MOVWF       R3, 0
;__Lib_MathDouble.c,2057 :: 		
0x054C	0x3601      	RLCF        R1, 1, 0
;__Lib_MathDouble.c,2058 :: 		
0x054E	0xF001C002  	MOVFF       R2, R1
;__Lib_MathDouble.c,2059 :: 		
0x0552	0x6A02      	CLRF        R2, 0
;__Lib_MathDouble.c,2061 :: 		
0x0554	0x0E08      	MOVLW       8
;__Lib_MathDouble.c,2062 :: 		
0x0556	0x5C03      	SUBWF       R3, 0, 0
;__Lib_MathDouble.c,2063 :: 		
0x0558	0xA0D8      	BTFSS       STATUS, 0, 0
;__Lib_MathDouble.c,2064 :: 		
0x055A	0xF002EFB6  	GOTO        TSHIFT3216U
;__Lib_MathDouble.c,2065 :: 		
0x055E	0x3601      	RLCF        R1, 1, 0
;__Lib_MathDouble.c,2066 :: 		
0x0560	0x6A01      	CLRF        R1, 0
;__Lib_MathDouble.c,2068 :: 		
0x0562	0x5003      	MOVF        R3, 0, 0
;__Lib_MathDouble.c,2069 :: 		
0x0564	0xA4D8      	BTFSS       STATUS, 2, 0
;__Lib_MathDouble.c,2070 :: 		
0x0566	0x90D8      	BCF         STATUS, 0, 0
;__Lib_MathDouble.c,2071 :: 		
0x0568	0xF002EFC0  	GOTO        SHIFT3216UOK
;__Lib_MathDouble.c,2072 :: 		
TSHIFT3216U:
;__Lib_MathDouble.c,2073 :: 		
0x056C	0x5003      	MOVF        R3, 0, 0
;__Lib_MathDouble.c,2074 :: 		
0x056E	0xB4D8      	BTFSC       STATUS, 2, 0
;__Lib_MathDouble.c,2075 :: 		
0x0570	0xF002EFC0  	GOTO        SHIFT3216UOK
;__Lib_MathDouble.c,2076 :: 		
SHIFT3216U:
;__Lib_MathDouble.c,2077 :: 		
0x0574	0x90D8      	BCF         STATUS, 0, 0
;__Lib_MathDouble.c,2078 :: 		
0x0576	0x3202      	RRCF        R2, 1, 0
;__Lib_MathDouble.c,2079 :: 		
0x0578	0x3201      	RRCF        R1, 1, 0
;__Lib_MathDouble.c,2080 :: 		
0x057A	0x2E03      	DECFSZ      R3, 1, 0
;__Lib_MathDouble.c,2081 :: 		
0x057C	0xF002EFBA  	GOTO        SHIFT3216U
;__Lib_MathDouble.c,2082 :: 		
SHIFT3216UOK:
;__Lib_MathDouble.c,2083 :: 		
0x0580	0xBC0B      	BTFSC       R11, 6, 0
;__Lib_MathDouble.c,2084 :: 		
0x0582	0xA001      	BTFSS       R1, 0, 0
;__Lib_MathDouble.c,2085 :: 		
0x0584	0xF002EFCD  	GOTO        INT3216UOK
;__Lib_MathDouble.c,2086 :: 		
0x0588	0xA0D8      	BTFSS       STATUS, 0, 0
;__Lib_MathDouble.c,2087 :: 		
0x058A	0xF002EFCD  	GOTO        INT3216UOK
;__Lib_MathDouble.c,2088 :: 		
0x058E	0x2A01      	INCF        R1, 1, 0
;__Lib_MathDouble.c,2089 :: 		
0x0590	0xB4D8      	BTFSC       STATUS, 2, 0
;__Lib_MathDouble.c,2090 :: 		
0x0592	0x2A02      	INCF        R2, 1, 0
;__Lib_MathDouble.c,2091 :: 		
0x0594	0xBE02      	BTFSC       R2, 7, 0
;__Lib_MathDouble.c,2092 :: 		
0x0596	0xF002EFEA  	GOTO        JPKSETIOV3224
;__Lib_MathDouble.c,2093 :: 		
INT3216UOK:
;__Lib_MathDouble.c,2094 :: 		
0x059A	0xAE0A      	BTFSS       R10, 7, 0
;__Lib_MathDouble.c,2095 :: 		
0x059C	0xF002EFEF  	GOTO        INT3216UEOK
;__Lib_MathDouble.c,2097 :: 		
0x05A0	0x1E02      	COMF        R2, 1, 0
;__Lib_MathDouble.c,2098 :: 		
0x05A2	0x1E01      	COMF        R1, 1, 0
;__Lib_MathDouble.c,2099 :: 		
0x05A4	0x2A01      	INCF        R1, 1, 0
;__Lib_MathDouble.c,2100 :: 		
0x05A6	0xB4D8      	BTFSC       STATUS, 2, 0
;__Lib_MathDouble.c,2101 :: 		
0x05A8	0x2A02      	INCF        R2, 1, 0
;__Lib_MathDouble.c,2102 :: 		
0x05AA	0xF002EFEF  	GOTO        INT3216UEOK
;__Lib_MathDouble.c,2104 :: 		
IRES016U:
;__Lib_MathDouble.c,2105 :: 		
0x05AE	0x6A02      	CLRF        R2, 0
;__Lib_MathDouble.c,2106 :: 		
0x05B0	0x6A01      	CLRF        R1, 0
;__Lib_MathDouble.c,2107 :: 		
0x05B2	0xF002EFEF  	GOTO        INT3216UEOK
;__Lib_MathDouble.c,2108 :: 		
SETIOV16U:
;__Lib_MathDouble.c,2109 :: 		
0x05B6	0x800B      	BSF         R11, 0, 0
;__Lib_MathDouble.c,2110 :: 		
0x05B8	0xAE0B      	BTFSS       R11, 7, 0
;__Lib_MathDouble.c,2111 :: 		
0x05BA	0xF002EFF3  	GOTO        INT3216UEER
;__Lib_MathDouble.c,2113 :: 		
0x05BE	0x6A02      	CLRF        R2, 0
;__Lib_MathDouble.c,2114 :: 		
0x05C0	0xAE0A      	BTFSS       R10, 7, 0
;__Lib_MathDouble.c,2115 :: 		
0x05C2	0xF002EFF3  	GOTO        INT3216UEER
;__Lib_MathDouble.c,2116 :: 		
0x05C6	0x0EFF      	MOVLW       255
;__Lib_MathDouble.c,2117 :: 		
0x05C8	0x6E02      	MOVWF       R2, 0
;__Lib_MathDouble.c,2118 :: 		
0x05CA	0x6E01      	MOVWF       R1, 0
;__Lib_MathDouble.c,2119 :: 		
0x05CC	0x360A      	RLCF        R10, 1, 0
;__Lib_MathDouble.c,2120 :: 		
0x05CE	0x3202      	RRCF        R2, 1, 0
;__Lib_MathDouble.c,2121 :: 		
0x05D0	0xF002EFF3  	GOTO        INT3216UEER
;__Lib_MathDouble.c,2123 :: 		
JPKSETIOV3224:
;__Lib_MathDouble.c,2124 :: 		
0x05D4	0x0E01      	MOVLW       1
;__Lib_MathDouble.c,2125 :: 		
0x05D6	0x6E0C      	MOVWF       R12, 0
;__Lib_MathDouble.c,2127 :: 		
0x05D8	0xDE98      	RCALL       _SETIOV3224
;__Lib_MathDouble.c,2129 :: 		
0x05DA	0xF002EFF5  	GOTO        INT3216UEEE
;__Lib_MathDouble.c,2130 :: 		
INT3216UEOK:
;__Lib_MathDouble.c,2131 :: 		
0x05DE	0x0E00      	MOVLW       0
;__Lib_MathDouble.c,2132 :: 		
0x05E0	0x6E0C      	MOVWF       R12, 0
;__Lib_MathDouble.c,2133 :: 		
0x05E2	0xF002EFF5  	GOTO        INT3216UEEE
;__Lib_MathDouble.c,2134 :: 		
INT3216UEER:
;__Lib_MathDouble.c,2135 :: 		
0x05E6	0x0EFF      	MOVLW       255
;__Lib_MathDouble.c,2136 :: 		
0x05E8	0x6E0C      	MOVWF       R12, 0
;__Lib_MathDouble.c,2137 :: 		
INT3216UEEE:
;__Lib_MathDouble.c,2138 :: 		
0x05EA	0x5001      	MOVF        R1, 0, 0
;__Lib_MathDouble.c,2139 :: 		
0x05EC	0x6E00      	MOVWF       R0, 0
;__Lib_MathDouble.c,2140 :: 		
0x05EE	0x5002      	MOVF        R2, 0, 0
;__Lib_MathDouble.c,2141 :: 		
0x05F0	0x6E01      	MOVWF       R1, 0
;__Lib_MathDouble.c,2146 :: 		
L_end_double2word:
0x05F2	0x0012      	RETURN      0
; end of _double2word
_PWM1_Set_Duty:
;__Lib_PWM_c21.c,42 :: 		
;__Lib_PWM_c21.c,46 :: 		
0x05F4	0x50CB      	MOVF        PR2, 0 
0x05F6	0x0F01      	ADDLW       1
0x05F8	0x6E00      	MOVWF       R0 
0x05FA	0x6A01      	CLRF        R1 
0x05FC	0x0E00      	MOVLW       0
0x05FE	0x2201      	ADDWFC      R1, 1 
0x0600	0xF004C09B  	MOVFF       FARG_PWM1_Set_Duty_new_duty, R4
0x0604	0x0E00      	MOVLW       0
0x0606	0x6E05      	MOVWF       R5 
0x0608	0xDDEB      	RCALL       _Mul_16X16_U
0x060A	0x0E06      	MOVLW       6
0x060C	0x6E02      	MOVWF       R2 
0x060E	0xF004C000  	MOVFF       R0, R4
0x0612	0xF005C001  	MOVFF       R1, R5
0x0616	0x5002      	MOVF        R2, 0 
L__PWM1_Set_Duty10:
0x0618	0xE005      	BZ          L__PWM1_Set_Duty11
0x061A	0x3205      	RRCF        R5, 1 
0x061C	0x3204      	RRCF        R4, 1 
0x061E	0x9E05      	BCF         R5, 7 
0x0620	0x0FFF      	ADDLW       255
0x0622	0xD7FA      	BRA         L__PWM1_Set_Duty10
L__PWM1_Set_Duty11:
;__Lib_PWM_c21.c,47 :: 		
0x0624	0x0E04      	MOVLW       4
0x0626	0x6E01      	MOVWF       R1 
0x0628	0xF000C004  	MOVFF       R4, R0
0x062C	0x5001      	MOVF        R1, 0 
L__PWM1_Set_Duty12:
0x062E	0xE004      	BZ          L__PWM1_Set_Duty13
0x0630	0x3600      	RLCF        R0, 1 
0x0632	0x9000      	BCF         R0, 0 
0x0634	0x0FFF      	ADDLW       255
0x0636	0xD7FB      	BRA         L__PWM1_Set_Duty12
L__PWM1_Set_Duty13:
0x0638	0x0E30      	MOVLW       48
0x063A	0x1400      	ANDWF       R0, 0 
0x063C	0x6E03      	MOVWF       R3 
;__Lib_PWM_c21.c,48 :: 		
0x063E	0xF000C004  	MOVFF       R4, R0
0x0642	0xF001C005  	MOVFF       R5, R1
0x0646	0x3201      	RRCF        R1, 1 
0x0648	0x3200      	RRCF        R0, 1 
0x064A	0x9E01      	BCF         R1, 7 
0x064C	0x3201      	RRCF        R1, 1 
0x064E	0x3200      	RRCF        R0, 1 
0x0650	0x9E01      	BCF         R1, 7 
0x0652	0xFFBEC000  	MOVFF       R0, CCPR1L
;__Lib_PWM_c21.c,49 :: 		
0x0656	0x0E0F      	MOVLW       15
0x0658	0x16BD      	ANDWF       CCP1CON, 1 
;__Lib_PWM_c21.c,50 :: 		
0x065A	0x5003      	MOVF        R3, 0 
0x065C	0x12BD      	IORWF       CCP1CON, 1 
;__Lib_PWM_c21.c,51 :: 		
L_end_PWM1_Set_Duty:
0x065E	0x0012      	RETURN      0
; end of _PWM1_Set_Duty
_Lcd_Out:
;__Lib_Lcd.c,184 :: 		
;__Lib_Lcd.c,187 :: 		
0x0660	0xD010      	BRA         L_Lcd_Out11
;__Lib_Lcd.c,188 :: 		
L_Lcd_Out13:
0x0662	0x0E80      	MOVLW       128
0x0664	0x0100      	MOVLB       0
0x0666	0x6F9B      	MOVWF       FARG_Lcd_Out_row, 1
0x0668	0xD01A      	BRA         L_Lcd_Out12
;__Lib_Lcd.c,189 :: 		
L_Lcd_Out14:
0x066A	0x0EC0      	MOVLW       192
0x066C	0x6F9B      	MOVWF       FARG_Lcd_Out_row, 1
0x066E	0xD017      	BRA         L_Lcd_Out12
;__Lib_Lcd.c,190 :: 		
L_Lcd_Out15:
0x0670	0x0E94      	MOVLW       148
0x0672	0x6F9B      	MOVWF       FARG_Lcd_Out_row, 1
0x0674	0xD014      	BRA         L_Lcd_Out12
;__Lib_Lcd.c,191 :: 		
L_Lcd_Out16:
0x0676	0x0ED4      	MOVLW       212
0x0678	0x6F9B      	MOVWF       FARG_Lcd_Out_row, 1
0x067A	0xD011      	BRA         L_Lcd_Out12
;__Lib_Lcd.c,192 :: 		
L_Lcd_Out17:
0x067C	0x0E80      	MOVLW       128
0x067E	0x6F9B      	MOVWF       FARG_Lcd_Out_row, 1
;__Lib_Lcd.c,193 :: 		
0x0680	0xD00E      	BRA         L_Lcd_Out12
L_Lcd_Out11:
0x0682	0x0100      	MOVLB       0
0x0684	0x519B      	MOVF        FARG_Lcd_Out_row, 0, 1
0x0686	0x0A01      	XORLW       1
0x0688	0xE0EC      	BZ          L_Lcd_Out13
0x068A	0x519B      	MOVF        FARG_Lcd_Out_row, 0, 1
0x068C	0x0A02      	XORLW       2
0x068E	0xE0ED      	BZ          L_Lcd_Out14
0x0690	0x519B      	MOVF        FARG_Lcd_Out_row, 0, 1
0x0692	0x0A03      	XORLW       3
0x0694	0xE0ED      	BZ          L_Lcd_Out15
0x0696	0x519B      	MOVF        FARG_Lcd_Out_row, 0, 1
0x0698	0x0A04      	XORLW       4
0x069A	0xE0ED      	BZ          L_Lcd_Out16
0x069C	0xD7EF      	BRA         L_Lcd_Out17
L_Lcd_Out12:
;__Lib_Lcd.c,194 :: 		
0x069E	0x059C      	DECF        FARG_Lcd_Out_column, 0, 1
0x06A0	0x6E00      	MOVWF       R0 
0x06A2	0x519B      	MOVF        FARG_Lcd_Out_row, 0, 1
0x06A4	0x2600      	ADDWF       R0, 1 
0x06A6	0xF09BC000  	MOVFF       R0, FARG_Lcd_Out_row
;__Lib_Lcd.c,196 :: 		
0x06AA	0xF0A8C000  	MOVFF       R0, FARG_Lcd_Cmd_out_char
0x06AE	0xDD53      	RCALL       _Lcd_Cmd
;__Lib_Lcd.c,197 :: 		
0x06B0	0x907F      	BCF         __Lib_Lcd_cmd_status, BitPos(__Lib_Lcd_cmd_status+0) 
;__Lib_Lcd.c,198 :: 		
0x06B2	0x6B9F      	CLRF        Lcd_Out_i_L0, 1
;__Lib_Lcd.c,199 :: 		
L_Lcd_Out18:
0x06B4	0x519F      	MOVF        Lcd_Out_i_L0, 0, 1
0x06B6	0x259D      	ADDWF       FARG_Lcd_Out_text, 0, 1
0x06B8	0x6EE9      	MOVWF       FSR0L 
0x06BA	0x0E00      	MOVLW       0
0x06BC	0x219E      	ADDWFC      FARG_Lcd_Out_text+1, 0, 1
0x06BE	0x6EEA      	MOVWF       FSR0L+1 
0x06C0	0x52EE      	MOVF        POSTINC0, 1 
0x06C2	0xE00B      	BZ          L_Lcd_Out19
;__Lib_Lcd.c,200 :: 		
0x06C4	0x519F      	MOVF        Lcd_Out_i_L0, 0, 1
0x06C6	0x259D      	ADDWF       FARG_Lcd_Out_text, 0, 1
0x06C8	0x6EE9      	MOVWF       FSR0L 
0x06CA	0x0E00      	MOVLW       0
0x06CC	0x219E      	ADDWFC      FARG_Lcd_Out_text+1, 0, 1
0x06CE	0x6EEA      	MOVWF       FSR0L+1 
0x06D0	0xF0A0CFEE  	MOVFF       POSTINC0, FARG_Lcd_Chr_CP_out_char
0x06D4	0xDD7F      	RCALL       _Lcd_Chr_CP
0x06D6	0x2B9F      	INCF        Lcd_Out_i_L0, 1, 1
0x06D8	0xD7ED      	BRA         L_Lcd_Out18
L_Lcd_Out19:
;__Lib_Lcd.c,201 :: 		
0x06DA	0x807F      	BSF         __Lib_Lcd_cmd_status, BitPos(__Lib_Lcd_cmd_status+0) 
;__Lib_Lcd.c,202 :: 		
L_end_Lcd_Out:
0x06DC	0x0012      	RETURN      0
; end of _Lcd_Out
_ADC_Read:
;__Lib_ADC_A_D.c,51 :: 		
;__Lib_ADC_A_D.c,54 :: 		
0x06DE	0x6AC2      	CLRF        ADCON0 
;__Lib_ADC_A_D.c,55 :: 		
0x06E0	0x1C6D      	COMF        _vref_mask, 0 
0x06E2	0x6E00      	MOVWF       R0 
0x06E4	0x5000      	MOVF        R0, 0 
0x06E6	0x16C1      	ANDWF       ADCON1, 1 
;__Lib_ADC_A_D.c,56 :: 		
0x06E8	0x0E07      	MOVLW       7
0x06EA	0x12C0      	IORWF       ADCON2, 1 
;__Lib_ADC_A_D.c,57 :: 		
0x06EC	0x8EC0      	BSF         ADCON2, 7 
;__Lib_ADC_A_D.c,58 :: 		
0x06EE	0xF000C09B  	MOVFF       FARG_ADC_Read_channel, R0
0x06F2	0x3600      	RLCF        R0, 1 
0x06F4	0x9000      	BCF         R0, 0 
0x06F6	0x3600      	RLCF        R0, 1 
0x06F8	0x9000      	BCF         R0, 0 
0x06FA	0x5000      	MOVF        R0, 0 
0x06FC	0x12C2      	IORWF       ADCON0, 1 
;__Lib_ADC_A_D.c,59 :: 		
0x06FE	0x80C2      	BSF         ADCON0, 0 
;__Lib_ADC_A_D.c,60 :: 		
0x0700	0xDE12      	RCALL       _Delay_22us
;__Lib_ADC_A_D.c,61 :: 		
0x0702	0x82C2      	BSF         ADCON0, 1 
;__Lib_ADC_A_D.c,62 :: 		
L_ADC_Read2:
0x0704	0xA2C2      	BTFSS       ADCON0, 1 
0x0706	0xD001      	BRA         L_ADC_Read3
;__Lib_ADC_A_D.c,63 :: 		
0x0708	0xD7FD      	BRA         L_ADC_Read2
L_ADC_Read3:
;__Lib_ADC_A_D.c,64 :: 		
0x070A	0xF001CFC4  	MOVFF       ADRESH, R1
0x070E	0x6A00      	CLRF        R0 
;__Lib_ADC_A_D.c,65 :: 		
0x0710	0x50C3      	MOVF        ADRESL, 0 
0x0712	0x1200      	IORWF       R0, 1 
0x0714	0x0E00      	MOVLW       0
0x0716	0x1201      	IORWF       R1, 1 
;__Lib_ADC_A_D.c,66 :: 		
0x0718	0x90C2      	BCF         ADCON0, 0 
;__Lib_ADC_A_D.c,68 :: 		
;__Lib_ADC_A_D.c,69 :: 		
L_end_ADC_Read:
0x071A	0x0012      	RETURN      0
; end of _ADC_Read
_word2double:
;__Lib_MathDouble.c,2335 :: 		
;__Lib_MathDouble.c,2344 :: 		
0x071C	0x5000      	MOVF        R0, 0, 0
;__Lib_MathDouble.c,2345 :: 		
0x071E	0x6E08      	MOVWF       R8, 0
;__Lib_MathDouble.c,2346 :: 		
0x0720	0x5001      	MOVF        R1, 0, 0
;__Lib_MathDouble.c,2347 :: 		
0x0722	0x6E00      	MOVWF       R0, 0
;__Lib_MathDouble.c,2348 :: 		
0x0724	0x6A01      	CLRF        R1, 0
;__Lib_MathDouble.c,2349 :: 		
0x0726	0x6A02      	CLRF        R2, 0
;__Lib_MathDouble.c,2350 :: 		
0x0728	0x6A03      	CLRF        R3, 0
;__Lib_MathDouble.c,2353 :: 		
0x072A	0x6A0B      	CLRF        R11, 0
;__Lib_MathDouble.c,2354 :: 		
0x072C	0x6A0C      	CLRF        R12, 0
;__Lib_MathDouble.c,2356 :: 		
0x072E	0x0E96      	MOVLW       150
;__Lib_MathDouble.c,2357 :: 		
0x0730	0x6E03      	MOVWF       R3, 0
;__Lib_MathDouble.c,2358 :: 		
0x0732	0x6A0A      	CLRF        R10, 0
;__Lib_MathDouble.c,2360 :: 		
0x0734	0xF001C000  	MOVFF       R0, R1
;__Lib_MathDouble.c,2361 :: 		
0x0738	0xF000C008  	MOVFF       R8, R0
;__Lib_MathDouble.c,2362 :: 		
0x073C	0x6A08      	CLRF        R8, 0
;__Lib_MathDouble.c,2363 :: 		
0x073E	0x6A02      	CLRF        R2, 0
;__Lib_MathDouble.c,2365 :: 		
0x0740	0xDD77      	RCALL       _NRM3232
;__Lib_MathDouble.c,2366 :: 		
L_end_word2double:
0x0742	0x0012      	RETURN      0
; end of _word2double
_Mul_32x32_FP:
;__Lib_MathDouble.c,1130 :: 		
;__Lib_MathDouble.c,1148 :: 		
0x0744	0x6A08      	CLRF        R8, 0
;__Lib_MathDouble.c,1149 :: 		
0x0746	0x6A09      	CLRF        R9, 0
;__Lib_MathDouble.c,1151 :: 		
0x0748	0x0E00      	MOVLW       0
;__Lib_MathDouble.c,1152 :: 		
0x074A	0x6207      	CPFSEQ      R7, 0
;__Lib_MathDouble.c,1153 :: 		
0x074C	0x6403      	CPFSGT      R3, 0
;__Lib_MathDouble.c,1154 :: 		
0x074E	0xF004EF27  	GOTO        MULJPRES032
;__Lib_MathDouble.c,1157 :: 		
0x0752	0x5002      	MOVF        R2, 0, 0
;__Lib_MathDouble.c,1158 :: 		
0x0754	0x1806      	XORWF       R6, 0, 0
;__Lib_MathDouble.c,1159 :: 		
0x0756	0x6E0A      	MOVWF       R10, 0
;__Lib_MathDouble.c,1161 :: 		
0x0758	0x5007      	MOVF        R7, 0, 0
;__Lib_MathDouble.c,1162 :: 		
0x075A	0x2603      	ADDWF       R3, 1, 0
;__Lib_MathDouble.c,1163 :: 		
0x075C	0x0E7E      	MOVLW       126
;__Lib_MathDouble.c,1164 :: 		
0x075E	0xA0D8      	BTFSS       STATUS, 0, 0
;__Lib_MathDouble.c,1165 :: 		
0x0760	0xF003EFB8  	GOTO        MTUN32
;__Lib_MathDouble.c,1167 :: 		
0x0764	0x5E03      	SUBWF       R3, 1, 0
;__Lib_MathDouble.c,1168 :: 		
0x0766	0xB0D8      	BTFSC       STATUS, 0, 0
;__Lib_MathDouble.c,1169 :: 		
0x0768	0xF004EF2B  	GOTO        MULJPSETFOV32
;__Lib_MathDouble.c,1170 :: 		
0x076C	0xF003EFBC  	GOTO        MOK32
;__Lib_MathDouble.c,1172 :: 		
MTUN32:
;__Lib_MathDouble.c,1173 :: 		
0x0770	0x5E03      	SUBWF       R3, 1, 0
;__Lib_MathDouble.c,1174 :: 		
0x0772	0xA0D8      	BTFSS       STATUS, 0, 0
;__Lib_MathDouble.c,1175 :: 		
0x0774	0xF004EF2F  	GOTO        MULJPSETFUN32
;__Lib_MathDouble.c,1177 :: 		
MOK32:
;__Lib_MathDouble.c,1178 :: 		
0x0778	0x8E02      	BSF         R2, 7, 0
;__Lib_MathDouble.c,1179 :: 		
0x077A	0x8E06      	BSF         R6, 7, 0
;__Lib_MathDouble.c,1181 :: 		
0x077C	0xF00EC002  	MOVFF       R2, R14
;__Lib_MathDouble.c,1182 :: 		
0x0780	0xF00BC001  	MOVFF       R1, R11
;__Lib_MathDouble.c,1183 :: 		
0x0784	0xF00DC000  	MOVFF       R0, R13
;__Lib_MathDouble.c,1185 :: 		
0x0788	0x5000      	MOVF        R0, 0, 0
;__Lib_MathDouble.c,1186 :: 		
0x078A	0x0204      	MULWF       R4, 0
;__Lib_MathDouble.c,1187 :: 		
0x078C	0xF00CCFF4  	MOVFF       PRODH, R12
;__Lib_MathDouble.c,1189 :: 		
0x0790	0x5001      	MOVF        R1, 0, 0
;__Lib_MathDouble.c,1190 :: 		
0x0792	0x0205      	MULWF       R5, 0
;__Lib_MathDouble.c,1191 :: 		
0x0794	0xF000CFF4  	MOVFF       PRODH, R0
;__Lib_MathDouble.c,1192 :: 		
0x0798	0xF008CFF3  	MOVFF       PRODL, R8
;__Lib_MathDouble.c,1194 :: 		
0x079C	0x0204      	MULWF       R4, 0
;__Lib_MathDouble.c,1195 :: 		
0x079E	0x50F3      	MOVF        PRODL, 0, 0
;__Lib_MathDouble.c,1196 :: 		
0x07A0	0x260C      	ADDWF       R12, 1, 0
;__Lib_MathDouble.c,1197 :: 		
0x07A2	0x50F4      	MOVF        PRODH, 0, 0
;__Lib_MathDouble.c,1198 :: 		
0x07A4	0x2208      	ADDWFC      R8, 1, 0
;__Lib_MathDouble.c,1199 :: 		
0x07A6	0x0E00      	MOVLW       0
;__Lib_MathDouble.c,1200 :: 		
0x07A8	0x2200      	ADDWFC      R0, 1, 0
;__Lib_MathDouble.c,1202 :: 		
0x07AA	0x500D      	MOVF        R13, 0, 0
;__Lib_MathDouble.c,1203 :: 		
0x07AC	0x0205      	MULWF       R5, 0
;__Lib_MathDouble.c,1204 :: 		
0x07AE	0x50F3      	MOVF        PRODL, 0, 0
;__Lib_MathDouble.c,1205 :: 		
0x07B0	0x260C      	ADDWF       R12, 1, 0
;__Lib_MathDouble.c,1206 :: 		
0x07B2	0x50F4      	MOVF        PRODH, 0, 0
;__Lib_MathDouble.c,1207 :: 		
0x07B4	0x2208      	ADDWFC      R8, 1, 0
;__Lib_MathDouble.c,1208 :: 		
0x07B6	0x0E00      	MOVLW       0
;__Lib_MathDouble.c,1209 :: 		
0x07B8	0x2200      	ADDWFC      R0, 1, 0
;__Lib_MathDouble.c,1211 :: 		
0x07BA	0x5002      	MOVF        R2, 0, 0
;__Lib_MathDouble.c,1212 :: 		
0x07BC	0x0204      	MULWF       R4, 0
;__Lib_MathDouble.c,1213 :: 		
0x07BE	0x50F3      	MOVF        PRODL, 0, 0
;__Lib_MathDouble.c,1214 :: 		
0x07C0	0x2608      	ADDWF       R8, 1, 0
;__Lib_MathDouble.c,1215 :: 		
0x07C2	0x50F4      	MOVF        PRODH, 0, 0
;__Lib_MathDouble.c,1216 :: 		
0x07C4	0x2200      	ADDWFC      R0, 1, 0
;__Lib_MathDouble.c,1217 :: 		
0x07C6	0x5002      	MOVF        R2, 0, 0
;__Lib_MathDouble.c,1218 :: 		
0x07C8	0x0205      	MULWF       R5, 0
;__Lib_MathDouble.c,1219 :: 		
0x07CA	0x6A01      	CLRF        R1, 0
;__Lib_MathDouble.c,1220 :: 		
0x07CC	0x0E00      	MOVLW       0
;__Lib_MathDouble.c,1221 :: 		
0x07CE	0x2201      	ADDWFC      R1, 1, 0
;__Lib_MathDouble.c,1222 :: 		
0x07D0	0x50F3      	MOVF        PRODL, 0, 0
;__Lib_MathDouble.c,1223 :: 		
0x07D2	0x2600      	ADDWF       R0, 1, 0
;__Lib_MathDouble.c,1224 :: 		
0x07D4	0x50F4      	MOVF        PRODH, 0, 0
;__Lib_MathDouble.c,1225 :: 		
0x07D6	0x2201      	ADDWFC      R1, 1, 0
;__Lib_MathDouble.c,1227 :: 		
0x07D8	0x500D      	MOVF        R13, 0, 0
;__Lib_MathDouble.c,1228 :: 		
0x07DA	0x0206      	MULWF       R6, 0
;__Lib_MathDouble.c,1229 :: 		
0x07DC	0x50F3      	MOVF        PRODL, 0, 0
;__Lib_MathDouble.c,1230 :: 		
0x07DE	0x2608      	ADDWF       R8, 1, 0
;__Lib_MathDouble.c,1231 :: 		
0x07E0	0x50F4      	MOVF        PRODH, 0, 0
;__Lib_MathDouble.c,1232 :: 		
0x07E2	0x2200      	ADDWFC      R0, 1, 0
;__Lib_MathDouble.c,1233 :: 		
0x07E4	0x6A02      	CLRF        R2, 0
;__Lib_MathDouble.c,1234 :: 		
0x07E6	0x0E00      	MOVLW       0
;__Lib_MathDouble.c,1235 :: 		
0x07E8	0x2201      	ADDWFC      R1, 1, 0
;__Lib_MathDouble.c,1236 :: 		
0x07EA	0x2202      	ADDWFC      R2, 1, 0
;__Lib_MathDouble.c,1238 :: 		
0x07EC	0x500B      	MOVF        R11, 0, 0
;__Lib_MathDouble.c,1239 :: 		
0x07EE	0x0206      	MULWF       R6, 0
;__Lib_MathDouble.c,1240 :: 		
0x07F0	0x50F3      	MOVF        PRODL, 0, 0
;__Lib_MathDouble.c,1241 :: 		
0x07F2	0x2600      	ADDWF       R0, 1, 0
;__Lib_MathDouble.c,1242 :: 		
0x07F4	0x50F4      	MOVF        PRODH, 0, 0
;__Lib_MathDouble.c,1243 :: 		
0x07F6	0x2201      	ADDWFC      R1, 1, 0
;__Lib_MathDouble.c,1244 :: 		
0x07F8	0x0E00      	MOVLW       0
;__Lib_MathDouble.c,1245 :: 		
0x07FA	0x2202      	ADDWFC      R2, 1, 0
;__Lib_MathDouble.c,1247 :: 		
0x07FC	0x500E      	MOVF        R14, 0, 0
;__Lib_MathDouble.c,1248 :: 		
0x07FE	0x0206      	MULWF       R6, 0
;__Lib_MathDouble.c,1249 :: 		
0x0800	0x50F3      	MOVF        PRODL, 0, 0
;__Lib_MathDouble.c,1250 :: 		
0x0802	0x2601      	ADDWF       R1, 1, 0
;__Lib_MathDouble.c,1251 :: 		
0x0804	0x50F4      	MOVF        PRODH, 0, 0
;__Lib_MathDouble.c,1252 :: 		
0x0806	0x2202      	ADDWFC      R2, 1, 0
;__Lib_MathDouble.c,1254 :: 		
0x0808	0xBE02      	BTFSC       R2, 7, 0
;__Lib_MathDouble.c,1255 :: 		
0x080A	0xF004EF0F  	GOTO        MROUND32
;__Lib_MathDouble.c,1256 :: 		
0x080E	0x3608      	RLCF        R8, 1, 0
;__Lib_MathDouble.c,1257 :: 		
0x0810	0x3600      	RLCF        R0, 1, 0
;__Lib_MathDouble.c,1258 :: 		
0x0812	0x3601      	RLCF        R1, 1, 0
;__Lib_MathDouble.c,1259 :: 		
0x0814	0x3602      	RLCF        R2, 1, 0
;__Lib_MathDouble.c,1260 :: 		
0x0816	0x0603      	DECF        R3, 1, 0
;__Lib_MathDouble.c,1261 :: 		
0x0818	0xB4D8      	BTFSC       STATUS, 2, 0
;__Lib_MathDouble.c,1262 :: 		
0x081A	0xF004EF2F  	GOTO        MULJPSETFUN32
;__Lib_MathDouble.c,1264 :: 		
MROUND32:
;__Lib_MathDouble.c,1267 :: 		
0x081E	0xF004EF22  	GOTO        MUL32OK
;__Lib_MathDouble.c,1268 :: 		
0x0822	0x80D8      	BSF         STATUS, 0, 0
;__Lib_MathDouble.c,1269 :: 		
0x0824	0x0E80      	MOVLW       128
;__Lib_MathDouble.c,1270 :: 		
0x0826	0x6408      	CPFSGT      R8, 0
;__Lib_MathDouble.c,1271 :: 		
0x0828	0x3000      	RRCF        R0, 0, 0
;__Lib_MathDouble.c,1272 :: 		
0x082A	0x0E00      	MOVLW       0
;__Lib_MathDouble.c,1273 :: 		
0x082C	0x2200      	ADDWFC      R0, 1, 0
;__Lib_MathDouble.c,1274 :: 		
0x082E	0x2201      	ADDWFC      R1, 1, 0
;__Lib_MathDouble.c,1275 :: 		
0x0830	0x2202      	ADDWFC      R2, 1, 0
;__Lib_MathDouble.c,1277 :: 		
0x0832	0xA0D8      	BTFSS       STATUS, 0, 0
;__Lib_MathDouble.c,1278 :: 		
0x0834	0xF004EF22  	GOTO        MUL32OK
;__Lib_MathDouble.c,1279 :: 		
0x0838	0x3202      	RRCF        R2, 1, 0
;__Lib_MathDouble.c,1280 :: 		
0x083A	0x3201      	RRCF        R1, 1, 0
;__Lib_MathDouble.c,1281 :: 		
0x083C	0x3200      	RRCF        R0, 1, 0
;__Lib_MathDouble.c,1282 :: 		
0x083E	0x4A03      	INFSNZ      R3, 1, 0
;__Lib_MathDouble.c,1283 :: 		
0x0840	0xF004EF2B  	GOTO        MULJPSETFOV32
;__Lib_MathDouble.c,1285 :: 		
MUL32OK:
;__Lib_MathDouble.c,1286 :: 		
0x0844	0xAE0A      	BTFSS       R10, 7, 0
;__Lib_MathDouble.c,1287 :: 		
0x0846	0x9E02      	BCF         R2, 7, 0
;__Lib_MathDouble.c,1289 :: 		
0x0848	0x0E00      	MOVLW       0
;__Lib_MathDouble.c,1290 :: 		
0x084A	0xF004EF31  	GOTO        MULEEE
;__Lib_MathDouble.c,1291 :: 		
MULJPRES032:
;__Lib_MathDouble.c,1292 :: 		
0x084E	0x0E01      	MOVLW       1
;__Lib_MathDouble.c,1295 :: 		
0x0850	0xDC7B      	RCALL       _RES032
;__Lib_MathDouble.c,1297 :: 		
0x0852	0xF004EF31  	GOTO        MULEEE
;__Lib_MathDouble.c,1298 :: 		
MULJPSETFOV32:
;__Lib_MathDouble.c,1299 :: 		
0x0856	0x0E02      	MOVLW       2
;__Lib_MathDouble.c,1302 :: 		
0x0858	0xDD24      	RCALL       _SETFOV32
;__Lib_MathDouble.c,1304 :: 		
0x085A	0xF004EF31  	GOTO        MULEEE
;__Lib_MathDouble.c,1305 :: 		
MULJPSETFUN32:
;__Lib_MathDouble.c,1306 :: 		
0x085E	0x0E04      	MOVLW       4
;__Lib_MathDouble.c,1309 :: 		
0x0860	0xDC5E      	RCALL       _SETFUN32
;__Lib_MathDouble.c,1311 :: 		
MULEEE:
;__Lib_MathDouble.c,1318 :: 		
L_end_Mul_32x32_FP:
0x0862	0x0012      	RETURN      0
; end of _Mul_32x32_FP
_main:
0x0864	0xF005EC29  	CALL        2642, 0
;ProjetoFinal_PIC.c,33 :: 		void main(){
;ProjetoFinal_PIC.c,36 :: 		unsigned int  uiContador = 0;   // Variavel de armazenamento do contador.
0x0868	0x0100      	MOVLB       0
0x086A	0x6B97      	CLRF        main_uiContador_L0, 1
0x086C	0x6B98      	CLRF        main_uiContador_L0+1, 1
0x086E	0x6B99      	CLRF        main_uiValor_L0, 1
0x0870	0x6B9A      	CLRF        main_uiValor_L0+1, 1
0x0872	0x6B80      	CLRF        main_ucStatus_inc_L0, 1
;ProjetoFinal_PIC.c,42 :: 		PORTA = 1;
0x0874	0x0E01      	MOVLW       1
0x0876	0x6E80      	MOVWF       PORTA 
;ProjetoFinal_PIC.c,43 :: 		TRISA = 1;                 // Configura PORTA pins como entrada
0x0878	0x0E01      	MOVLW       1
0x087A	0x6E92      	MOVWF       TRISA 
;ProjetoFinal_PIC.c,44 :: 		TRISB.RB0=1;         // Define o pino RB0 do PORTB como entrada (botão).
0x087C	0x8093      	BSF         TRISB, 0 
;ProjetoFinal_PIC.c,46 :: 		ADCON0 = 0b00000001;  // Configura conversor A/D Canal 0, conversão desligada, A/D ligado.
0x087E	0x0E01      	MOVLW       1
0x0880	0x6EC2      	MOVWF       ADCON0 
;ProjetoFinal_PIC.c,47 :: 		ADCON1 = 0b11001110;  // Configura todos canais como Digital menos AN0 e REF Interna.
0x0882	0x0ECE      	MOVLW       206
0x0884	0x6EC1      	MOVWF       ADCON1 
;ProjetoFinal_PIC.c,48 :: 		ADCON2 = 0b10111110;  // Configura conversor A/D para resultado justificado a direita, clock de 20 TAD, clock de Fosc/64.
0x0886	0x0EBE      	MOVLW       190
0x0888	0x6EC0      	MOVWF       ADCON2 
;ProjetoFinal_PIC.c,50 :: 		Lcd_Init();                               //Inicializa módulo LCD
0x088A	0xDD88      	RCALL       _Lcd_Init
;ProjetoFinal_PIC.c,51 :: 		Lcd_Cmd(_LCD_CURSOR_OFF);                 //Apaga cursor
0x088C	0x0E0C      	MOVLW       12
0x088E	0x6FA8      	MOVWF       FARG_Lcd_Cmd_out_char, 1
0x0890	0xDC62      	RCALL       _Lcd_Cmd
;ProjetoFinal_PIC.c,52 :: 		Lcd_Cmd(_LCD_CLEAR);                      //Limpa display
0x0892	0x0E01      	MOVLW       1
0x0894	0x6FA8      	MOVWF       FARG_Lcd_Cmd_out_char, 1
0x0896	0xDC5F      	RCALL       _Lcd_Cmd
;ProjetoFinal_PIC.c,54 :: 		PWM1_Init(5000);      // Inicializa módulo PWM com 5Khz
0x0898	0x80CA      	BSF         T2CON, 0, 0
0x089A	0x92CA      	BCF         T2CON, 1, 0
0x089C	0x0E63      	MOVLW       99
0x089E	0x6ECB      	MOVWF       PR2, 0
0x08A0	0xDD79      	RCALL       _PWM1_Init
;ProjetoFinal_PIC.c,55 :: 		PWM1_Start();        // Start PWM
0x08A2	0xDD73      	RCALL       _PWM1_Start
;ProjetoFinal_PIC.c,57 :: 		I2C1_Init(100000); // Inicializa o I2C como escravo
0x08A4	0x0E14      	MOVLW       20
0x08A6	0x6EC8      	MOVWF       SSPADD 
0x08A8	0xDDD1      	RCALL       _I2C1_Init
;ProjetoFinal_PIC.c,59 :: 		while(1){
L_main0:
;ProjetoFinal_PIC.c,61 :: 		if (I2C1_Is_Idle()){
0x08AA	0xDDC3      	RCALL       _I2C1_Is_Idle
0x08AC	0x5200      	MOVF        R0, 1 
0x08AE	0xE001      	BZ          L_main2
;ProjetoFinal_PIC.c,62 :: 		receberDados();
0x08B0	0xDE09      	RCALL       _receberDados
;ProjetoFinal_PIC.c,63 :: 		}
L_main2:
;ProjetoFinal_PIC.c,66 :: 		uiValorAD= ADC_Read(0);     // Lê Canal AD 0
0x08B2	0x0100      	MOVLB       0
0x08B4	0x6B9B      	CLRF        FARG_ADC_Read_channel, 1
0x08B6	0xDF13      	RCALL       _ADC_Read
0x08B8	0xF095C000  	MOVFF       R0, main_uiValorAD_L0
0x08BC	0xF096C001  	MOVFF       R1, main_uiValorAD_L0+1
;ProjetoFinal_PIC.c,67 :: 		uiValorAD*=0.249;            // Converte valor para o duty cycle
0x08C0	0xDF2D      	RCALL       _word2double
0x08C2	0x0EDB      	MOVLW       219
0x08C4	0x6E04      	MOVWF       R4 
0x08C6	0x0EF9      	MOVLW       249
0x08C8	0x6E05      	MOVWF       R5 
0x08CA	0x0E7E      	MOVLW       126
0x08CC	0x6E06      	MOVWF       R6 
0x08CE	0x0E7C      	MOVLW       124
0x08D0	0x6E07      	MOVWF       R7 
0x08D2	0xDF38      	RCALL       _Mul_32x32_FP
0x08D4	0xDE22      	RCALL       _double2word
0x08D6	0xF095C000  	MOVFF       R0, main_uiValorAD_L0
0x08DA	0xF096C001  	MOVFF       R1, main_uiValorAD_L0+1
;ProjetoFinal_PIC.c,68 :: 		if(flagCooler){
0x08DE	0x5058      	MOVF        _flagCooler, 0 
0x08E0	0x1059      	IORWF       _flagCooler+1, 0 
0x08E2	0xE004      	BZ          L_main3
;ProjetoFinal_PIC.c,69 :: 		PWM1_Set_Duty(uiValorAD);   // Envia o valor lido de "uiValorAD" para o módulo CCP1 pwm
0x08E4	0xF09BC095  	MOVFF       main_uiValorAD_L0, FARG_PWM1_Set_Duty_new_duty
0x08E8	0xDE85      	RCALL       _PWM1_Set_Duty
;ProjetoFinal_PIC.c,71 :: 		} else {
0x08EA	0xD003      	BRA         L_main4
L_main3:
;ProjetoFinal_PIC.c,72 :: 		PWM1_Set_Duty(0);
0x08EC	0x0100      	MOVLB       0
0x08EE	0x6B9B      	CLRF        FARG_PWM1_Set_Duty_new_duty, 1
0x08F0	0xDE81      	RCALL       _PWM1_Set_Duty
;ProjetoFinal_PIC.c,73 :: 		}
L_main4:
;ProjetoFinal_PIC.c,76 :: 		if((PORTB.RB0==0)&&(ucStatus_inc==0)){       // Incrementa somente uma vez quando a tecla for pressionada.
0x08F2	0xB081      	BTFSC       PORTB, 0 
0x08F4	0xD00B      	BRA         L_main7
0x08F6	0x0100      	MOVLB       0
0x08F8	0x5180      	MOVF        main_ucStatus_inc_L0, 0, 1
0x08FA	0x0A00      	XORLW       0
0x08FC	0xE107      	BNZ         L_main7
L__main24:
;ProjetoFinal_PIC.c,77 :: 		uiContador++;
0x08FE	0x4B97      	INFSNZ      main_uiContador_L0, 1, 1
0x0900	0x2B98      	INCF        main_uiContador_L0+1, 1, 1
;ProjetoFinal_PIC.c,78 :: 		ucStatus_inc=1;
0x0902	0x0E01      	MOVLW       1
0x0904	0x6F80      	MOVWF       main_ucStatus_inc_L0, 1
;ProjetoFinal_PIC.c,79 :: 		Lcd_Cmd(_LCD_CLEAR);
0x0906	0x0E01      	MOVLW       1
0x0908	0x6FA8      	MOVWF       FARG_Lcd_Cmd_out_char, 1
0x090A	0xDC25      	RCALL       _Lcd_Cmd
;ProjetoFinal_PIC.c,80 :: 		}
L_main7:
;ProjetoFinal_PIC.c,82 :: 		if((PORTB.RB0==1)&&(ucStatus_inc==1)){   // Volta a disponibilizar a op??o de incremento quando a tecla for solta.
0x090C	0xA081      	BTFSS       PORTB, 0 
0x090E	0xD005      	BRA         L_main10
0x0910	0x0100      	MOVLB       0
0x0912	0x5180      	MOVF        main_ucStatus_inc_L0, 0, 1
0x0914	0x0A01      	XORLW       1
0x0916	0xB4D8      	BTFSC       STATUS, 2 
L__main23:
;ProjetoFinal_PIC.c,83 :: 		ucStatus_inc=0;
0x0918	0x6B80      	CLRF        main_ucStatus_inc_L0, 1
;ProjetoFinal_PIC.c,84 :: 		}
L_main10:
0x091A	0x0100      	MOVLB       0
;ProjetoFinal_PIC.c,87 :: 		uiValor = uiContador%4;
0x091C	0x0E03      	MOVLW       3
0x091E	0x1597      	ANDWF       main_uiContador_L0, 0, 1
0x0920	0x6E01      	MOVWF       R1 
0x0922	0xF002C098  	MOVFF       main_uiContador_L0+1, R2
0x0926	0x0E00      	MOVLW       0
0x0928	0x1602      	ANDWF       R2, 1 
0x092A	0xF099C001  	MOVFF       R1, main_uiValor_L0
0x092E	0xF09AC002  	MOVFF       R2, main_uiValor_L0+1
;ProjetoFinal_PIC.c,88 :: 		if (uiValor == 0){
0x0932	0x0E00      	MOVLW       0
0x0934	0x1802      	XORWF       R2, 0 
0x0936	0xE102      	BNZ         L__main26
0x0938	0x0E00      	MOVLW       0
0x093A	0x1801      	XORWF       R1, 0 
L__main26:
0x093C	0xE113      	BNZ         L_main11
;ProjetoFinal_PIC.c,89 :: 		lcd_out(1,3,"Temperatura");
0x093E	0x0E01      	MOVLW       1
0x0940	0x6F9B      	MOVWF       FARG_Lcd_Out_row, 1
0x0942	0x0E03      	MOVLW       3
0x0944	0x6F9C      	MOVWF       FARG_Lcd_Out_column, 1
0x0946	0x0E48      	MOVLW       ?lstr1_ProjetoFinal_PIC
0x0948	0x6F9D      	MOVWF       FARG_Lcd_Out_text, 1
0x094A	0x0E00      	MOVLW       hi_addr(?lstr1_ProjetoFinal_PIC)
0x094C	0x6F9E      	MOVWF       FARG_Lcd_Out_text+1, 1
0x094E	0xDE88      	RCALL       _Lcd_Out
;ProjetoFinal_PIC.c,90 :: 		lcd_out(2,5,"30,45 C");
0x0950	0x0E02      	MOVLW       2
0x0952	0x6F9B      	MOVWF       FARG_Lcd_Out_row, 1
0x0954	0x0E05      	MOVLW       5
0x0956	0x6F9C      	MOVWF       FARG_Lcd_Out_column, 1
0x0958	0x0E24      	MOVLW       ?lstr2_ProjetoFinal_PIC
0x095A	0x6F9D      	MOVWF       FARG_Lcd_Out_text, 1
0x095C	0x0E00      	MOVLW       hi_addr(?lstr2_ProjetoFinal_PIC)
0x095E	0x6F9E      	MOVWF       FARG_Lcd_Out_text+1, 1
0x0960	0xDE7F      	RCALL       _Lcd_Out
;ProjetoFinal_PIC.c,91 :: 		}
0x0962	0xD044      	BRA         L_main12
L_main11:
;ProjetoFinal_PIC.c,92 :: 		else if(uiValor == 1){
0x0964	0x0E00      	MOVLW       0
0x0966	0x199A      	XORWF       main_uiValor_L0+1, 0, 1
0x0968	0xE102      	BNZ         L__main27
0x096A	0x0E01      	MOVLW       1
0x096C	0x1999      	XORWF       main_uiValor_L0, 0, 1
L__main27:
0x096E	0xE113      	BNZ         L_main13
;ProjetoFinal_PIC.c,93 :: 		lcd_out(1,2,"Pressao Atmosf");
0x0970	0x0E01      	MOVLW       1
0x0972	0x6F9B      	MOVWF       FARG_Lcd_Out_row, 1
0x0974	0x0E02      	MOVLW       2
0x0976	0x6F9C      	MOVWF       FARG_Lcd_Out_column, 1
0x0978	0x0E15      	MOVLW       ?lstr3_ProjetoFinal_PIC
0x097A	0x6F9D      	MOVWF       FARG_Lcd_Out_text, 1
0x097C	0x0E00      	MOVLW       hi_addr(?lstr3_ProjetoFinal_PIC)
0x097E	0x6F9E      	MOVWF       FARG_Lcd_Out_text+1, 1
0x0980	0xDE6F      	RCALL       _Lcd_Out
;ProjetoFinal_PIC.c,94 :: 		lcd_out(2,5,"0,9 atm");
0x0982	0x0E02      	MOVLW       2
0x0984	0x6F9B      	MOVWF       FARG_Lcd_Out_row, 1
0x0986	0x0E05      	MOVLW       5
0x0988	0x6F9C      	MOVWF       FARG_Lcd_Out_column, 1
0x098A	0x0E2C      	MOVLW       ?lstr4_ProjetoFinal_PIC
0x098C	0x6F9D      	MOVWF       FARG_Lcd_Out_text, 1
0x098E	0x0E00      	MOVLW       hi_addr(?lstr4_ProjetoFinal_PIC)
0x0990	0x6F9E      	MOVWF       FARG_Lcd_Out_text+1, 1
0x0992	0xDE66      	RCALL       _Lcd_Out
;ProjetoFinal_PIC.c,95 :: 		}
0x0994	0xD02B      	BRA         L_main14
L_main13:
;ProjetoFinal_PIC.c,96 :: 		else if(uiValor == 2){
0x0996	0x0E00      	MOVLW       0
0x0998	0x199A      	XORWF       main_uiValor_L0+1, 0, 1
0x099A	0xE102      	BNZ         L__main28
0x099C	0x0E02      	MOVLW       2
0x099E	0x1999      	XORWF       main_uiValor_L0, 0, 1
L__main28:
0x09A0	0xE113      	BNZ         L_main15
;ProjetoFinal_PIC.c,97 :: 		lcd_out(1,1,"Umidade do Solo");
0x09A2	0x0E01      	MOVLW       1
0x09A4	0x6F9B      	MOVWF       FARG_Lcd_Out_row, 1
0x09A6	0x0E01      	MOVLW       1
0x09A8	0x6F9C      	MOVWF       FARG_Lcd_Out_column, 1
0x09AA	0x0E38      	MOVLW       ?lstr5_ProjetoFinal_PIC
0x09AC	0x6F9D      	MOVWF       FARG_Lcd_Out_text, 1
0x09AE	0x0E00      	MOVLW       hi_addr(?lstr5_ProjetoFinal_PIC)
0x09B0	0x6F9E      	MOVWF       FARG_Lcd_Out_text+1, 1
0x09B2	0xDE56      	RCALL       _Lcd_Out
;ProjetoFinal_PIC.c,98 :: 		lcd_out(2,7,"42%");
0x09B4	0x0E02      	MOVLW       2
0x09B6	0x6F9B      	MOVWF       FARG_Lcd_Out_row, 1
0x09B8	0x0E07      	MOVLW       7
0x09BA	0x6F9C      	MOVWF       FARG_Lcd_Out_column, 1
0x09BC	0x0E34      	MOVLW       ?lstr6_ProjetoFinal_PIC
0x09BE	0x6F9D      	MOVWF       FARG_Lcd_Out_text, 1
0x09C0	0x0E00      	MOVLW       hi_addr(?lstr6_ProjetoFinal_PIC)
0x09C2	0x6F9E      	MOVWF       FARG_Lcd_Out_text+1, 1
0x09C4	0xDE4D      	RCALL       _Lcd_Out
;ProjetoFinal_PIC.c,99 :: 		}
0x09C6	0xD012      	BRA         L_main16
L_main15:
;ProjetoFinal_PIC.c,101 :: 		lcd_out(1,5,"Altitude");
0x09C8	0x0E01      	MOVLW       1
0x09CA	0x6F9B      	MOVWF       FARG_Lcd_Out_row, 1
0x09CC	0x0E05      	MOVLW       5
0x09CE	0x6F9C      	MOVWF       FARG_Lcd_Out_column, 1
0x09D0	0x0E64      	MOVLW       ?lstr7_ProjetoFinal_PIC
0x09D2	0x6F9D      	MOVWF       FARG_Lcd_Out_text, 1
0x09D4	0x0E00      	MOVLW       hi_addr(?lstr7_ProjetoFinal_PIC)
0x09D6	0x6F9E      	MOVWF       FARG_Lcd_Out_text+1, 1
0x09D8	0xDE43      	RCALL       _Lcd_Out
;ProjetoFinal_PIC.c,102 :: 		lcd_out(2,7,"843m");
0x09DA	0x0E02      	MOVLW       2
0x09DC	0x6F9B      	MOVWF       FARG_Lcd_Out_row, 1
0x09DE	0x0E07      	MOVLW       7
0x09E0	0x6F9C      	MOVWF       FARG_Lcd_Out_column, 1
0x09E2	0x0E6E      	MOVLW       ?lstr8_ProjetoFinal_PIC
0x09E4	0x6F9D      	MOVWF       FARG_Lcd_Out_text, 1
0x09E6	0x0E00      	MOVLW       hi_addr(?lstr8_ProjetoFinal_PIC)
0x09E8	0x6F9E      	MOVWF       FARG_Lcd_Out_text+1, 1
0x09EA	0xDE3A      	RCALL       _Lcd_Out
;ProjetoFinal_PIC.c,103 :: 		}
L_main16:
L_main14:
L_main12:
;ProjetoFinal_PIC.c,105 :: 		}
0x09EC	0xD75E      	BRA         L_main0
;ProjetoFinal_PIC.c,106 :: 		}
L_end_main:
0x09EE	0xD7FF      	BRA         $+0
; end of _main
0x0A52	0xF015EE10  	LFSR        1, 21
0x0A56	0x0E62      	MOVLW       98
0x0A58	0x6E00      	MOVWF       R0 
0x0A5A	0x0E01      	MOVLW       1
0x0A5C	0x6E01      	MOVWF       R1 
0x0A5E	0x0EF0      	MOVLW       240
0x0A60	0x6EF6      	MOVWF       4086 
0x0A62	0x0E09      	MOVLW       9
0x0A64	0x6EF7      	MOVWF       TBLPTRH 
0x0A66	0x0E00      	MOVLW       0
0x0A68	0x6EF8      	MOVWF       TBLPTRU 
0x0A6A	0xF001ECBD  	CALL        890, 0
0x0A6E	0x0012      	RETURN      0
;ProjetoFinal_PIC.c,0 :: ?ICS?lstr3_ProjetoFinal_PIC
0x09F0	0x7250 ;?ICS?lstr3_ProjetoFinal_PIC+0
0x09F2	0x7365 ;?ICS?lstr3_ProjetoFinal_PIC+2
0x09F4	0x6173 ;?ICS?lstr3_ProjetoFinal_PIC+4
0x09F6	0x206F ;?ICS?lstr3_ProjetoFinal_PIC+6
0x09F8	0x7441 ;?ICS?lstr3_ProjetoFinal_PIC+8
0x09FA	0x6F6D ;?ICS?lstr3_ProjetoFinal_PIC+10
0x09FC	0x6673 ;?ICS?lstr3_ProjetoFinal_PIC+12
0x09FE	0x00 ;?ICS?lstr3_ProjetoFinal_PIC+14
; end of ?ICS?lstr3_ProjetoFinal_PIC
;ProjetoFinal_PIC.c,0 :: ?ICS?lstr2_ProjetoFinal_PIC
0x09FF	0x3033 ;?ICS?lstr2_ProjetoFinal_PIC+0
0x0A01	0x342C ;?ICS?lstr2_ProjetoFinal_PIC+2
0x0A03	0x2035 ;?ICS?lstr2_ProjetoFinal_PIC+4
0x0A05	0x0043 ;?ICS?lstr2_ProjetoFinal_PIC+6
; end of ?ICS?lstr2_ProjetoFinal_PIC
;ProjetoFinal_PIC.c,0 :: ?ICS?lstr4_ProjetoFinal_PIC
0x0A07	0x2C30 ;?ICS?lstr4_ProjetoFinal_PIC+0
0x0A09	0x2039 ;?ICS?lstr4_ProjetoFinal_PIC+2
0x0A0B	0x7461 ;?ICS?lstr4_ProjetoFinal_PIC+4
0x0A0D	0x006D ;?ICS?lstr4_ProjetoFinal_PIC+6
; end of ?ICS?lstr4_ProjetoFinal_PIC
;ProjetoFinal_PIC.c,0 :: ?ICS?lstr6_ProjetoFinal_PIC
0x0A0F	0x3234 ;?ICS?lstr6_ProjetoFinal_PIC+0
0x0A11	0x0025 ;?ICS?lstr6_ProjetoFinal_PIC+2
; end of ?ICS?lstr6_ProjetoFinal_PIC
;ProjetoFinal_PIC.c,0 :: ?ICS?lstr5_ProjetoFinal_PIC
0x0A13	0x6D55 ;?ICS?lstr5_ProjetoFinal_PIC+0
0x0A15	0x6469 ;?ICS?lstr5_ProjetoFinal_PIC+2
0x0A17	0x6461 ;?ICS?lstr5_ProjetoFinal_PIC+4
0x0A19	0x2065 ;?ICS?lstr5_ProjetoFinal_PIC+6
0x0A1B	0x6F64 ;?ICS?lstr5_ProjetoFinal_PIC+8
0x0A1D	0x5320 ;?ICS?lstr5_ProjetoFinal_PIC+10
0x0A1F	0x6C6F ;?ICS?lstr5_ProjetoFinal_PIC+12
0x0A21	0x006F ;?ICS?lstr5_ProjetoFinal_PIC+14
; end of ?ICS?lstr5_ProjetoFinal_PIC
;ProjetoFinal_PIC.c,0 :: ?ICS?lstr1_ProjetoFinal_PIC
0x0A23	0x6554 ;?ICS?lstr1_ProjetoFinal_PIC+0
0x0A25	0x706D ;?ICS?lstr1_ProjetoFinal_PIC+2
0x0A27	0x7265 ;?ICS?lstr1_ProjetoFinal_PIC+4
0x0A29	0x7461 ;?ICS?lstr1_ProjetoFinal_PIC+6
0x0A2B	0x7275 ;?ICS?lstr1_ProjetoFinal_PIC+8
0x0A2D	0x0061 ;?ICS?lstr1_ProjetoFinal_PIC+10
; end of ?ICS?lstr1_ProjetoFinal_PIC
;ProjetoFinal_PIC.c,0 :: ?ICS_valorTemp
0x0A2F	0x0000 ;?ICS_valorTemp+0
0x0A31	0x0000 ;?ICS_valorTemp+2
; end of ?ICS_valorTemp
;ProjetoFinal_PIC.c,0 :: ?ICS_flagCooler
0x0A33	0x0001 ;?ICS_flagCooler+0
; end of ?ICS_flagCooler
;ProjetoFinal_PIC.c,0 :: ?ICS_valorPressure
0x0A35	0x0000 ;?ICS_valorPressure+0
0x0A37	0x0000 ;?ICS_valorPressure+2
; end of ?ICS_valorPressure
;ProjetoFinal_PIC.c,0 :: ?ICS_valorUmidade
0x0A39	0x0000 ;?ICS_valorUmidade+0
; end of ?ICS_valorUmidade
;ProjetoFinal_PIC.c,0 :: ?ICS_valorAltitude
0x0A3B	0x0000 ;?ICS_valorAltitude+0
0x0A3D	0x0000 ;?ICS_valorAltitude+2
; end of ?ICS_valorAltitude
;ProjetoFinal_PIC.c,0 :: ?ICS?lstr7_ProjetoFinal_PIC
0x0A3F	0x6C41 ;?ICS?lstr7_ProjetoFinal_PIC+0
0x0A41	0x6974 ;?ICS?lstr7_ProjetoFinal_PIC+2
0x0A43	0x7574 ;?ICS?lstr7_ProjetoFinal_PIC+4
0x0A45	0x6564 ;?ICS?lstr7_ProjetoFinal_PIC+6
0x0A47	0x00 ;?ICS?lstr7_ProjetoFinal_PIC+8
; end of ?ICS?lstr7_ProjetoFinal_PIC
;__Lib_ADC_A_D.c,0 :: ?ICS_vref_mask
0x0A48	0x30 ;?ICS_vref_mask+0
; end of ?ICS_vref_mask
;ProjetoFinal_PIC.c,0 :: ?ICS?lstr8_ProjetoFinal_PIC
0x0A49	0x3438 ;?ICS?lstr8_ProjetoFinal_PIC+0
0x0A4B	0x6D33 ;?ICS?lstr8_ProjetoFinal_PIC+2
0x0A4D	0x00 ;?ICS?lstr8_ProjetoFinal_PIC+4
; end of ?ICS?lstr8_ProjetoFinal_PIC
;__Lib_I2C_c34.c,0 :: ?ICS__Lib_I2C_c34__I2C1_TIMEOUT
0x0A4E	0x0000 ;?ICS__Lib_I2C_c34__I2C1_TIMEOUT+0
0x0A50	0x0000 ;?ICS__Lib_I2C_c34__I2C1_TIMEOUT+2
; end of ?ICS__Lib_I2C_c34__I2C1_TIMEOUT
Symbol List:
//** Routines locations **
//ADDRESS    SIZE    PROCEDURE
//----------------------------------------------
0x001C      [24]    _____DoIFC
0x0034     [196]    _I2C1_Rd
0x00F8       [6]    _Delay_1us
0x00FE      [10]    _Delay_50us
0x0108      [22]    _Delay_5500us
0x011E      [26]    _SETFUN32
0x0138       [8]    _FIXSIGN32
0x0140       [8]    _I2C_ReceiveByte
0x0148      [14]    _RES032
0x0156     [126]    _Lcd_Cmd
0x01D4      [12]    _Lcd_Chr_CP
0x01E0      [80]    _Mul_16X16_U
0x0230     [114]    _NRM3232
0x02A2      [24]    _SETFOV32
0x02BA      [80]    _I2C_ReceiveFloat
0x030A      [28]    _SETIOV3224
0x0326      [12]    _Delay_22us
0x0332      [72]    _I2C_ReceiveInt
0x037A      [16]    ___CC2DW
0x038A      [10]    _PWM1_Start
0x0394       [8]    _PWM1_Init
0x039C     [150]    _Lcd_Init
0x0432      [26]    _I2C1_Is_Idle
0x044C     [120]    _I2C1_Init
0x04C4      [86]    _receberDados
0x051A     [218]    _double2word
0x05F4     [108]    _PWM1_Set_Duty
0x0660     [126]    _Lcd_Out
0x06DE      [62]    _ADC_Read
0x071C      [40]    _word2double
0x0744     [288]    _Mul_32x32_FP
0x0864     [396]    _main
//** Variables locations ** 
//ADDRESS    SIZE    VARIABLE
//----------------------------------------------
0x0000       [1]    R0
0x0001       [1]    R1
0x0002       [1]    R2
0x0003       [1]    R3
0x0004       [1]    R4
0x0005       [1]    R5
0x0006       [1]    R6
0x0007       [1]    R7
0x0008       [1]    R8
0x0009       [1]    R9
0x000A       [1]    R10
0x000B       [1]    R11
0x000C       [1]    R12
0x000D       [1]    R13
0x000E       [1]    R14
0x000F       [1]    R15
0x0010       [1]    R16
0x0011       [1]    R17
0x0012       [1]    R18
0x0013       [1]    R19
0x0014       [1]    R20
0x0015      [15]    ?lstr3_ProjetoFinal_PIC
0x0024       [8]    ?lstr2_ProjetoFinal_PIC
0x002C       [8]    ?lstr4_ProjetoFinal_PIC
0x0034       [4]    ?lstr6_ProjetoFinal_PIC
0x0038      [16]    ?lstr5_ProjetoFinal_PIC
0x0048      [12]    ?lstr1_ProjetoFinal_PIC
0x0054       [4]    _valorTemp
0x0058       [2]    _flagCooler
0x005A       [4]    _valorPressure
0x005E       [2]    _valorUmidade
0x0060       [4]    _valorAltitude
0x0064       [9]    ?lstr7_ProjetoFinal_PIC
0x006D       [1]    _vref_mask
0x006E       [5]    ?lstr8_ProjetoFinal_PIC
0x0073       [4]    __Lib_I2C_c34__I2C1_TIMEOUT
0x0077       [4]    _I2C_Read_Ptr
0x007B       [4]    _I2C_Restart_Ptr
0x007F       [0]    __Lib_Lcd_cmd_status
0x0080       [1]    main_ucStatus_inc_L0
0x0081       [4]    _I2C_Write_Ptr
0x0085       [4]    _I2C_Stop_Ptr
0x0089       [4]    _I2C_Start_Ptr
0x008D       [4]    _I2C_Is_Idle_Ptr
0x0091       [4]    _I2C1_Timeout_Ptr
0x0095       [2]    main_uiValorAD_L0
0x0097       [2]    main_uiContador_L0
0x0099       [2]    main_uiValor_L0
0x009B       [1]    FARG_ADC_Read_channel
0x009B       [4]    FARG_PWM1_Init_PWM_Freq
0x009B       [1]    FARG_Lcd_Out_row
0x009B       [4]    FARG_I2C1_Init_clock
0x009B       [1]    FARG_PWM1_Set_Duty_new_duty
0x009C       [1]    FARG_Lcd_Out_column
0x009D       [2]    FARG_Lcd_Out_text
0x009F       [1]    Lcd_Out_i_L0
0x00A0       [1]    FARG_Lcd_Chr_CP_out_char
0x00A0       [2]    I2C_ReceiveInt_intUnion_L0
0x00A0       [4]    I2C_ReceiveFloat_floatUnion_L0
0x00A2       [2]    I2C_ReceiveInt_i_L0
0x00A4       [2]    I2C_ReceiveFloat_i_L0
0x00A4       [2]    FLOC__I2C_ReceiveInt
0x00A6       [2]    FLOC__I2C_ReceiveFloat
0x00A8       [1]    FARG_I2C_ReceiveByte_ack
0x00A8       [1]    FARG_Lcd_Cmd_out_char
0x00A9       [1]    FARG_I2C1_Rd_ack
0x00AA       [1]    I2C1_Rd_tmp_L0
0x00AB       [4]    I2C1_Rd_timeout_L0
0x0F80       [1]    PORTA
0x0F81       [1]    PORTB
0x0F83       [0]    LCD_D7
0x0F83       [0]    LCD_D6
0x0F83       [0]    LCD_D5
0x0F83       [0]    LCD_D4
0x0F83       [0]    RD4_bit
0x0F83       [0]    RD6_bit
0x0F83       [0]    RD5_bit
0x0F83       [0]    RD7_bit
0x0F84       [0]    LCD_EN
0x0F84       [0]    LCD_RS
0x0F84       [0]    RE1_bit
0x0F84       [0]    RE2_bit
0x0F8B       [0]    LATC4_bit
0x0F8B       [0]    LATC3_bit
0x0F92       [1]    TRISA
0x0F93       [1]    TRISB
0x0F94       [0]    TRISC2_bit
0x0F94       [0]    TRISC3_bit
0x0F94       [0]    TRISC4_bit
0x0F95       [0]    TRISD7_bit
0x0F95       [0]    TRISD4_bit
0x0F95       [0]    LCD_D5_Direction
0x0F95       [0]    TRISD6_bit
0x0F95       [0]    LCD_D4_Direction
0x0F95       [0]    TRISD5_bit
0x0F95       [0]    LCD_D7_Direction
0x0F95       [0]    LCD_D6_Direction
0x0F96       [0]    TRISE2_bit
0x0F96       [0]    LCD_RS_Direction
0x0F96       [0]    LCD_EN_Direction
0x0F96       [0]    TRISE1_bit
0x0F9E       [1]    PIR1
0x0FBD       [1]    CCP1CON
0x0FBE       [1]    CCPR1L
0x0FC0       [1]    ADCON2
0x0FC1       [1]    ADCON1
0x0FC2       [1]    ADCON0
0x0FC3       [1]    ADRESL
0x0FC4       [1]    ADRESH
0x0FC5       [1]    SSPCON2
0x0FC6       [1]    SSPCON1
0x0FC7       [1]    SSPSTAT
0x0FC8       [1]    SSPADD
0x0FC9       [1]    SSPBUF
0x0FCA       [1]    T2CON
0x0FCB       [1]    PR2
0x0FD8       [1]    STATUS
0x0FD9       [1]    FSR2L
0x0FDA       [1]    FSR2H
0x0FDE       [1]    POSTINC2
0x0FE0       [1]    BSR
0x0FE1       [2]    FSR1
0x0FE1       [1]    FSR1L
0x0FE2       [1]    FSR1H
0x0FE4       [1]    PREINC1
0x0FE6       [1]    POSTINC1
0x0FE7       [1]    INDF1
0x0FE8       [1]    WREG
0x0FE9       [1]    FSR0L
0x0FEA       [1]    FSR0H
0x0FEE       [1]    POSTINC0
0x0FF2       [1]    INTCON
0x0FF3       [1]    PRODL
0x0FF4       [1]    PRODH
0x0FF5       [1]    TABLAT
0x0FF6       [1]    TBLPTRL
0x0FF7       [1]    TBLPTRH
0x0FF8       [1]    TBLPTRU
0x0FFD       [1]    TOSL
0x0FFE       [1]    TOSH
0x0FFF       [1]    TOSU
//** Constants locations ** 
//ADDRESS    SIZE    CONSTANT
//----------------------------------------------
0x09F0      [15]    ?ICS?lstr3_ProjetoFinal_PIC
0x09FF       [8]    ?ICS?lstr2_ProjetoFinal_PIC
0x0A07       [8]    ?ICS?lstr4_ProjetoFinal_PIC
0x0A0F       [4]    ?ICS?lstr6_ProjetoFinal_PIC
0x0A13      [16]    ?ICS?lstr5_ProjetoFinal_PIC
0x0A23      [12]    ?ICS?lstr1_ProjetoFinal_PIC
0x0A2F       [4]    ?ICS_valorTemp
0x0A33       [2]    ?ICS_flagCooler
0x0A35       [4]    ?ICS_valorPressure
0x0A39       [2]    ?ICS_valorUmidade
0x0A3B       [4]    ?ICS_valorAltitude
0x0A3F       [9]    ?ICS?lstr7_ProjetoFinal_PIC
0x0A48       [1]    ?ICS_vref_mask
0x0A49       [5]    ?ICS?lstr8_ProjetoFinal_PIC
0x0A4E       [4]    ?ICS__Lib_I2C_c34__I2C1_TIMEOUT
