;  LST file generated by mikroListExporter - v.2.0 
; Date/Time: 26/02/2025 17:21:02
;----------------------------------------------

;Address Opcode 	ASM
0x0000	0xF003EF31  	GOTO        1634
0x0004	0x0000      	NOP
0x0006	0x0000      	NOP
0x0008	0xF000EF00  	GOTO        0
0x000C	0x0000      	NOP
0x000E	0x0000      	NOP
0x0010	0x0000      	NOP
0x0012	0x0000      	NOP
0x0014	0x0000      	NOP
0x0016	0x0000      	NOP
0x0018	0xD7F3      	BRA         0
_Delay_1us:
;__Lib_Delays.c,7 :: 		void Delay_1us() {
;__Lib_Delays.c,8 :: 		Delay_us(1);
0x001C	0x0000      	NOP
0x001E	0x0000      	NOP
;__Lib_Delays.c,9 :: 		}
L_end_Delay_1us:
0x0020	0x0012      	RETURN      0
; end of _Delay_1us
_Delay_5500us:
;__Lib_Delays.c,31 :: 		void Delay_5500us() {
;__Lib_Delays.c,32 :: 		Delay_us(5500);
0x0022	0x0E0F      	MOVLW       15
0x0024	0x6E0C      	MOVWF       R12, 0
0x0026	0x0E47      	MOVLW       71
0x0028	0x6E0D      	MOVWF       R13, 0
L_Delay_5500us5:
0x002A	0x2E0D      	DECFSZ      R13, 1, 0
0x002C	0xD7FE      	BRA         L_Delay_5500us5
0x002E	0x2E0C      	DECFSZ      R12, 1, 0
0x0030	0xD7FC      	BRA         L_Delay_5500us5
0x0032	0x0000      	NOP
0x0034	0x0000      	NOP
;__Lib_Delays.c,33 :: 		}
L_end_Delay_5500us:
0x0036	0x0012      	RETURN      0
; end of _Delay_5500us
_Delay_50us:
;__Lib_Delays.c,19 :: 		void Delay_50us() {
;__Lib_Delays.c,20 :: 		Delay_us(50);
0x0038	0x0E21      	MOVLW       33
0x003A	0x6E0D      	MOVWF       R13, 0
L_Delay_50us2:
0x003C	0x2E0D      	DECFSZ      R13, 1, 0
0x003E	0xD7FE      	BRA         L_Delay_50us2
;__Lib_Delays.c,21 :: 		}
L_end_Delay_50us:
0x0040	0x0012      	RETURN      0
; end of _Delay_50us
_FIXSIGN32:
;__Lib_MathDouble.c,117 :: 		
;__Lib_MathDouble.c,121 :: 		
0x0042	0xAE0A      	BTFSS       R10, 7, 0
;__Lib_MathDouble.c,122 :: 		
0x0044	0x9E02      	BCF         R2, 7, 0
;__Lib_MathDouble.c,123 :: 		
0x0046	0x0E00      	MOVLW       0
;__Lib_MathDouble.c,125 :: 		
L_end_FIXSIGN32:
0x0048	0x0012      	RETURN      0
; end of _FIXSIGN32
_SETFUN32:
;__Lib_MathDouble.c,144 :: 		
;__Lib_MathDouble.c,152 :: 		
0x004A	0x840B      	BSF         R11, 2, 0
;__Lib_MathDouble.c,153 :: 		
0x004C	0xAE0B      	BTFSS       R11, 7, 0
;__Lib_MathDouble.c,154 :: 		
0x004E	0xF000EF30  	GOTO        SETFUN32EEE
;__Lib_MathDouble.c,156 :: 		
0x0052	0x0E01      	MOVLW       1
;__Lib_MathDouble.c,157 :: 		
0x0054	0x6E03      	MOVWF       R3, 0
;__Lib_MathDouble.c,158 :: 		
0x0056	0x6A02      	CLRF        R2, 0
;__Lib_MathDouble.c,159 :: 		
0x0058	0x6A01      	CLRF        R1, 0
;__Lib_MathDouble.c,160 :: 		
0x005A	0x6A00      	CLRF        R0, 0
;__Lib_MathDouble.c,161 :: 		
0x005C	0x360A      	RLCF        R10, 1, 0
;__Lib_MathDouble.c,162 :: 		
0x005E	0x3202      	RRCF        R2, 1, 0
;__Lib_MathDouble.c,163 :: 		
SETFUN32EEE:
;__Lib_MathDouble.c,164 :: 		
0x0060	0x0EFF      	MOVLW       255
;__Lib_MathDouble.c,166 :: 		
L_end_SETFUN32:
0x0062	0x0012      	RETURN      0
; end of _SETFUN32
_RES032:
;__Lib_MathDouble.c,128 :: 		
;__Lib_MathDouble.c,134 :: 		
0x0064	0x6A02      	CLRF        R2, 0
;__Lib_MathDouble.c,135 :: 		
0x0066	0x6A01      	CLRF        R1, 0
;__Lib_MathDouble.c,136 :: 		
0x0068	0x6A00      	CLRF        R0, 0
;__Lib_MathDouble.c,137 :: 		
0x006A	0x6A08      	CLRF        R8, 0
;__Lib_MathDouble.c,138 :: 		
0x006C	0x6A03      	CLRF        R3, 0
;__Lib_MathDouble.c,139 :: 		
0x006E	0x0E00      	MOVLW       0
;__Lib_MathDouble.c,141 :: 		
L_end_RES032:
0x0070	0x0012      	RETURN      0
; end of _RES032
_Lcd_Cmd:
;__Lib_Lcd.c,18 :: 		
;__Lib_Lcd.c,20 :: 		
0x0072	0xBE6A      	BTFSC       FARG_Lcd_Cmd_out_char, 7 
0x0074	0xD002      	BRA         L__Lcd_Cmd21
0x0076	0x9E83      	BCF         LCD_D7, BitPos(LCD_D7+0) 
0x0078	0xD001      	BRA         L__Lcd_Cmd22
L__Lcd_Cmd21:
0x007A	0x8E83      	BSF         LCD_D7, BitPos(LCD_D7+0) 
L__Lcd_Cmd22:
;__Lib_Lcd.c,21 :: 		
0x007C	0xBC6A      	BTFSC       FARG_Lcd_Cmd_out_char, 6 
0x007E	0xD002      	BRA         L__Lcd_Cmd23
0x0080	0x9C83      	BCF         LCD_D6, BitPos(LCD_D6+0) 
0x0082	0xD001      	BRA         L__Lcd_Cmd24
L__Lcd_Cmd23:
0x0084	0x8C83      	BSF         LCD_D6, BitPos(LCD_D6+0) 
L__Lcd_Cmd24:
;__Lib_Lcd.c,22 :: 		
0x0086	0xBA6A      	BTFSC       FARG_Lcd_Cmd_out_char, 5 
0x0088	0xD002      	BRA         L__Lcd_Cmd25
0x008A	0x9A83      	BCF         LCD_D5, BitPos(LCD_D5+0) 
0x008C	0xD001      	BRA         L__Lcd_Cmd26
L__Lcd_Cmd25:
0x008E	0x8A83      	BSF         LCD_D5, BitPos(LCD_D5+0) 
L__Lcd_Cmd26:
;__Lib_Lcd.c,23 :: 		
0x0090	0xB86A      	BTFSC       FARG_Lcd_Cmd_out_char, 4 
0x0092	0xD002      	BRA         L__Lcd_Cmd27
0x0094	0x9883      	BCF         LCD_D4, BitPos(LCD_D4+0) 
0x0096	0xD001      	BRA         L__Lcd_Cmd28
L__Lcd_Cmd27:
0x0098	0x8883      	BSF         LCD_D4, BitPos(LCD_D4+0) 
L__Lcd_Cmd28:
;__Lib_Lcd.c,25 :: 		
0x009A	0xB05C      	BTFSC       __Lib_Lcd_cmd_status, BitPos(__Lib_Lcd_cmd_status+0) 
0x009C	0xD002      	BRA         L__Lcd_Cmd29
0x009E	0x8484      	BSF         LCD_RS, BitPos(LCD_RS+0) 
0x00A0	0xD001      	BRA         L__Lcd_Cmd30
L__Lcd_Cmd29:
0x00A2	0x9484      	BCF         LCD_RS, BitPos(LCD_RS+0) 
L__Lcd_Cmd30:
;__Lib_Lcd.c,28 :: 		
0x00A4	0x8284      	BSF         LCD_EN, BitPos(LCD_EN+0) 
;__Lib_Lcd.c,29 :: 		
0x00A6	0xDFBA      	RCALL       _Delay_1us
;__Lib_Lcd.c,30 :: 		
0x00A8	0x9284      	BCF         LCD_EN, BitPos(LCD_EN+0) 
;__Lib_Lcd.c,33 :: 		
0x00AA	0xB66A      	BTFSC       FARG_Lcd_Cmd_out_char, 3 
0x00AC	0xD002      	BRA         L__Lcd_Cmd31
0x00AE	0x9E83      	BCF         LCD_D7, BitPos(LCD_D7+0) 
0x00B0	0xD001      	BRA         L__Lcd_Cmd32
L__Lcd_Cmd31:
0x00B2	0x8E83      	BSF         LCD_D7, BitPos(LCD_D7+0) 
L__Lcd_Cmd32:
;__Lib_Lcd.c,34 :: 		
0x00B4	0xB46A      	BTFSC       FARG_Lcd_Cmd_out_char, 2 
0x00B6	0xD002      	BRA         L__Lcd_Cmd33
0x00B8	0x9C83      	BCF         LCD_D6, BitPos(LCD_D6+0) 
0x00BA	0xD001      	BRA         L__Lcd_Cmd34
L__Lcd_Cmd33:
0x00BC	0x8C83      	BSF         LCD_D6, BitPos(LCD_D6+0) 
L__Lcd_Cmd34:
;__Lib_Lcd.c,35 :: 		
0x00BE	0xB26A      	BTFSC       FARG_Lcd_Cmd_out_char, 1 
0x00C0	0xD002      	BRA         L__Lcd_Cmd35
0x00C2	0x9A83      	BCF         LCD_D5, BitPos(LCD_D5+0) 
0x00C4	0xD001      	BRA         L__Lcd_Cmd36
L__Lcd_Cmd35:
0x00C6	0x8A83      	BSF         LCD_D5, BitPos(LCD_D5+0) 
L__Lcd_Cmd36:
;__Lib_Lcd.c,36 :: 		
0x00C8	0xB06A      	BTFSC       FARG_Lcd_Cmd_out_char, 0 
0x00CA	0xD002      	BRA         L__Lcd_Cmd37
0x00CC	0x9883      	BCF         LCD_D4, BitPos(LCD_D4+0) 
0x00CE	0xD001      	BRA         L__Lcd_Cmd38
L__Lcd_Cmd37:
0x00D0	0x8883      	BSF         LCD_D4, BitPos(LCD_D4+0) 
L__Lcd_Cmd38:
;__Lib_Lcd.c,38 :: 		
0x00D2	0xB05C      	BTFSC       __Lib_Lcd_cmd_status, BitPos(__Lib_Lcd_cmd_status+0) 
0x00D4	0xD002      	BRA         L__Lcd_Cmd39
0x00D6	0x8484      	BSF         LCD_RS, BitPos(LCD_RS+0) 
0x00D8	0xD001      	BRA         L__Lcd_Cmd40
L__Lcd_Cmd39:
0x00DA	0x9484      	BCF         LCD_RS, BitPos(LCD_RS+0) 
L__Lcd_Cmd40:
;__Lib_Lcd.c,40 :: 		
0x00DC	0x8284      	BSF         LCD_EN, BitPos(LCD_EN+0) 
;__Lib_Lcd.c,41 :: 		
0x00DE	0xDF9E      	RCALL       _Delay_1us
;__Lib_Lcd.c,42 :: 		
0x00E0	0x9284      	BCF         LCD_EN, BitPos(LCD_EN+0) 
;__Lib_Lcd.c,44 :: 		
0x00E2	0xA05C      	BTFSS       __Lib_Lcd_cmd_status, BitPos(__Lib_Lcd_cmd_status+0) 
0x00E4	0xD002      	BRA         L_Lcd_Cmd0
;__Lib_Lcd.c,45 :: 		
0x00E6	0xDF9D      	RCALL       _Delay_5500us
0x00E8	0xD001      	BRA         L_Lcd_Cmd1
L_Lcd_Cmd0:
;__Lib_Lcd.c,47 :: 		
0x00EA	0xDFA6      	RCALL       _Delay_50us
L_Lcd_Cmd1:
;__Lib_Lcd.c,48 :: 		
L_end_Lcd_Cmd:
0x00EC	0x0012      	RETURN      0
; end of _Lcd_Cmd
_SETFOV32:
;__Lib_MathDouble.c,82 :: 		
;__Lib_MathDouble.c,90 :: 		
0x00EE	0x820B      	BSF         R11, 1, 0
;__Lib_MathDouble.c,91 :: 		
0x00F0	0xAE0B      	BTFSS       R11, 7, 0
;__Lib_MathDouble.c,92 :: 		
0x00F2	0xF000EF81  	GOTO        SETFOV32EEE
;__Lib_MathDouble.c,94 :: 		
0x00F6	0x6803      	SETF        R3, 0
;__Lib_MathDouble.c,95 :: 		
0x00F8	0x6802      	SETF        R2, 0
;__Lib_MathDouble.c,96 :: 		
0x00FA	0x6801      	SETF        R1, 0
;__Lib_MathDouble.c,97 :: 		
0x00FC	0x6800      	SETF        R0, 0
;__Lib_MathDouble.c,98 :: 		
0x00FE	0x360A      	RLCF        R10, 1, 0
;__Lib_MathDouble.c,99 :: 		
0x0100	0x3202      	RRCF        R2, 1, 0
;__Lib_MathDouble.c,100 :: 		
SETFOV32EEE:
;__Lib_MathDouble.c,101 :: 		
0x0102	0x0EFF      	MOVLW       255
;__Lib_MathDouble.c,103 :: 		
L_end_SETFOV32:
0x0104	0x0012      	RETURN      0
; end of _SETFOV32
_NRM3232:
;__Lib_MathDouble.c,455 :: 		
;__Lib_MathDouble.c,463 :: 		
0x0106	0x6A0C      	CLRF        R12, 0
;__Lib_MathDouble.c,464 :: 		
0x0108	0x6A0E      	CLRF        R14, 0
;__Lib_MathDouble.c,465 :: 		
0x010A	0x5002      	MOVF        R2, 0, 0
;__Lib_MathDouble.c,466 :: 		
0x010C	0xA4D8      	BTFSS       STATUS, 2, 0
;__Lib_MathDouble.c,467 :: 		
0x010E	0xF000EF9C  	GOTO        NORM3232
;__Lib_MathDouble.c,468 :: 		
0x0112	0xF002C001  	MOVFF       R1, R2
;__Lib_MathDouble.c,469 :: 		
0x0116	0xF001C000  	MOVFF       R0, R1
;__Lib_MathDouble.c,470 :: 		
0x011A	0x6A00      	CLRF        R0, 0
;__Lib_MathDouble.c,471 :: 		
0x011C	0x860E      	BSF         R14, 3, 0
;__Lib_MathDouble.c,473 :: 		
0x011E	0x5002      	MOVF        R2, 0, 0
;__Lib_MathDouble.c,474 :: 		
0x0120	0xA4D8      	BTFSS       STATUS, 2, 0
;__Lib_MathDouble.c,475 :: 		
0x0122	0xF000EF9C  	GOTO        NORM3232
;__Lib_MathDouble.c,476 :: 		
0x0126	0xF002C001  	MOVFF       R1, R2
;__Lib_MathDouble.c,477 :: 		
0x012A	0x6A01      	CLRF        R1, 0
;__Lib_MathDouble.c,478 :: 		
0x012C	0x960E      	BCF         R14, 3, 0
;__Lib_MathDouble.c,479 :: 		
0x012E	0x880E      	BSF         R14, 4, 0
;__Lib_MathDouble.c,481 :: 		
0x0130	0x5002      	MOVF        R2, 0, 0
;__Lib_MathDouble.c,482 :: 		
0x0132	0xB4D8      	BTFSC       STATUS, 2, 0
;__Lib_MathDouble.c,483 :: 		
0x0134	0xF000EFAE  	GOTO        JPNRES032
;__Lib_MathDouble.c,484 :: 		
NORM3232:
;__Lib_MathDouble.c,485 :: 		
0x0138	0x500E      	MOVF        R14, 0, 0
;__Lib_MathDouble.c,486 :: 		
0x013A	0x5E03      	SUBWF       R3, 1, 0
;__Lib_MathDouble.c,487 :: 		
0x013C	0xA4D8      	BTFSS       STATUS, 2, 0
;__Lib_MathDouble.c,488 :: 		
0x013E	0xA0D8      	BTFSS       STATUS, 0, 0
;__Lib_MathDouble.c,489 :: 		
0x0140	0xF000EFB3  	GOTO        JPNSETFUN32
;__Lib_MathDouble.c,490 :: 		
0x0144	0x90D8      	BCF         STATUS, 0, 0
;__Lib_MathDouble.c,491 :: 		
NORM3232A:
;__Lib_MathDouble.c,492 :: 		
0x0146	0xBE02      	BTFSC       R2, 7, 0
;__Lib_MathDouble.c,493 :: 		
0x0148	0xF000EFB8  	GOTO        JMPNFIXSIGN32
;__Lib_MathDouble.c,494 :: 		
0x014C	0x3600      	RLCF        R0, 1, 0
;__Lib_MathDouble.c,495 :: 		
0x014E	0x3601      	RLCF        R1, 1, 0
;__Lib_MathDouble.c,496 :: 		
0x0150	0x3602      	RLCF        R2, 1, 0
;__Lib_MathDouble.c,497 :: 		
0x0152	0x2E03      	DECFSZ      R3, 1, 0
;__Lib_MathDouble.c,498 :: 		
0x0154	0xF000EFA3  	GOTO        NORM3232A
;__Lib_MathDouble.c,499 :: 		
0x0158	0xF000EFB3  	GOTO        JPNSETFUN32
;__Lib_MathDouble.c,500 :: 		
JPNRES032:
;__Lib_MathDouble.c,501 :: 		
0x015C	0x0E01      	MOVLW       1
;__Lib_MathDouble.c,502 :: 		
0x015E	0x6E0C      	MOVWF       R12, 0
;__Lib_MathDouble.c,504 :: 		
0x0160	0xDF81      	RCALL       _RES032
;__Lib_MathDouble.c,506 :: 		
0x0162	0xF000EFBB  	GOTO        NORM32EEE
;__Lib_MathDouble.c,507 :: 		
JPNSETFUN32:
;__Lib_MathDouble.c,508 :: 		
0x0166	0x0E02      	MOVLW       2
;__Lib_MathDouble.c,509 :: 		
0x0168	0x6E0C      	MOVWF       R12, 0
;__Lib_MathDouble.c,511 :: 		
0x016A	0xDF6F      	RCALL       _SETFUN32
;__Lib_MathDouble.c,513 :: 		
0x016C	0xF000EFBB  	GOTO        NORM32EEE
;__Lib_MathDouble.c,514 :: 		
JMPNFIXSIGN32:
;__Lib_MathDouble.c,515 :: 		
0x0170	0x0E04      	MOVLW       4
;__Lib_MathDouble.c,516 :: 		
0x0172	0x6E0C      	MOVWF       R12, 0
;__Lib_MathDouble.c,518 :: 		
0x0174	0xDF66      	RCALL       _FIXSIGN32
;__Lib_MathDouble.c,520 :: 		
NORM32EEE:
;__Lib_MathDouble.c,527 :: 		
L_end_NRM3232:
0x0176	0x0012      	RETURN      0
; end of _NRM3232
_Lcd_Chr_CP:
;__Lib_Lcd.c,50 :: 		
;__Lib_Lcd.c,52 :: 		
0x0178	0x905C      	BCF         __Lib_Lcd_cmd_status, BitPos(__Lib_Lcd_cmd_status+0) 
;__Lib_Lcd.c,53 :: 		
0x017A	0xF06AC069  	MOVFF       FARG_Lcd_Chr_CP_out_char, FARG_Lcd_Cmd_out_char
0x017E	0xDF79      	RCALL       _Lcd_Cmd
;__Lib_Lcd.c,54 :: 		
0x0180	0x805C      	BSF         __Lib_Lcd_cmd_status, BitPos(__Lib_Lcd_cmd_status+0) 
;__Lib_Lcd.c,55 :: 		
L_end_Lcd_Chr_CP:
0x0182	0x0012      	RETURN      0
; end of _Lcd_Chr_CP
_SETIOV3224:
;__Lib_MathDouble.c,530 :: 		
;__Lib_MathDouble.c,537 :: 		
0x0184	0x800B      	BSF         R11, 0, 0
;__Lib_MathDouble.c,538 :: 		
0x0186	0xAE0B      	BTFSS       R11, 7, 0
;__Lib_MathDouble.c,539 :: 		
0x0188	0xF000EFCE  	GOTO        SETIOV3224EEE
;__Lib_MathDouble.c,541 :: 		
0x018C	0x6A02      	CLRF        R2, 0
;__Lib_MathDouble.c,542 :: 		
0x018E	0xAE0A      	BTFSS       R10, 7, 0
;__Lib_MathDouble.c,543 :: 		
0x0190	0x0EFF      	MOVLW       255
;__Lib_MathDouble.c,544 :: 		
0x0192	0x6E02      	MOVWF       R2, 0
;__Lib_MathDouble.c,545 :: 		
0x0194	0x6E01      	MOVWF       R1, 0
;__Lib_MathDouble.c,546 :: 		
0x0196	0x6E00      	MOVWF       R0, 0
;__Lib_MathDouble.c,547 :: 		
0x0198	0x360A      	RLCF        R10, 1, 0
;__Lib_MathDouble.c,548 :: 		
0x019A	0x3202      	RRCF        R2, 1, 0
;__Lib_MathDouble.c,549 :: 		
SETIOV3224EEE:
;__Lib_MathDouble.c,550 :: 		
0x019C	0x0EFF      	MOVLW       255
;__Lib_MathDouble.c,552 :: 		
L_end_SETIOV3224:
0x019E	0x0012      	RETURN      0
; end of _SETIOV3224
_Mul_16X16_U:
;__Lib_Math.c,440 :: 		
;__Lib_Math.c,447 :: 		
0x01A0	0x6A0B      	CLRF        R11, 0
;__Lib_Math.c,448 :: 		
0x01A2	0x6A0A      	CLRF        R10, 0
;__Lib_Math.c,449 :: 		
0x01A4	0x6A09      	CLRF        R9, 0
;__Lib_Math.c,450 :: 		
0x01A6	0x5000      	MOVF        R0, 0, 0
;__Lib_Math.c,451 :: 		
0x01A8	0x0204      	MULWF       R4, 0
;__Lib_Math.c,453 :: 		
0x01AA	0xF009CFF4  	MOVFF       PRODH, R9
;__Lib_Math.c,454 :: 		
0x01AE	0xF008CFF3  	MOVFF       PRODL, R8
;__Lib_Math.c,455 :: 		
0x01B2	0x5001      	MOVF        R1, 0, 0
;__Lib_Math.c,456 :: 		
0x01B4	0x0205      	MULWF       R5, 0
;__Lib_Math.c,458 :: 		
0x01B6	0xF00BCFF4  	MOVFF       PRODH, R11
;__Lib_Math.c,459 :: 		
0x01BA	0xF00ACFF3  	MOVFF       PRODL, R10
;__Lib_Math.c,460 :: 		
0x01BE	0x5000      	MOVF        R0, 0, 0
;__Lib_Math.c,461 :: 		
0x01C0	0x0205      	MULWF       R5, 0
;__Lib_Math.c,463 :: 		
0x01C2	0x50F3      	MOVF        PRODL, 0, 0
;__Lib_Math.c,464 :: 		
0x01C4	0x2609      	ADDWF       R9, 1, 0
;__Lib_Math.c,465 :: 		
0x01C6	0x50F4      	MOVF        PRODH, 0, 0
;__Lib_Math.c,466 :: 		
0x01C8	0x220A      	ADDWFC      R10, 1, 0
;__Lib_Math.c,467 :: 		
0x01CA	0x6AE8      	CLRF        WREG, 0
;__Lib_Math.c,468 :: 		
0x01CC	0x220B      	ADDWFC      R11, 1, 0
;__Lib_Math.c,469 :: 		
0x01CE	0x5001      	MOVF        R1, 0, 0
;__Lib_Math.c,470 :: 		
0x01D0	0x0204      	MULWF       R4, 0
;__Lib_Math.c,472 :: 		
0x01D2	0x50F3      	MOVF        PRODL, 0, 0
;__Lib_Math.c,473 :: 		
0x01D4	0x2609      	ADDWF       R9, 1, 0
;__Lib_Math.c,474 :: 		
0x01D6	0x50F4      	MOVF        PRODH, 0, 0
;__Lib_Math.c,475 :: 		
0x01D8	0x220A      	ADDWFC      R10, 1, 0
;__Lib_Math.c,476 :: 		
0x01DA	0x6AE8      	CLRF        WREG, 0
;__Lib_Math.c,477 :: 		
0x01DC	0x220B      	ADDWFC      R11, 1, 0
;__Lib_Math.c,479 :: 		
0x01DE	0xF000C008  	MOVFF       R8, R0
;__Lib_Math.c,480 :: 		
0x01E2	0xF001C009  	MOVFF       R9, R1
;__Lib_Math.c,481 :: 		
0x01E6	0xF002C00A  	MOVFF       R10, R2
;__Lib_Math.c,482 :: 		
0x01EA	0xF003C00B  	MOVFF       R11, R3
;__Lib_Math.c,485 :: 		
L_end_Mul_16X16_U:
0x01EE	0x0012      	RETURN      0
; end of _Mul_16X16_U
_Delay_22us:
;__Lib_Delays.c,15 :: 		void Delay_22us() {
;__Lib_Delays.c,16 :: 		Delay_us(22);
0x01F0	0x0E0E      	MOVLW       14
0x01F2	0x6E0D      	MOVWF       R13, 0
L_Delay_22us1:
0x01F4	0x2E0D      	DECFSZ      R13, 1, 0
0x01F6	0xD7FE      	BRA         L_Delay_22us1
0x01F8	0x0000      	NOP
;__Lib_Delays.c,17 :: 		}
L_end_Delay_22us:
0x01FA	0x0012      	RETURN      0
; end of _Delay_22us
_UART1_Read:
;__Lib_UART_c67.c,39 :: 		
;__Lib_UART_c67.c,42 :: 		
0x01FC	0xF001CFAE  	MOVFF       RCREG, R1
;__Lib_UART_c67.c,43 :: 		
0x0200	0xA2AB      	BTFSS       RCSTA, 1 
0x0202	0xD002      	BRA         L_UART1_Read2
;__Lib_UART_c67.c,44 :: 		
0x0204	0x98AB      	BCF         RCSTA, 4 
;__Lib_UART_c67.c,45 :: 		
0x0206	0x88AB      	BSF         RCSTA, 4 
;__Lib_UART_c67.c,46 :: 		
L_UART1_Read2:
;__Lib_UART_c67.c,47 :: 		
0x0208	0xF000C001  	MOVFF       R1, R0
;__Lib_UART_c67.c,48 :: 		
L_end_UART1_Read:
0x020C	0x0012      	RETURN      0
; end of _UART1_Read
_UART1_Init:
;__Lib_UART_c67.c,15 :: 		
;__Lib_UART_c67.c,18 :: 		
0x020E	0x0EFF      	MOVLW       _UART1_Write
0x0210	0x6E50      	MOVWF       _UART_Wr_Ptr 
0x0212	0x0EFF      	MOVLW       hi_addr(_UART1_Write)
0x0214	0x6E51      	MOVWF       _UART_Wr_Ptr+1 
0x0216	0x0EFF      	MOVLW       FARG_UART1_Write_data_
0x0218	0x6E52      	MOVWF       _UART_Wr_Ptr+2 
0x021A	0x0EFF      	MOVLW       hi_addr(FARG_UART1_Write_data_)
0x021C	0x6E53      	MOVWF       _UART_Wr_Ptr+3 
;__Lib_UART_c67.c,19 :: 		
0x021E	0x0EFC      	MOVLW       _UART1_Read
0x0220	0x6E58      	MOVWF       _UART_Rd_Ptr 
0x0222	0x0E01      	MOVLW       hi_addr(_UART1_Read)
0x0224	0x6E59      	MOVWF       _UART_Rd_Ptr+1 
0x0226	0x0E00      	MOVLW       0
0x0228	0x6E5A      	MOVWF       _UART_Rd_Ptr+2 
0x022A	0x0E00      	MOVLW       0
0x022C	0x6E5B      	MOVWF       _UART_Rd_Ptr+3 
;__Lib_UART_c67.c,20 :: 		
0x022E	0x0EFF      	MOVLW       _UART1_Data_Ready
0x0230	0x6E54      	MOVWF       _UART_Rdy_Ptr 
0x0232	0x0EFF      	MOVLW       hi_addr(_UART1_Data_Ready)
0x0234	0x6E55      	MOVWF       _UART_Rdy_Ptr+1 
0x0236	0x0E00      	MOVLW       0
0x0238	0x6E56      	MOVWF       _UART_Rdy_Ptr+2 
0x023A	0x0E00      	MOVLW       0
0x023C	0x6E57      	MOVWF       _UART_Rdy_Ptr+3 
;__Lib_UART_c67.c,21 :: 		
0x023E	0x0EFF      	MOVLW       _UART1_Tx_Idle
0x0240	0x6E4C      	MOVWF       _UART_Tx_Idle_Ptr 
0x0242	0x0EFF      	MOVLW       hi_addr(_UART1_Tx_Idle)
0x0244	0x6E4D      	MOVWF       _UART_Tx_Idle_Ptr+1 
0x0246	0x0E00      	MOVLW       0
0x0248	0x6E4E      	MOVWF       _UART_Tx_Idle_Ptr+2 
0x024A	0x0E00      	MOVLW       0
0x024C	0x6E4F      	MOVWF       _UART_Tx_Idle_Ptr+3 
;__Lib_UART_c67.c,23 :: 		
0x024E	0x8AAC      	BSF         TXSTA, 5 
;__Lib_UART_c67.c,24 :: 		
0x0250	0x0E90      	MOVLW       144
0x0252	0x6EAB      	MOVWF       RCSTA 
;__Lib_UART_c67.c,25 :: 		
0x0254	0x8E94      	BSF         TRISC7_bit, BitPos(TRISC7_bit+0) 
;__Lib_UART_c67.c,26 :: 		
0x0256	0x9C94      	BCF         TRISC6_bit, BitPos(TRISC6_bit+0) 
;__Lib_UART_c67.c,28 :: 		
L_UART1_Init0:
0x0258	0xAA9E      	BTFSS       PIR1, 5 
0x025A	0xD003      	BRA         L_UART1_Init1
;__Lib_UART_c67.c,29 :: 		
0x025C	0xF000CFAE  	MOVFF       RCREG, R0
0x0260	0xD7FB      	BRA         L_UART1_Init0
L_UART1_Init1:
;__Lib_UART_c67.c,30 :: 		
L_end_UART1_Init:
0x0262	0x0012      	RETURN      0
; end of _UART1_Init
_Lcd_Init:
;__Lib_Lcd.c,84 :: 		
;__Lib_Lcd.c,86 :: 		
0x0264	0x9296      	BCF         LCD_EN_Direction, BitPos(LCD_EN_Direction+0) 
;__Lib_Lcd.c,87 :: 		
0x0266	0x9496      	BCF         LCD_RS_Direction, BitPos(LCD_RS_Direction+0) 
;__Lib_Lcd.c,88 :: 		
0x0268	0x9895      	BCF         LCD_D4_Direction, BitPos(LCD_D4_Direction+0) 
;__Lib_Lcd.c,89 :: 		
0x026A	0x9A95      	BCF         LCD_D5_Direction, BitPos(LCD_D5_Direction+0) 
;__Lib_Lcd.c,90 :: 		
0x026C	0x9C95      	BCF         LCD_D6_Direction, BitPos(LCD_D6_Direction+0) 
;__Lib_Lcd.c,91 :: 		
0x026E	0x9E95      	BCF         LCD_D7_Direction, BitPos(LCD_D7_Direction+0) 
;__Lib_Lcd.c,93 :: 		
0x0270	0x9284      	BCF         LCD_EN, BitPos(LCD_EN+0) 
;__Lib_Lcd.c,94 :: 		
0x0272	0x9484      	BCF         LCD_RS, BitPos(LCD_RS+0) 
;__Lib_Lcd.c,95 :: 		
0x0274	0x9E83      	BCF         LCD_D7, BitPos(LCD_D7+0) 
;__Lib_Lcd.c,96 :: 		
0x0276	0x9C83      	BCF         LCD_D6, BitPos(LCD_D6+0) 
;__Lib_Lcd.c,97 :: 		
0x0278	0x9A83      	BCF         LCD_D5, BitPos(LCD_D5+0) 
;__Lib_Lcd.c,98 :: 		
0x027A	0x9883      	BCF         LCD_D4, BitPos(LCD_D4+0) 
;__Lib_Lcd.c,100 :: 		
0x027C	0xDED2      	RCALL       _Delay_5500us
;__Lib_Lcd.c,101 :: 		
0x027E	0xDED1      	RCALL       _Delay_5500us
;__Lib_Lcd.c,102 :: 		
0x0280	0xDED0      	RCALL       _Delay_5500us
;__Lib_Lcd.c,105 :: 		
0x0282	0x8A83      	BSF         LCD_D5, BitPos(LCD_D5+0) 
;__Lib_Lcd.c,106 :: 		
0x0284	0x8883      	BSF         LCD_D4, BitPos(LCD_D4+0) 
;__Lib_Lcd.c,107 :: 		
0x0286	0x8284      	BSF         LCD_EN, BitPos(LCD_EN+0) 
;__Lib_Lcd.c,108 :: 		
0x0288	0xDEC9      	RCALL       _Delay_1us
;__Lib_Lcd.c,109 :: 		
0x028A	0x9284      	BCF         LCD_EN, BitPos(LCD_EN+0) 
;__Lib_Lcd.c,110 :: 		
0x028C	0xDECA      	RCALL       _Delay_5500us
;__Lib_Lcd.c,112 :: 		
0x028E	0x8284      	BSF         LCD_EN, BitPos(LCD_EN+0) 
;__Lib_Lcd.c,113 :: 		
0x0290	0xDEC5      	RCALL       _Delay_1us
;__Lib_Lcd.c,114 :: 		
0x0292	0x9284      	BCF         LCD_EN, BitPos(LCD_EN+0) 
;__Lib_Lcd.c,115 :: 		
0x0294	0xDEC6      	RCALL       _Delay_5500us
;__Lib_Lcd.c,117 :: 		
0x0296	0x8284      	BSF         LCD_EN, BitPos(LCD_EN+0) 
;__Lib_Lcd.c,118 :: 		
0x0298	0xDEC1      	RCALL       _Delay_1us
;__Lib_Lcd.c,119 :: 		
0x029A	0x9284      	BCF         LCD_EN, BitPos(LCD_EN+0) 
;__Lib_Lcd.c,120 :: 		
0x029C	0xDEC2      	RCALL       _Delay_5500us
;__Lib_Lcd.c,123 :: 		
0x029E	0x9883      	BCF         LCD_D4, BitPos(LCD_D4+0) 
;__Lib_Lcd.c,124 :: 		
0x02A0	0x8284      	BSF         LCD_EN, BitPos(LCD_EN+0) 
;__Lib_Lcd.c,125 :: 		
0x02A2	0xDEBC      	RCALL       _Delay_1us
;__Lib_Lcd.c,126 :: 		
0x02A4	0x9284      	BCF         LCD_EN, BitPos(LCD_EN+0) 
;__Lib_Lcd.c,127 :: 		
0x02A6	0xDEBD      	RCALL       _Delay_5500us
;__Lib_Lcd.c,130 :: 		
0x02A8	0x8284      	BSF         LCD_EN, BitPos(LCD_EN+0) 
;__Lib_Lcd.c,131 :: 		
0x02AA	0xDEB8      	RCALL       _Delay_1us
;__Lib_Lcd.c,132 :: 		
0x02AC	0x9284      	BCF         LCD_EN, BitPos(LCD_EN+0) 
;__Lib_Lcd.c,134 :: 		
0x02AE	0x9A83      	BCF         LCD_D5, BitPos(LCD_D5+0) 
;__Lib_Lcd.c,135 :: 		
0x02B0	0x8E83      	BSF         LCD_D7, BitPos(LCD_D7+0) 
;__Lib_Lcd.c,136 :: 		
0x02B2	0x8284      	BSF         LCD_EN, BitPos(LCD_EN+0) 
;__Lib_Lcd.c,137 :: 		
0x02B4	0xDEB3      	RCALL       _Delay_1us
;__Lib_Lcd.c,138 :: 		
0x02B6	0x9284      	BCF         LCD_EN, BitPos(LCD_EN+0) 
;__Lib_Lcd.c,139 :: 		
0x02B8	0xDEB4      	RCALL       _Delay_5500us
;__Lib_Lcd.c,142 :: 		
0x02BA	0x9E83      	BCF         LCD_D7, BitPos(LCD_D7+0) 
;__Lib_Lcd.c,143 :: 		
0x02BC	0x8883      	BSF         LCD_D4, BitPos(LCD_D4+0) 
;__Lib_Lcd.c,144 :: 		
0x02BE	0x8284      	BSF         LCD_EN, BitPos(LCD_EN+0) 
;__Lib_Lcd.c,145 :: 		
0x02C0	0xDEAD      	RCALL       _Delay_1us
;__Lib_Lcd.c,146 :: 		
0x02C2	0x9284      	BCF         LCD_EN, BitPos(LCD_EN+0) 
;__Lib_Lcd.c,148 :: 		
0x02C4	0x9883      	BCF         LCD_D4, BitPos(LCD_D4+0) 
;__Lib_Lcd.c,149 :: 		
0x02C6	0x8284      	BSF         LCD_EN, BitPos(LCD_EN+0) 
;__Lib_Lcd.c,150 :: 		
0x02C8	0xDEA9      	RCALL       _Delay_1us
;__Lib_Lcd.c,151 :: 		
0x02CA	0x9284      	BCF         LCD_EN, BitPos(LCD_EN+0) 
;__Lib_Lcd.c,152 :: 		
0x02CC	0xDEAA      	RCALL       _Delay_5500us
;__Lib_Lcd.c,155 :: 		
0x02CE	0x8284      	BSF         LCD_EN, BitPos(LCD_EN+0) 
;__Lib_Lcd.c,156 :: 		
0x02D0	0xDEA5      	RCALL       _Delay_1us
;__Lib_Lcd.c,157 :: 		
0x02D2	0x9284      	BCF         LCD_EN, BitPos(LCD_EN+0) 
;__Lib_Lcd.c,159 :: 		
0x02D4	0x8883      	BSF         LCD_D4, BitPos(LCD_D4+0) 
;__Lib_Lcd.c,160 :: 		
0x02D6	0x8284      	BSF         LCD_EN, BitPos(LCD_EN+0) 
;__Lib_Lcd.c,161 :: 		
0x02D8	0xDEA1      	RCALL       _Delay_1us
;__Lib_Lcd.c,162 :: 		
0x02DA	0x9284      	BCF         LCD_EN, BitPos(LCD_EN+0) 
;__Lib_Lcd.c,163 :: 		
0x02DC	0xDEA2      	RCALL       _Delay_5500us
;__Lib_Lcd.c,166 :: 		
0x02DE	0x9883      	BCF         LCD_D4, BitPos(LCD_D4+0) 
;__Lib_Lcd.c,167 :: 		
0x02E0	0x8284      	BSF         LCD_EN, BitPos(LCD_EN+0) 
;__Lib_Lcd.c,168 :: 		
0x02E2	0xDE9C      	RCALL       _Delay_1us
;__Lib_Lcd.c,169 :: 		
0x02E4	0x9284      	BCF         LCD_EN, BitPos(LCD_EN+0) 
;__Lib_Lcd.c,171 :: 		
0x02E6	0x8E83      	BSF         LCD_D7, BitPos(LCD_D7+0) 
;__Lib_Lcd.c,172 :: 		
0x02E8	0x8C83      	BSF         LCD_D6, BitPos(LCD_D6+0) 
;__Lib_Lcd.c,173 :: 		
0x02EA	0x8A83      	BSF         LCD_D5, BitPos(LCD_D5+0) 
;__Lib_Lcd.c,174 :: 		
0x02EC	0x8883      	BSF         LCD_D4, BitPos(LCD_D4+0) 
;__Lib_Lcd.c,175 :: 		
0x02EE	0x8284      	BSF         LCD_EN, BitPos(LCD_EN+0) 
;__Lib_Lcd.c,176 :: 		
0x02F0	0xDE95      	RCALL       _Delay_1us
;__Lib_Lcd.c,177 :: 		
0x02F2	0x9284      	BCF         LCD_EN, BitPos(LCD_EN+0) 
;__Lib_Lcd.c,179 :: 		
0x02F4	0xDE96      	RCALL       _Delay_5500us
;__Lib_Lcd.c,181 :: 		
0x02F6	0x805C      	BSF         __Lib_Lcd_cmd_status, BitPos(__Lib_Lcd_cmd_status+0) 
;__Lib_Lcd.c,182 :: 		
L_end_Lcd_Init:
0x02F8	0x0012      	RETURN      0
; end of _Lcd_Init
___CC2DW:
;__Lib_System.c,21 :: 		
;__Lib_System.c,23 :: 		
_CC2DL_Loop1:
;__Lib_System.c,24 :: 		
0x02FA	0x0009      	TBLRD*+
;__Lib_System.c,25 :: 		
0x02FC	0xFFE6CFF5  	MOVFF       TABLAT, POSTINC1
;__Lib_System.c,26 :: 		
0x0300	0x0600      	DECF        R0, 1, 0
;__Lib_System.c,27 :: 		
0x0302	0xE1FB      	BNZ         _CC2DL_Loop1
;__Lib_System.c,28 :: 		
0x0304	0x0601      	DECF        R1, 1, 0
;__Lib_System.c,29 :: 		
0x0306	0xE1F9      	BNZ         _CC2DL_Loop1
;__Lib_System.c,31 :: 		
L_end___CC2DW:
0x0308	0x0012      	RETURN      0
; end of ___CC2DW
_PWM1_Start:
;__Lib_PWM_c21.c,53 :: 		
;__Lib_PWM_c21.c,54 :: 		
0x030A	0x9494      	BCF         TRISC2_bit, BitPos(TRISC2_bit+0) 
;__Lib_PWM_c21.c,55 :: 		
0x030C	0x84CA      	BSF         T2CON, 2 
;__Lib_PWM_c21.c,56 :: 		
0x030E	0x0E0C      	MOVLW       12
0x0310	0x12BD      	IORWF       CCP1CON, 1 
;__Lib_PWM_c21.c,57 :: 		
L_end_PWM1_Start:
0x0312	0x0012      	RETURN      0
; end of _PWM1_Start
_PWM1_Init:
;__Lib_PWM_c21.c,35 :: 		
;__Lib_PWM_c21.c,36 :: 		
;__Lib_PWM_c21.c,37 :: 		
0x0314	0x6ABE      	CLRF        CCPR1L 
;__Lib_PWM_c21.c,38 :: 		
0x0316	0x98BD      	BCF         CCP1CON, 4 
;__Lib_PWM_c21.c,39 :: 		
0x0318	0x9ABD      	BCF         CCP1CON, 5 
;__Lib_PWM_c21.c,40 :: 		
L_end_PWM1_Init:
0x031A	0x0012      	RETURN      0
; end of _PWM1_Init
_Mul_32x32_FP:
;__Lib_MathDouble.c,1130 :: 		
;__Lib_MathDouble.c,1148 :: 		
0x031C	0x6A08      	CLRF        R8, 0
;__Lib_MathDouble.c,1149 :: 		
0x031E	0x6A09      	CLRF        R9, 0
;__Lib_MathDouble.c,1151 :: 		
0x0320	0x0E00      	MOVLW       0
;__Lib_MathDouble.c,1152 :: 		
0x0322	0x6207      	CPFSEQ      R7, 0
;__Lib_MathDouble.c,1153 :: 		
0x0324	0x6403      	CPFSGT      R3, 0
;__Lib_MathDouble.c,1154 :: 		
0x0326	0xF002EF13  	GOTO        MULJPRES032
;__Lib_MathDouble.c,1157 :: 		
0x032A	0x5002      	MOVF        R2, 0, 0
;__Lib_MathDouble.c,1158 :: 		
0x032C	0x1806      	XORWF       R6, 0, 0
;__Lib_MathDouble.c,1159 :: 		
0x032E	0x6E0A      	MOVWF       R10, 0
;__Lib_MathDouble.c,1161 :: 		
0x0330	0x5007      	MOVF        R7, 0, 0
;__Lib_MathDouble.c,1162 :: 		
0x0332	0x2603      	ADDWF       R3, 1, 0
;__Lib_MathDouble.c,1163 :: 		
0x0334	0x0E7E      	MOVLW       126
;__Lib_MathDouble.c,1164 :: 		
0x0336	0xA0D8      	BTFSS       STATUS, 0, 0
;__Lib_MathDouble.c,1165 :: 		
0x0338	0xF001EFA4  	GOTO        MTUN32
;__Lib_MathDouble.c,1167 :: 		
0x033C	0x5E03      	SUBWF       R3, 1, 0
;__Lib_MathDouble.c,1168 :: 		
0x033E	0xB0D8      	BTFSC       STATUS, 0, 0
;__Lib_MathDouble.c,1169 :: 		
0x0340	0xF002EF17  	GOTO        MULJPSETFOV32
;__Lib_MathDouble.c,1170 :: 		
0x0344	0xF001EFA8  	GOTO        MOK32
;__Lib_MathDouble.c,1172 :: 		
MTUN32:
;__Lib_MathDouble.c,1173 :: 		
0x0348	0x5E03      	SUBWF       R3, 1, 0
;__Lib_MathDouble.c,1174 :: 		
0x034A	0xA0D8      	BTFSS       STATUS, 0, 0
;__Lib_MathDouble.c,1175 :: 		
0x034C	0xF002EF1B  	GOTO        MULJPSETFUN32
;__Lib_MathDouble.c,1177 :: 		
MOK32:
;__Lib_MathDouble.c,1178 :: 		
0x0350	0x8E02      	BSF         R2, 7, 0
;__Lib_MathDouble.c,1179 :: 		
0x0352	0x8E06      	BSF         R6, 7, 0
;__Lib_MathDouble.c,1181 :: 		
0x0354	0xF00EC002  	MOVFF       R2, R14
;__Lib_MathDouble.c,1182 :: 		
0x0358	0xF00BC001  	MOVFF       R1, R11
;__Lib_MathDouble.c,1183 :: 		
0x035C	0xF00DC000  	MOVFF       R0, R13
;__Lib_MathDouble.c,1185 :: 		
0x0360	0x5000      	MOVF        R0, 0, 0
;__Lib_MathDouble.c,1186 :: 		
0x0362	0x0204      	MULWF       R4, 0
;__Lib_MathDouble.c,1187 :: 		
0x0364	0xF00CCFF4  	MOVFF       PRODH, R12
;__Lib_MathDouble.c,1189 :: 		
0x0368	0x5001      	MOVF        R1, 0, 0
;__Lib_MathDouble.c,1190 :: 		
0x036A	0x0205      	MULWF       R5, 0
;__Lib_MathDouble.c,1191 :: 		
0x036C	0xF000CFF4  	MOVFF       PRODH, R0
;__Lib_MathDouble.c,1192 :: 		
0x0370	0xF008CFF3  	MOVFF       PRODL, R8
;__Lib_MathDouble.c,1194 :: 		
0x0374	0x0204      	MULWF       R4, 0
;__Lib_MathDouble.c,1195 :: 		
0x0376	0x50F3      	MOVF        PRODL, 0, 0
;__Lib_MathDouble.c,1196 :: 		
0x0378	0x260C      	ADDWF       R12, 1, 0
;__Lib_MathDouble.c,1197 :: 		
0x037A	0x50F4      	MOVF        PRODH, 0, 0
;__Lib_MathDouble.c,1198 :: 		
0x037C	0x2208      	ADDWFC      R8, 1, 0
;__Lib_MathDouble.c,1199 :: 		
0x037E	0x0E00      	MOVLW       0
;__Lib_MathDouble.c,1200 :: 		
0x0380	0x2200      	ADDWFC      R0, 1, 0
;__Lib_MathDouble.c,1202 :: 		
0x0382	0x500D      	MOVF        R13, 0, 0
;__Lib_MathDouble.c,1203 :: 		
0x0384	0x0205      	MULWF       R5, 0
;__Lib_MathDouble.c,1204 :: 		
0x0386	0x50F3      	MOVF        PRODL, 0, 0
;__Lib_MathDouble.c,1205 :: 		
0x0388	0x260C      	ADDWF       R12, 1, 0
;__Lib_MathDouble.c,1206 :: 		
0x038A	0x50F4      	MOVF        PRODH, 0, 0
;__Lib_MathDouble.c,1207 :: 		
0x038C	0x2208      	ADDWFC      R8, 1, 0
;__Lib_MathDouble.c,1208 :: 		
0x038E	0x0E00      	MOVLW       0
;__Lib_MathDouble.c,1209 :: 		
0x0390	0x2200      	ADDWFC      R0, 1, 0
;__Lib_MathDouble.c,1211 :: 		
0x0392	0x5002      	MOVF        R2, 0, 0
;__Lib_MathDouble.c,1212 :: 		
0x0394	0x0204      	MULWF       R4, 0
;__Lib_MathDouble.c,1213 :: 		
0x0396	0x50F3      	MOVF        PRODL, 0, 0
;__Lib_MathDouble.c,1214 :: 		
0x0398	0x2608      	ADDWF       R8, 1, 0
;__Lib_MathDouble.c,1215 :: 		
0x039A	0x50F4      	MOVF        PRODH, 0, 0
;__Lib_MathDouble.c,1216 :: 		
0x039C	0x2200      	ADDWFC      R0, 1, 0
;__Lib_MathDouble.c,1217 :: 		
0x039E	0x5002      	MOVF        R2, 0, 0
;__Lib_MathDouble.c,1218 :: 		
0x03A0	0x0205      	MULWF       R5, 0
;__Lib_MathDouble.c,1219 :: 		
0x03A2	0x6A01      	CLRF        R1, 0
;__Lib_MathDouble.c,1220 :: 		
0x03A4	0x0E00      	MOVLW       0
;__Lib_MathDouble.c,1221 :: 		
0x03A6	0x2201      	ADDWFC      R1, 1, 0
;__Lib_MathDouble.c,1222 :: 		
0x03A8	0x50F3      	MOVF        PRODL, 0, 0
;__Lib_MathDouble.c,1223 :: 		
0x03AA	0x2600      	ADDWF       R0, 1, 0
;__Lib_MathDouble.c,1224 :: 		
0x03AC	0x50F4      	MOVF        PRODH, 0, 0
;__Lib_MathDouble.c,1225 :: 		
0x03AE	0x2201      	ADDWFC      R1, 1, 0
;__Lib_MathDouble.c,1227 :: 		
0x03B0	0x500D      	MOVF        R13, 0, 0
;__Lib_MathDouble.c,1228 :: 		
0x03B2	0x0206      	MULWF       R6, 0
;__Lib_MathDouble.c,1229 :: 		
0x03B4	0x50F3      	MOVF        PRODL, 0, 0
;__Lib_MathDouble.c,1230 :: 		
0x03B6	0x2608      	ADDWF       R8, 1, 0
;__Lib_MathDouble.c,1231 :: 		
0x03B8	0x50F4      	MOVF        PRODH, 0, 0
;__Lib_MathDouble.c,1232 :: 		
0x03BA	0x2200      	ADDWFC      R0, 1, 0
;__Lib_MathDouble.c,1233 :: 		
0x03BC	0x6A02      	CLRF        R2, 0
;__Lib_MathDouble.c,1234 :: 		
0x03BE	0x0E00      	MOVLW       0
;__Lib_MathDouble.c,1235 :: 		
0x03C0	0x2201      	ADDWFC      R1, 1, 0
;__Lib_MathDouble.c,1236 :: 		
0x03C2	0x2202      	ADDWFC      R2, 1, 0
;__Lib_MathDouble.c,1238 :: 		
0x03C4	0x500B      	MOVF        R11, 0, 0
;__Lib_MathDouble.c,1239 :: 		
0x03C6	0x0206      	MULWF       R6, 0
;__Lib_MathDouble.c,1240 :: 		
0x03C8	0x50F3      	MOVF        PRODL, 0, 0
;__Lib_MathDouble.c,1241 :: 		
0x03CA	0x2600      	ADDWF       R0, 1, 0
;__Lib_MathDouble.c,1242 :: 		
0x03CC	0x50F4      	MOVF        PRODH, 0, 0
;__Lib_MathDouble.c,1243 :: 		
0x03CE	0x2201      	ADDWFC      R1, 1, 0
;__Lib_MathDouble.c,1244 :: 		
0x03D0	0x0E00      	MOVLW       0
;__Lib_MathDouble.c,1245 :: 		
0x03D2	0x2202      	ADDWFC      R2, 1, 0
;__Lib_MathDouble.c,1247 :: 		
0x03D4	0x500E      	MOVF        R14, 0, 0
;__Lib_MathDouble.c,1248 :: 		
0x03D6	0x0206      	MULWF       R6, 0
;__Lib_MathDouble.c,1249 :: 		
0x03D8	0x50F3      	MOVF        PRODL, 0, 0
;__Lib_MathDouble.c,1250 :: 		
0x03DA	0x2601      	ADDWF       R1, 1, 0
;__Lib_MathDouble.c,1251 :: 		
0x03DC	0x50F4      	MOVF        PRODH, 0, 0
;__Lib_MathDouble.c,1252 :: 		
0x03DE	0x2202      	ADDWFC      R2, 1, 0
;__Lib_MathDouble.c,1254 :: 		
0x03E0	0xBE02      	BTFSC       R2, 7, 0
;__Lib_MathDouble.c,1255 :: 		
0x03E2	0xF001EFFB  	GOTO        MROUND32
;__Lib_MathDouble.c,1256 :: 		
0x03E6	0x3608      	RLCF        R8, 1, 0
;__Lib_MathDouble.c,1257 :: 		
0x03E8	0x3600      	RLCF        R0, 1, 0
;__Lib_MathDouble.c,1258 :: 		
0x03EA	0x3601      	RLCF        R1, 1, 0
;__Lib_MathDouble.c,1259 :: 		
0x03EC	0x3602      	RLCF        R2, 1, 0
;__Lib_MathDouble.c,1260 :: 		
0x03EE	0x0603      	DECF        R3, 1, 0
;__Lib_MathDouble.c,1261 :: 		
0x03F0	0xB4D8      	BTFSC       STATUS, 2, 0
;__Lib_MathDouble.c,1262 :: 		
0x03F2	0xF002EF1B  	GOTO        MULJPSETFUN32
;__Lib_MathDouble.c,1264 :: 		
MROUND32:
;__Lib_MathDouble.c,1267 :: 		
0x03F6	0xF002EF0E  	GOTO        MUL32OK
;__Lib_MathDouble.c,1268 :: 		
0x03FA	0x80D8      	BSF         STATUS, 0, 0
;__Lib_MathDouble.c,1269 :: 		
0x03FC	0x0E80      	MOVLW       128
;__Lib_MathDouble.c,1270 :: 		
0x03FE	0x6408      	CPFSGT      R8, 0
;__Lib_MathDouble.c,1271 :: 		
0x0400	0x3000      	RRCF        R0, 0, 0
;__Lib_MathDouble.c,1272 :: 		
0x0402	0x0E00      	MOVLW       0
;__Lib_MathDouble.c,1273 :: 		
0x0404	0x2200      	ADDWFC      R0, 1, 0
;__Lib_MathDouble.c,1274 :: 		
0x0406	0x2201      	ADDWFC      R1, 1, 0
;__Lib_MathDouble.c,1275 :: 		
0x0408	0x2202      	ADDWFC      R2, 1, 0
;__Lib_MathDouble.c,1277 :: 		
0x040A	0xA0D8      	BTFSS       STATUS, 0, 0
;__Lib_MathDouble.c,1278 :: 		
0x040C	0xF002EF0E  	GOTO        MUL32OK
;__Lib_MathDouble.c,1279 :: 		
0x0410	0x3202      	RRCF        R2, 1, 0
;__Lib_MathDouble.c,1280 :: 		
0x0412	0x3201      	RRCF        R1, 1, 0
;__Lib_MathDouble.c,1281 :: 		
0x0414	0x3200      	RRCF        R0, 1, 0
;__Lib_MathDouble.c,1282 :: 		
0x0416	0x4A03      	INFSNZ      R3, 1, 0
;__Lib_MathDouble.c,1283 :: 		
0x0418	0xF002EF17  	GOTO        MULJPSETFOV32
;__Lib_MathDouble.c,1285 :: 		
MUL32OK:
;__Lib_MathDouble.c,1286 :: 		
0x041C	0xAE0A      	BTFSS       R10, 7, 0
;__Lib_MathDouble.c,1287 :: 		
0x041E	0x9E02      	BCF         R2, 7, 0
;__Lib_MathDouble.c,1289 :: 		
0x0420	0x0E00      	MOVLW       0
;__Lib_MathDouble.c,1290 :: 		
0x0422	0xF002EF1D  	GOTO        MULEEE
;__Lib_MathDouble.c,1291 :: 		
MULJPRES032:
;__Lib_MathDouble.c,1292 :: 		
0x0426	0x0E01      	MOVLW       1
;__Lib_MathDouble.c,1295 :: 		
0x0428	0xDE1D      	RCALL       _RES032
;__Lib_MathDouble.c,1297 :: 		
0x042A	0xF002EF1D  	GOTO        MULEEE
;__Lib_MathDouble.c,1298 :: 		
MULJPSETFOV32:
;__Lib_MathDouble.c,1299 :: 		
0x042E	0x0E02      	MOVLW       2
;__Lib_MathDouble.c,1302 :: 		
0x0430	0xDE5E      	RCALL       _SETFOV32
;__Lib_MathDouble.c,1304 :: 		
0x0432	0xF002EF1D  	GOTO        MULEEE
;__Lib_MathDouble.c,1305 :: 		
MULJPSETFUN32:
;__Lib_MathDouble.c,1306 :: 		
0x0436	0x0E04      	MOVLW       4
;__Lib_MathDouble.c,1309 :: 		
0x0438	0xDE08      	RCALL       _SETFUN32
;__Lib_MathDouble.c,1311 :: 		
MULEEE:
;__Lib_MathDouble.c,1318 :: 		
L_end_Mul_32x32_FP:
0x043A	0x0012      	RETURN      0
; end of _Mul_32x32_FP
_double2word:
;__Lib_MathDouble.c,2023 :: 		
;__Lib_MathDouble.c,2032 :: 		
0x043C	0x6A0B      	CLRF        R11, 0
;__Lib_MathDouble.c,2033 :: 		
0x043E	0x6A0C      	CLRF        R12, 0
;__Lib_MathDouble.c,2034 :: 		
0x0440	0x6A0A      	CLRF        R10, 0
;__Lib_MathDouble.c,2036 :: 		
0x0442	0x5003      	MOVF        R3, 0, 0
;__Lib_MathDouble.c,2037 :: 		
0x0444	0xB4D8      	BTFSC       STATUS, 2, 0
;__Lib_MathDouble.c,2038 :: 		
0x0446	0xF002EF68  	GOTO        IRES016U
;__Lib_MathDouble.c,2040 :: 		
0x044A	0x8E02      	BSF         R2, 7, 0
;__Lib_MathDouble.c,2042 :: 		
0x044C	0x0E8E      	MOVLW       142
;__Lib_MathDouble.c,2043 :: 		
0x044E	0x5E03      	SUBWF       R3, 1, 0
;__Lib_MathDouble.c,2044 :: 		
0x0450	0xBE03      	BTFSC       R3, 7, 0
;__Lib_MathDouble.c,2045 :: 		
0x0452	0xF002EF30  	GOTO        SETEXP16U
;__Lib_MathDouble.c,2046 :: 		
0x0456	0xB4D8      	BTFSC       STATUS, 2, 0
;__Lib_MathDouble.c,2047 :: 		
0x0458	0xF002EF30  	GOTO        SETEXP16U
;__Lib_MathDouble.c,2048 :: 		
0x045C	0xF002EF6C  	GOTO        SETIOV16U
;__Lib_MathDouble.c,2049 :: 		
SETEXP16U:
;__Lib_MathDouble.c,2050 :: 		
0x0460	0x6C03      	NEGF        R3, 0
;__Lib_MathDouble.c,2052 :: 		
0x0462	0x0E08      	MOVLW       8
;__Lib_MathDouble.c,2053 :: 		
0x0464	0x5C03      	SUBWF       R3, 0, 0
;__Lib_MathDouble.c,2054 :: 		
0x0466	0xA0D8      	BTFSS       STATUS, 0, 0
;__Lib_MathDouble.c,2055 :: 		
0x0468	0xF002EF47  	GOTO        TSHIFT3216U
;__Lib_MathDouble.c,2056 :: 		
0x046C	0x6E03      	MOVWF       R3, 0
;__Lib_MathDouble.c,2057 :: 		
0x046E	0x3601      	RLCF        R1, 1, 0
;__Lib_MathDouble.c,2058 :: 		
0x0470	0xF001C002  	MOVFF       R2, R1
;__Lib_MathDouble.c,2059 :: 		
0x0474	0x6A02      	CLRF        R2, 0
;__Lib_MathDouble.c,2061 :: 		
0x0476	0x0E08      	MOVLW       8
;__Lib_MathDouble.c,2062 :: 		
0x0478	0x5C03      	SUBWF       R3, 0, 0
;__Lib_MathDouble.c,2063 :: 		
0x047A	0xA0D8      	BTFSS       STATUS, 0, 0
;__Lib_MathDouble.c,2064 :: 		
0x047C	0xF002EF47  	GOTO        TSHIFT3216U
;__Lib_MathDouble.c,2065 :: 		
0x0480	0x3601      	RLCF        R1, 1, 0
;__Lib_MathDouble.c,2066 :: 		
0x0482	0x6A01      	CLRF        R1, 0
;__Lib_MathDouble.c,2068 :: 		
0x0484	0x5003      	MOVF        R3, 0, 0
;__Lib_MathDouble.c,2069 :: 		
0x0486	0xA4D8      	BTFSS       STATUS, 2, 0
;__Lib_MathDouble.c,2070 :: 		
0x0488	0x90D8      	BCF         STATUS, 0, 0
;__Lib_MathDouble.c,2071 :: 		
0x048A	0xF002EF51  	GOTO        SHIFT3216UOK
;__Lib_MathDouble.c,2072 :: 		
TSHIFT3216U:
;__Lib_MathDouble.c,2073 :: 		
0x048E	0x5003      	MOVF        R3, 0, 0
;__Lib_MathDouble.c,2074 :: 		
0x0490	0xB4D8      	BTFSC       STATUS, 2, 0
;__Lib_MathDouble.c,2075 :: 		
0x0492	0xF002EF51  	GOTO        SHIFT3216UOK
;__Lib_MathDouble.c,2076 :: 		
SHIFT3216U:
;__Lib_MathDouble.c,2077 :: 		
0x0496	0x90D8      	BCF         STATUS, 0, 0
;__Lib_MathDouble.c,2078 :: 		
0x0498	0x3202      	RRCF        R2, 1, 0
;__Lib_MathDouble.c,2079 :: 		
0x049A	0x3201      	RRCF        R1, 1, 0
;__Lib_MathDouble.c,2080 :: 		
0x049C	0x2E03      	DECFSZ      R3, 1, 0
;__Lib_MathDouble.c,2081 :: 		
0x049E	0xF002EF4B  	GOTO        SHIFT3216U
;__Lib_MathDouble.c,2082 :: 		
SHIFT3216UOK:
;__Lib_MathDouble.c,2083 :: 		
0x04A2	0xBC0B      	BTFSC       R11, 6, 0
;__Lib_MathDouble.c,2084 :: 		
0x04A4	0xA001      	BTFSS       R1, 0, 0
;__Lib_MathDouble.c,2085 :: 		
0x04A6	0xF002EF5E  	GOTO        INT3216UOK
;__Lib_MathDouble.c,2086 :: 		
0x04AA	0xA0D8      	BTFSS       STATUS, 0, 0
;__Lib_MathDouble.c,2087 :: 		
0x04AC	0xF002EF5E  	GOTO        INT3216UOK
;__Lib_MathDouble.c,2088 :: 		
0x04B0	0x2A01      	INCF        R1, 1, 0
;__Lib_MathDouble.c,2089 :: 		
0x04B2	0xB4D8      	BTFSC       STATUS, 2, 0
;__Lib_MathDouble.c,2090 :: 		
0x04B4	0x2A02      	INCF        R2, 1, 0
;__Lib_MathDouble.c,2091 :: 		
0x04B6	0xBE02      	BTFSC       R2, 7, 0
;__Lib_MathDouble.c,2092 :: 		
0x04B8	0xF002EF7B  	GOTO        JPKSETIOV3224
;__Lib_MathDouble.c,2093 :: 		
INT3216UOK:
;__Lib_MathDouble.c,2094 :: 		
0x04BC	0xAE0A      	BTFSS       R10, 7, 0
;__Lib_MathDouble.c,2095 :: 		
0x04BE	0xF002EF80  	GOTO        INT3216UEOK
;__Lib_MathDouble.c,2097 :: 		
0x04C2	0x1E02      	COMF        R2, 1, 0
;__Lib_MathDouble.c,2098 :: 		
0x04C4	0x1E01      	COMF        R1, 1, 0
;__Lib_MathDouble.c,2099 :: 		
0x04C6	0x2A01      	INCF        R1, 1, 0
;__Lib_MathDouble.c,2100 :: 		
0x04C8	0xB4D8      	BTFSC       STATUS, 2, 0
;__Lib_MathDouble.c,2101 :: 		
0x04CA	0x2A02      	INCF        R2, 1, 0
;__Lib_MathDouble.c,2102 :: 		
0x04CC	0xF002EF80  	GOTO        INT3216UEOK
;__Lib_MathDouble.c,2104 :: 		
IRES016U:
;__Lib_MathDouble.c,2105 :: 		
0x04D0	0x6A02      	CLRF        R2, 0
;__Lib_MathDouble.c,2106 :: 		
0x04D2	0x6A01      	CLRF        R1, 0
;__Lib_MathDouble.c,2107 :: 		
0x04D4	0xF002EF80  	GOTO        INT3216UEOK
;__Lib_MathDouble.c,2108 :: 		
SETIOV16U:
;__Lib_MathDouble.c,2109 :: 		
0x04D8	0x800B      	BSF         R11, 0, 0
;__Lib_MathDouble.c,2110 :: 		
0x04DA	0xAE0B      	BTFSS       R11, 7, 0
;__Lib_MathDouble.c,2111 :: 		
0x04DC	0xF002EF84  	GOTO        INT3216UEER
;__Lib_MathDouble.c,2113 :: 		
0x04E0	0x6A02      	CLRF        R2, 0
;__Lib_MathDouble.c,2114 :: 		
0x04E2	0xAE0A      	BTFSS       R10, 7, 0
;__Lib_MathDouble.c,2115 :: 		
0x04E4	0xF002EF84  	GOTO        INT3216UEER
;__Lib_MathDouble.c,2116 :: 		
0x04E8	0x0EFF      	MOVLW       255
;__Lib_MathDouble.c,2117 :: 		
0x04EA	0x6E02      	MOVWF       R2, 0
;__Lib_MathDouble.c,2118 :: 		
0x04EC	0x6E01      	MOVWF       R1, 0
;__Lib_MathDouble.c,2119 :: 		
0x04EE	0x360A      	RLCF        R10, 1, 0
;__Lib_MathDouble.c,2120 :: 		
0x04F0	0x3202      	RRCF        R2, 1, 0
;__Lib_MathDouble.c,2121 :: 		
0x04F2	0xF002EF84  	GOTO        INT3216UEER
;__Lib_MathDouble.c,2123 :: 		
JPKSETIOV3224:
;__Lib_MathDouble.c,2124 :: 		
0x04F6	0x0E01      	MOVLW       1
;__Lib_MathDouble.c,2125 :: 		
0x04F8	0x6E0C      	MOVWF       R12, 0
;__Lib_MathDouble.c,2127 :: 		
0x04FA	0xDE44      	RCALL       _SETIOV3224
;__Lib_MathDouble.c,2129 :: 		
0x04FC	0xF002EF86  	GOTO        INT3216UEEE
;__Lib_MathDouble.c,2130 :: 		
INT3216UEOK:
;__Lib_MathDouble.c,2131 :: 		
0x0500	0x0E00      	MOVLW       0
;__Lib_MathDouble.c,2132 :: 		
0x0502	0x6E0C      	MOVWF       R12, 0
;__Lib_MathDouble.c,2133 :: 		
0x0504	0xF002EF86  	GOTO        INT3216UEEE
;__Lib_MathDouble.c,2134 :: 		
INT3216UEER:
;__Lib_MathDouble.c,2135 :: 		
0x0508	0x0EFF      	MOVLW       255
;__Lib_MathDouble.c,2136 :: 		
0x050A	0x6E0C      	MOVWF       R12, 0
;__Lib_MathDouble.c,2137 :: 		
INT3216UEEE:
;__Lib_MathDouble.c,2138 :: 		
0x050C	0x5001      	MOVF        R1, 0, 0
;__Lib_MathDouble.c,2139 :: 		
0x050E	0x6E00      	MOVWF       R0, 0
;__Lib_MathDouble.c,2140 :: 		
0x0510	0x5002      	MOVF        R2, 0, 0
;__Lib_MathDouble.c,2141 :: 		
0x0512	0x6E01      	MOVWF       R1, 0
;__Lib_MathDouble.c,2146 :: 		
L_end_double2word:
0x0514	0x0012      	RETURN      0
; end of _double2word
_PWM1_Set_Duty:
;__Lib_PWM_c21.c,42 :: 		
;__Lib_PWM_c21.c,46 :: 		
0x0516	0x50CB      	MOVF        PR2, 0 
0x0518	0x0F01      	ADDLW       1
0x051A	0x6E00      	MOVWF       R0 
0x051C	0x6A01      	CLRF        R1 
0x051E	0x0E00      	MOVLW       0
0x0520	0x2201      	ADDWFC      R1, 1 
0x0522	0xF004C064  	MOVFF       FARG_PWM1_Set_Duty_new_duty, R4
0x0526	0x0E00      	MOVLW       0
0x0528	0x6E05      	MOVWF       R5 
0x052A	0xDE3A      	RCALL       _Mul_16X16_U
0x052C	0x0E06      	MOVLW       6
0x052E	0x6E02      	MOVWF       R2 
0x0530	0xF004C000  	MOVFF       R0, R4
0x0534	0xF005C001  	MOVFF       R1, R5
0x0538	0x5002      	MOVF        R2, 0 
L__PWM1_Set_Duty10:
0x053A	0xE005      	BZ          L__PWM1_Set_Duty11
0x053C	0x3205      	RRCF        R5, 1 
0x053E	0x3204      	RRCF        R4, 1 
0x0540	0x9E05      	BCF         R5, 7 
0x0542	0x0FFF      	ADDLW       255
0x0544	0xD7FA      	BRA         L__PWM1_Set_Duty10
L__PWM1_Set_Duty11:
;__Lib_PWM_c21.c,47 :: 		
0x0546	0x0E04      	MOVLW       4
0x0548	0x6E01      	MOVWF       R1 
0x054A	0xF000C004  	MOVFF       R4, R0
0x054E	0x5001      	MOVF        R1, 0 
L__PWM1_Set_Duty12:
0x0550	0xE004      	BZ          L__PWM1_Set_Duty13
0x0552	0x3600      	RLCF        R0, 1 
0x0554	0x9000      	BCF         R0, 0 
0x0556	0x0FFF      	ADDLW       255
0x0558	0xD7FB      	BRA         L__PWM1_Set_Duty12
L__PWM1_Set_Duty13:
0x055A	0x0E30      	MOVLW       48
0x055C	0x1400      	ANDWF       R0, 0 
0x055E	0x6E03      	MOVWF       R3 
;__Lib_PWM_c21.c,48 :: 		
0x0560	0xF000C004  	MOVFF       R4, R0
0x0564	0xF001C005  	MOVFF       R5, R1
0x0568	0x3201      	RRCF        R1, 1 
0x056A	0x3200      	RRCF        R0, 1 
0x056C	0x9E01      	BCF         R1, 7 
0x056E	0x3201      	RRCF        R1, 1 
0x0570	0x3200      	RRCF        R0, 1 
0x0572	0x9E01      	BCF         R1, 7 
0x0574	0xFFBEC000  	MOVFF       R0, CCPR1L
;__Lib_PWM_c21.c,49 :: 		
0x0578	0x0E0F      	MOVLW       15
0x057A	0x16BD      	ANDWF       CCP1CON, 1 
;__Lib_PWM_c21.c,50 :: 		
0x057C	0x5003      	MOVF        R3, 0 
0x057E	0x12BD      	IORWF       CCP1CON, 1 
;__Lib_PWM_c21.c,51 :: 		
L_end_PWM1_Set_Duty:
0x0580	0x0012      	RETURN      0
; end of _PWM1_Set_Duty
_ADC_Read:
;__Lib_ADC_A_D.c,51 :: 		
;__Lib_ADC_A_D.c,54 :: 		
0x0582	0x6AC2      	CLRF        ADCON0 
;__Lib_ADC_A_D.c,55 :: 		
0x0584	0x1C23      	COMF        _vref_mask, 0 
0x0586	0x6E00      	MOVWF       R0 
0x0588	0x5000      	MOVF        R0, 0 
0x058A	0x16C1      	ANDWF       ADCON1, 1 
;__Lib_ADC_A_D.c,56 :: 		
0x058C	0x0E07      	MOVLW       7
0x058E	0x12C0      	IORWF       ADCON2, 1 
;__Lib_ADC_A_D.c,57 :: 		
0x0590	0x8EC0      	BSF         ADCON2, 7 
;__Lib_ADC_A_D.c,58 :: 		
0x0592	0xF000C064  	MOVFF       FARG_ADC_Read_channel, R0
0x0596	0x3600      	RLCF        R0, 1 
0x0598	0x9000      	BCF         R0, 0 
0x059A	0x3600      	RLCF        R0, 1 
0x059C	0x9000      	BCF         R0, 0 
0x059E	0x5000      	MOVF        R0, 0 
0x05A0	0x12C2      	IORWF       ADCON0, 1 
;__Lib_ADC_A_D.c,59 :: 		
0x05A2	0x80C2      	BSF         ADCON0, 0 
;__Lib_ADC_A_D.c,60 :: 		
0x05A4	0xDE25      	RCALL       _Delay_22us
;__Lib_ADC_A_D.c,61 :: 		
0x05A6	0x82C2      	BSF         ADCON0, 1 
;__Lib_ADC_A_D.c,62 :: 		
L_ADC_Read2:
0x05A8	0xA2C2      	BTFSS       ADCON0, 1 
0x05AA	0xD001      	BRA         L_ADC_Read3
;__Lib_ADC_A_D.c,63 :: 		
0x05AC	0xD7FD      	BRA         L_ADC_Read2
L_ADC_Read3:
;__Lib_ADC_A_D.c,64 :: 		
0x05AE	0xF001CFC4  	MOVFF       ADRESH, R1
0x05B2	0x6A00      	CLRF        R0 
;__Lib_ADC_A_D.c,65 :: 		
0x05B4	0x50C3      	MOVF        ADRESL, 0 
0x05B6	0x1200      	IORWF       R0, 1 
0x05B8	0x0E00      	MOVLW       0
0x05BA	0x1201      	IORWF       R1, 1 
;__Lib_ADC_A_D.c,66 :: 		
0x05BC	0x90C2      	BCF         ADCON0, 0 
;__Lib_ADC_A_D.c,68 :: 		
;__Lib_ADC_A_D.c,69 :: 		
L_end_ADC_Read:
0x05BE	0x0012      	RETURN      0
; end of _ADC_Read
_word2double:
;__Lib_MathDouble.c,2335 :: 		
;__Lib_MathDouble.c,2344 :: 		
0x05C0	0x5000      	MOVF        R0, 0, 0
;__Lib_MathDouble.c,2345 :: 		
0x05C2	0x6E08      	MOVWF       R8, 0
;__Lib_MathDouble.c,2346 :: 		
0x05C4	0x5001      	MOVF        R1, 0, 0
;__Lib_MathDouble.c,2347 :: 		
0x05C6	0x6E00      	MOVWF       R0, 0
;__Lib_MathDouble.c,2348 :: 		
0x05C8	0x6A01      	CLRF        R1, 0
;__Lib_MathDouble.c,2349 :: 		
0x05CA	0x6A02      	CLRF        R2, 0
;__Lib_MathDouble.c,2350 :: 		
0x05CC	0x6A03      	CLRF        R3, 0
;__Lib_MathDouble.c,2353 :: 		
0x05CE	0x6A0B      	CLRF        R11, 0
;__Lib_MathDouble.c,2354 :: 		
0x05D0	0x6A0C      	CLRF        R12, 0
;__Lib_MathDouble.c,2356 :: 		
0x05D2	0x0E96      	MOVLW       150
;__Lib_MathDouble.c,2357 :: 		
0x05D4	0x6E03      	MOVWF       R3, 0
;__Lib_MathDouble.c,2358 :: 		
0x05D6	0x6A0A      	CLRF        R10, 0
;__Lib_MathDouble.c,2360 :: 		
0x05D8	0xF001C000  	MOVFF       R0, R1
;__Lib_MathDouble.c,2361 :: 		
0x05DC	0xF000C008  	MOVFF       R8, R0
;__Lib_MathDouble.c,2362 :: 		
0x05E0	0x6A08      	CLRF        R8, 0
;__Lib_MathDouble.c,2363 :: 		
0x05E2	0x6A02      	CLRF        R2, 0
;__Lib_MathDouble.c,2365 :: 		
0x05E4	0xDD90      	RCALL       _NRM3232
;__Lib_MathDouble.c,2366 :: 		
L_end_word2double:
0x05E6	0x0012      	RETURN      0
; end of _word2double
_Lcd_Out:
;__Lib_Lcd.c,184 :: 		
;__Lib_Lcd.c,187 :: 		
0x05E8	0xD00F      	BRA         L_Lcd_Out11
;__Lib_Lcd.c,188 :: 		
L_Lcd_Out13:
0x05EA	0x0E80      	MOVLW       128
0x05EC	0x6E64      	MOVWF       FARG_Lcd_Out_row 
0x05EE	0xD019      	BRA         L_Lcd_Out12
;__Lib_Lcd.c,189 :: 		
L_Lcd_Out14:
0x05F0	0x0EC0      	MOVLW       192
0x05F2	0x6E64      	MOVWF       FARG_Lcd_Out_row 
0x05F4	0xD016      	BRA         L_Lcd_Out12
;__Lib_Lcd.c,190 :: 		
L_Lcd_Out15:
0x05F6	0x0E94      	MOVLW       148
0x05F8	0x6E64      	MOVWF       FARG_Lcd_Out_row 
0x05FA	0xD013      	BRA         L_Lcd_Out12
;__Lib_Lcd.c,191 :: 		
L_Lcd_Out16:
0x05FC	0x0ED4      	MOVLW       212
0x05FE	0x6E64      	MOVWF       FARG_Lcd_Out_row 
0x0600	0xD010      	BRA         L_Lcd_Out12
;__Lib_Lcd.c,192 :: 		
L_Lcd_Out17:
0x0602	0x0E80      	MOVLW       128
0x0604	0x6E64      	MOVWF       FARG_Lcd_Out_row 
;__Lib_Lcd.c,193 :: 		
0x0606	0xD00D      	BRA         L_Lcd_Out12
L_Lcd_Out11:
0x0608	0x5064      	MOVF        FARG_Lcd_Out_row, 0 
0x060A	0x0A01      	XORLW       1
0x060C	0xE0EE      	BZ          L_Lcd_Out13
0x060E	0x5064      	MOVF        FARG_Lcd_Out_row, 0 
0x0610	0x0A02      	XORLW       2
0x0612	0xE0EE      	BZ          L_Lcd_Out14
0x0614	0x5064      	MOVF        FARG_Lcd_Out_row, 0 
0x0616	0x0A03      	XORLW       3
0x0618	0xE0EE      	BZ          L_Lcd_Out15
0x061A	0x5064      	MOVF        FARG_Lcd_Out_row, 0 
0x061C	0x0A04      	XORLW       4
0x061E	0xE0EE      	BZ          L_Lcd_Out16
0x0620	0xD7F0      	BRA         L_Lcd_Out17
L_Lcd_Out12:
;__Lib_Lcd.c,194 :: 		
0x0622	0x0465      	DECF        FARG_Lcd_Out_column, 0 
0x0624	0x6E00      	MOVWF       R0 
0x0626	0x5064      	MOVF        FARG_Lcd_Out_row, 0 
0x0628	0x2600      	ADDWF       R0, 1 
0x062A	0xF064C000  	MOVFF       R0, FARG_Lcd_Out_row
;__Lib_Lcd.c,196 :: 		
0x062E	0xF06AC000  	MOVFF       R0, FARG_Lcd_Cmd_out_char
0x0632	0xDD1F      	RCALL       _Lcd_Cmd
;__Lib_Lcd.c,197 :: 		
0x0634	0x905C      	BCF         __Lib_Lcd_cmd_status, BitPos(__Lib_Lcd_cmd_status+0) 
;__Lib_Lcd.c,198 :: 		
0x0636	0x6A68      	CLRF        Lcd_Out_i_L0 
;__Lib_Lcd.c,199 :: 		
L_Lcd_Out18:
0x0638	0x5068      	MOVF        Lcd_Out_i_L0, 0 
0x063A	0x2466      	ADDWF       FARG_Lcd_Out_text, 0 
0x063C	0x6EE9      	MOVWF       FSR0L 
0x063E	0x0E00      	MOVLW       0
0x0640	0x2067      	ADDWFC      FARG_Lcd_Out_text+1, 0 
0x0642	0x6EEA      	MOVWF       FSR0L+1 
0x0644	0x52EE      	MOVF        POSTINC0, 1 
0x0646	0xE00B      	BZ          L_Lcd_Out19
;__Lib_Lcd.c,200 :: 		
0x0648	0x5068      	MOVF        Lcd_Out_i_L0, 0 
0x064A	0x2466      	ADDWF       FARG_Lcd_Out_text, 0 
0x064C	0x6EE9      	MOVWF       FSR0L 
0x064E	0x0E00      	MOVLW       0
0x0650	0x2067      	ADDWFC      FARG_Lcd_Out_text+1, 0 
0x0652	0x6EEA      	MOVWF       FSR0L+1 
0x0654	0xF069CFEE  	MOVFF       POSTINC0, FARG_Lcd_Chr_CP_out_char
0x0658	0xDD8F      	RCALL       _Lcd_Chr_CP
0x065A	0x2A68      	INCF        Lcd_Out_i_L0, 1 
0x065C	0xD7ED      	BRA         L_Lcd_Out18
L_Lcd_Out19:
;__Lib_Lcd.c,201 :: 		
0x065E	0x805C      	BSF         __Lib_Lcd_cmd_status, BitPos(__Lib_Lcd_cmd_status+0) 
;__Lib_Lcd.c,202 :: 		
L_end_Lcd_Out:
0x0660	0x0012      	RETURN      0
; end of _Lcd_Out
_main:
0x0662	0xF004EC0C  	CALL        2072, 0
;projeto_final_2.c,25 :: 		void main(){
;projeto_final_2.c,26 :: 		unsigned int  uiContador = 0;
0x0666	0x6A5F      	CLRF        main_uiContador_L0 
0x0668	0x6A60      	CLRF        main_uiContador_L0+1 
0x066A	0x6A61      	CLRF        main_uiValor_L0 
0x066C	0x6A62      	CLRF        main_uiValor_L0+1 
0x066E	0x6A63      	CLRF        main_ucStatus_inc_L0 
;projeto_final_2.c,34 :: 		PORTA = 1;
0x0670	0x0E01      	MOVLW       1
0x0672	0x6E80      	MOVWF       PORTA 
;projeto_final_2.c,35 :: 		TRISA = 1;                 // Configura PORTA pins como entrada
0x0674	0x0E01      	MOVLW       1
0x0676	0x6E92      	MOVWF       TRISA 
;projeto_final_2.c,36 :: 		TRISB.RB0=1;         // Define o pino RB0 do PORTB como entrada (boto).
0x0678	0x8093      	BSF         TRISB, 0 
;projeto_final_2.c,37 :: 		TRISC.TRISC6 = 0;  // Configura RC6 (TX) como sada
0x067A	0x9C94      	BCF         TRISC, 6 
;projeto_final_2.c,38 :: 		TRISC.TRISC7 = 1;  // Configura RC7 (RX) como entrada
0x067C	0x8E94      	BSF         TRISC, 7 
;projeto_final_2.c,40 :: 		ADCON0 = 0b00000001;  // Configura conversor A/D Canal 0, converso desligada, A/D ligado.
0x067E	0x0E01      	MOVLW       1
0x0680	0x6EC2      	MOVWF       ADCON0 
;projeto_final_2.c,41 :: 		ADCON1 = 0b11001110;  // Configura todos canais como Digital menos AN0 e REF Interna.
0x0682	0x0ECE      	MOVLW       206
0x0684	0x6EC1      	MOVWF       ADCON1 
;projeto_final_2.c,42 :: 		ADCON2 = 0b10111110;  // Configura conversor A/D para resultado justificado a direita, clock de 20 TAD, clock de Fosc/64.
0x0686	0x0EBE      	MOVLW       190
0x0688	0x6EC0      	MOVWF       ADCON2 
;projeto_final_2.c,44 :: 		Lcd_Init();
0x068A	0xDDEC      	RCALL       _Lcd_Init
;projeto_final_2.c,45 :: 		Lcd_Cmd(_LCD_CURSOR_OFF);
0x068C	0x0E0C      	MOVLW       12
0x068E	0x6E6A      	MOVWF       FARG_Lcd_Cmd_out_char 
0x0690	0xDCF0      	RCALL       _Lcd_Cmd
;projeto_final_2.c,46 :: 		Lcd_Cmd(_LCD_CLEAR);
0x0692	0x0E01      	MOVLW       1
0x0694	0x6E6A      	MOVWF       FARG_Lcd_Cmd_out_char 
0x0696	0xDCED      	RCALL       _Lcd_Cmd
;projeto_final_2.c,48 :: 		PWM1_Init(5000);      // Inicializa mdulo PWM com 5Khz
0x0698	0x80CA      	BSF         T2CON, 0, 0
0x069A	0x92CA      	BCF         T2CON, 1, 0
0x069C	0x0E63      	MOVLW       99
0x069E	0x6ECB      	MOVWF       PR2, 0
0x06A0	0xDE39      	RCALL       _PWM1_Init
;projeto_final_2.c,49 :: 		PWM1_Start();        // Start PWM
0x06A2	0xDE33      	RCALL       _PWM1_Start
;projeto_final_2.c,51 :: 		UART1_Init(9600);  // Inicializa a comunicao
0x06A4	0x86B8      	BSF         BAUDCON, 3, 0
0x06A6	0x6AB0      	CLRF        SPBRGH 
0x06A8	0x0ECF      	MOVLW       207
0x06AA	0x6EAF      	MOVWF       SPBRG 
0x06AC	0x84AC      	BSF         TXSTA, 2, 0
0x06AE	0xDDAF      	RCALL       _UART1_Init
;projeto_final_2.c,52 :: 		Delay_ms(100);
0x06B0	0x0E02      	MOVLW       2
0x06B2	0x6E0B      	MOVWF       R11, 0
0x06B4	0x0E04      	MOVLW       4
0x06B6	0x6E0C      	MOVWF       R12, 0
0x06B8	0x0EBA      	MOVLW       186
0x06BA	0x6E0D      	MOVWF       R13, 0
L_main0:
0x06BC	0x2E0D      	DECFSZ      R13, 1, 0
0x06BE	0xD7FE      	BRA         L_main0
0x06C0	0x2E0C      	DECFSZ      R12, 1, 0
0x06C2	0xD7FC      	BRA         L_main0
0x06C4	0x2E0B      	DECFSZ      R11, 1, 0
0x06C6	0xD7FA      	BRA         L_main0
0x06C8	0x0000      	NOP
;projeto_final_2.c,54 :: 		while(1){
L_main1:
;projeto_final_2.c,55 :: 		flagCooler = UART1_Read();
0x06CA	0xDD98      	RCALL       _UART1_Read
0x06CC	0xF015C000  	MOVFF       R0, _flagCooler
0x06D0	0x0E00      	MOVLW       0
0x06D2	0x6E16      	MOVWF       _flagCooler+1 
;projeto_final_2.c,58 :: 		uiValorAD= ADC_Read(0);     // L Canal AD 0
0x06D4	0x6A64      	CLRF        FARG_ADC_Read_channel 
0x06D6	0xDF55      	RCALL       _ADC_Read
0x06D8	0xF05DC000  	MOVFF       R0, main_uiValorAD_L0
0x06DC	0xF05EC001  	MOVFF       R1, main_uiValorAD_L0+1
;projeto_final_2.c,59 :: 		uiValorAD*=0.249;            // Converte valor para o duty cycle
0x06E0	0xDF6F      	RCALL       _word2double
0x06E2	0x0EDB      	MOVLW       219
0x06E4	0x6E04      	MOVWF       R4 
0x06E6	0x0EF9      	MOVLW       249
0x06E8	0x6E05      	MOVWF       R5 
0x06EA	0x0E7E      	MOVLW       126
0x06EC	0x6E06      	MOVWF       R6 
0x06EE	0x0E7C      	MOVLW       124
0x06F0	0x6E07      	MOVWF       R7 
0x06F2	0xDE14      	RCALL       _Mul_32x32_FP
0x06F4	0xDEA3      	RCALL       _double2word
0x06F6	0xF05DC000  	MOVFF       R0, main_uiValorAD_L0
0x06FA	0xF05EC001  	MOVFF       R1, main_uiValorAD_L0+1
;projeto_final_2.c,60 :: 		if(flagCooler == 1){
0x06FE	0x0E00      	MOVLW       0
0x0700	0x1816      	XORWF       _flagCooler+1, 0 
0x0702	0xE102      	BNZ         L__main21
0x0704	0x0E01      	MOVLW       1
0x0706	0x1815      	XORWF       _flagCooler, 0 
L__main21:
0x0708	0xE104      	BNZ         L_main3
;projeto_final_2.c,61 :: 		PWM1_Set_Duty(uiValorAD);   // Envia o valor lido de "uiValorAD" para o mdulo CCP1 pwm
0x070A	0xF064C05D  	MOVFF       main_uiValorAD_L0, FARG_PWM1_Set_Duty_new_duty
0x070E	0xDF03      	RCALL       _PWM1_Set_Duty
;projeto_final_2.c,63 :: 		} else {
0x0710	0xD002      	BRA         L_main4
L_main3:
;projeto_final_2.c,64 :: 		PWM1_Set_Duty(0);
0x0712	0x6A64      	CLRF        FARG_PWM1_Set_Duty_new_duty 
0x0714	0xDF00      	RCALL       _PWM1_Set_Duty
;projeto_final_2.c,65 :: 		}
L_main4:
;projeto_final_2.c,68 :: 		if((PORTB.RB0==0)&&(ucStatus_inc==0)){       // Incrementa somente uma vez quando a tecla for pressionada.
0x0716	0xB081      	BTFSC       PORTB, 0 
0x0718	0xD00A      	BRA         L_main7
0x071A	0x5063      	MOVF        main_ucStatus_inc_L0, 0 
0x071C	0x0A00      	XORLW       0
0x071E	0xE107      	BNZ         L_main7
L__main19:
;projeto_final_2.c,69 :: 		uiContador++;
0x0720	0x4A5F      	INFSNZ      main_uiContador_L0, 1 
0x0722	0x2A60      	INCF        main_uiContador_L0+1, 1 
;projeto_final_2.c,70 :: 		ucStatus_inc=1;
0x0724	0x0E01      	MOVLW       1
0x0726	0x6E63      	MOVWF       main_ucStatus_inc_L0 
;projeto_final_2.c,71 :: 		Lcd_Cmd(_LCD_CLEAR);
0x0728	0x0E01      	MOVLW       1
0x072A	0x6E6A      	MOVWF       FARG_Lcd_Cmd_out_char 
0x072C	0xDCA2      	RCALL       _Lcd_Cmd
;projeto_final_2.c,72 :: 		}
L_main7:
;projeto_final_2.c,74 :: 		if((PORTB.RB0==1)&&(ucStatus_inc==1)){   // Volta a disponibilizar a op??o de incremento quando a tecla for solta.
0x072E	0xA081      	BTFSS       PORTB, 0 
0x0730	0xD004      	BRA         L_main10
0x0732	0x5063      	MOVF        main_ucStatus_inc_L0, 0 
0x0734	0x0A01      	XORLW       1
0x0736	0xB4D8      	BTFSC       STATUS, 2 
L__main18:
;projeto_final_2.c,75 :: 		ucStatus_inc=0;
0x0738	0x6A63      	CLRF        main_ucStatus_inc_L0 
;projeto_final_2.c,76 :: 		}
L_main10:
;projeto_final_2.c,77 :: 		delay_ms(100);  //Pode ser um debounce
0x073A	0x0E02      	MOVLW       2
0x073C	0x6E0B      	MOVWF       R11, 0
0x073E	0x0E04      	MOVLW       4
0x0740	0x6E0C      	MOVWF       R12, 0
0x0742	0x0EBA      	MOVLW       186
0x0744	0x6E0D      	MOVWF       R13, 0
L_main11:
0x0746	0x2E0D      	DECFSZ      R13, 1, 0
0x0748	0xD7FE      	BRA         L_main11
0x074A	0x2E0C      	DECFSZ      R12, 1, 0
0x074C	0xD7FC      	BRA         L_main11
0x074E	0x2E0B      	DECFSZ      R11, 1, 0
0x0750	0xD7FA      	BRA         L_main11
0x0752	0x0000      	NOP
;projeto_final_2.c,79 :: 		uiValor = uiContador%4;
0x0754	0x0E03      	MOVLW       3
0x0756	0x145F      	ANDWF       main_uiContador_L0, 0 
0x0758	0x6E01      	MOVWF       R1 
0x075A	0xF002C060  	MOVFF       main_uiContador_L0+1, R2
0x075E	0x0E00      	MOVLW       0
0x0760	0x1602      	ANDWF       R2, 1 
0x0762	0xF061C001  	MOVFF       R1, main_uiValor_L0
0x0766	0xF062C002  	MOVFF       R2, main_uiValor_L0+1
;projeto_final_2.c,80 :: 		if (uiValor == 0){
0x076A	0x0E00      	MOVLW       0
0x076C	0x1802      	XORWF       R2, 0 
0x076E	0xE102      	BNZ         L__main22
0x0770	0x0E00      	MOVLW       0
0x0772	0x1801      	XORWF       R1, 0 
L__main22:
0x0774	0xE10A      	BNZ         L_main12
;projeto_final_2.c,81 :: 		lcd_out(1,1,"Temperatura");
0x0776	0x0E01      	MOVLW       1
0x0778	0x6E64      	MOVWF       FARG_Lcd_Out_row 
0x077A	0x0E01      	MOVLW       1
0x077C	0x6E65      	MOVWF       FARG_Lcd_Out_column 
0x077E	0x0E17      	MOVLW       ?lstr1_projeto_final_2
0x0780	0x6E66      	MOVWF       FARG_Lcd_Out_text 
0x0782	0x0E00      	MOVLW       hi_addr(?lstr1_projeto_final_2)
0x0784	0x6E67      	MOVWF       FARG_Lcd_Out_text+1 
0x0786	0xDF30      	RCALL       _Lcd_Out
;projeto_final_2.c,82 :: 		}
0x0788	0xD029      	BRA         L_main13
L_main12:
;projeto_final_2.c,83 :: 		else if(uiValor == 1){
0x078A	0x0E00      	MOVLW       0
0x078C	0x1862      	XORWF       main_uiValor_L0+1, 0 
0x078E	0xE102      	BNZ         L__main23
0x0790	0x0E01      	MOVLW       1
0x0792	0x1861      	XORWF       main_uiValor_L0, 0 
L__main23:
0x0794	0xE10A      	BNZ         L_main14
;projeto_final_2.c,84 :: 		lcd_out(1,1,"Pressao Atmosf");
0x0796	0x0E01      	MOVLW       1
0x0798	0x6E64      	MOVWF       FARG_Lcd_Out_row 
0x079A	0x0E01      	MOVLW       1
0x079C	0x6E65      	MOVWF       FARG_Lcd_Out_column 
0x079E	0x0E2D      	MOVLW       ?lstr2_projeto_final_2
0x07A0	0x6E66      	MOVWF       FARG_Lcd_Out_text 
0x07A2	0x0E00      	MOVLW       hi_addr(?lstr2_projeto_final_2)
0x07A4	0x6E67      	MOVWF       FARG_Lcd_Out_text+1 
0x07A6	0xDF20      	RCALL       _Lcd_Out
;projeto_final_2.c,85 :: 		}
0x07A8	0xD019      	BRA         L_main15
L_main14:
;projeto_final_2.c,86 :: 		else if(uiValor == 2){
0x07AA	0x0E00      	MOVLW       0
0x07AC	0x1862      	XORWF       main_uiValor_L0+1, 0 
0x07AE	0xE102      	BNZ         L__main24
0x07B0	0x0E02      	MOVLW       2
0x07B2	0x1861      	XORWF       main_uiValor_L0, 0 
L__main24:
0x07B4	0xE10A      	BNZ         L_main16
;projeto_final_2.c,87 :: 		lcd_out(1,1,"Umidade do Solo");
0x07B6	0x0E01      	MOVLW       1
0x07B8	0x6E64      	MOVWF       FARG_Lcd_Out_row 
0x07BA	0x0E01      	MOVLW       1
0x07BC	0x6E65      	MOVWF       FARG_Lcd_Out_column 
0x07BE	0x0E3C      	MOVLW       ?lstr3_projeto_final_2
0x07C0	0x6E66      	MOVWF       FARG_Lcd_Out_text 
0x07C2	0x0E00      	MOVLW       hi_addr(?lstr3_projeto_final_2)
0x07C4	0x6E67      	MOVWF       FARG_Lcd_Out_text+1 
0x07C6	0xDF10      	RCALL       _Lcd_Out
;projeto_final_2.c,88 :: 		}
0x07C8	0xD009      	BRA         L_main17
L_main16:
;projeto_final_2.c,90 :: 		lcd_out(1,1,"Altitude");
0x07CA	0x0E01      	MOVLW       1
0x07CC	0x6E64      	MOVWF       FARG_Lcd_Out_row 
0x07CE	0x0E01      	MOVLW       1
0x07D0	0x6E65      	MOVWF       FARG_Lcd_Out_column 
0x07D2	0x0E24      	MOVLW       ?lstr4_projeto_final_2
0x07D4	0x6E66      	MOVWF       FARG_Lcd_Out_text 
0x07D6	0x0E00      	MOVLW       hi_addr(?lstr4_projeto_final_2)
0x07D8	0x6E67      	MOVWF       FARG_Lcd_Out_text+1 
0x07DA	0xDF06      	RCALL       _Lcd_Out
;projeto_final_2.c,92 :: 		}
L_main17:
L_main15:
L_main13:
;projeto_final_2.c,93 :: 		}
0x07DC	0xD776      	BRA         L_main1
;projeto_final_2.c,94 :: 		}
L_end_main:
0x07DE	0xD7FF      	BRA         $+0
; end of _main
0x0818	0xF015EE10  	LFSR        1, 21
0x081C	0x0E37      	MOVLW       55
0x081E	0x6E00      	MOVWF       R0 
0x0820	0x0E01      	MOVLW       1
0x0822	0x6E01      	MOVWF       R1 
0x0824	0x0EE0      	MOVLW       224
0x0826	0x6EF6      	MOVWF       4086 
0x0828	0x0E07      	MOVLW       7
0x082A	0x6EF7      	MOVWF       TBLPTRH 
0x082C	0x0E00      	MOVLW       0
0x082E	0x6EF8      	MOVWF       TBLPTRU 
0x0830	0xF001EC7D  	CALL        762, 0
0x0834	0x0012      	RETURN      0
;projeto_final_2.c,0 :: ?ICS_flagCooler
0x07E0	0x0000 ;?ICS_flagCooler+0
; end of ?ICS_flagCooler
;projeto_final_2.c,0 :: ?ICS?lstr1_projeto_final_2
0x07E2	0x6554 ;?ICS?lstr1_projeto_final_2+0
0x07E4	0x706D ;?ICS?lstr1_projeto_final_2+2
0x07E6	0x7265 ;?ICS?lstr1_projeto_final_2+4
0x07E8	0x7461 ;?ICS?lstr1_projeto_final_2+6
0x07EA	0x7275 ;?ICS?lstr1_projeto_final_2+8
0x07EC	0x0061 ;?ICS?lstr1_projeto_final_2+10
; end of ?ICS?lstr1_projeto_final_2
;__Lib_ADC_A_D.c,0 :: ?ICS_vref_mask
0x07EE	0x30 ;?ICS_vref_mask+0
; end of ?ICS_vref_mask
;projeto_final_2.c,0 :: ?ICS?lstr4_projeto_final_2
0x07EF	0x6C41 ;?ICS?lstr4_projeto_final_2+0
0x07F1	0x6974 ;?ICS?lstr4_projeto_final_2+2
0x07F3	0x7574 ;?ICS?lstr4_projeto_final_2+4
0x07F5	0x6564 ;?ICS?lstr4_projeto_final_2+6
0x07F7	0x00 ;?ICS?lstr4_projeto_final_2+8
; end of ?ICS?lstr4_projeto_final_2
;projeto_final_2.c,0 :: ?ICS?lstr2_projeto_final_2
0x07F8	0x7250 ;?ICS?lstr2_projeto_final_2+0
0x07FA	0x7365 ;?ICS?lstr2_projeto_final_2+2
0x07FC	0x6173 ;?ICS?lstr2_projeto_final_2+4
0x07FE	0x206F ;?ICS?lstr2_projeto_final_2+6
0x0800	0x7441 ;?ICS?lstr2_projeto_final_2+8
0x0802	0x6F6D ;?ICS?lstr2_projeto_final_2+10
0x0804	0x6673 ;?ICS?lstr2_projeto_final_2+12
0x0806	0x00 ;?ICS?lstr2_projeto_final_2+14
; end of ?ICS?lstr2_projeto_final_2
;projeto_final_2.c,0 :: ?ICS?lstr3_projeto_final_2
0x0807	0x6D55 ;?ICS?lstr3_projeto_final_2+0
0x0809	0x6469 ;?ICS?lstr3_projeto_final_2+2
0x080B	0x6461 ;?ICS?lstr3_projeto_final_2+4
0x080D	0x2065 ;?ICS?lstr3_projeto_final_2+6
0x080F	0x6F64 ;?ICS?lstr3_projeto_final_2+8
0x0811	0x5320 ;?ICS?lstr3_projeto_final_2+10
0x0813	0x6C6F ;?ICS?lstr3_projeto_final_2+12
0x0815	0x006F ;?ICS?lstr3_projeto_final_2+14
; end of ?ICS?lstr3_projeto_final_2
Symbol List:
//** Routines locations **
//ADDRESS    SIZE    PROCEDURE
//----------------------------------------------
0x001C       [6]    _Delay_1us
0x0022      [22]    _Delay_5500us
0x0038      [10]    _Delay_50us
0x0042       [8]    _FIXSIGN32
0x004A      [26]    _SETFUN32
0x0064      [14]    _RES032
0x0072     [124]    _Lcd_Cmd
0x00EE      [24]    _SETFOV32
0x0106     [114]    _NRM3232
0x0178      [12]    _Lcd_Chr_CP
0x0184      [28]    _SETIOV3224
0x01A0      [80]    _Mul_16X16_U
0x01F0      [12]    _Delay_22us
0x01FC      [18]    _UART1_Read
0x020E      [86]    _UART1_Init
0x0264     [150]    _Lcd_Init
0x02FA      [16]    ___CC2DW
0x030A      [10]    _PWM1_Start
0x0314       [8]    _PWM1_Init
0x031C     [288]    _Mul_32x32_FP
0x043C     [218]    _double2word
0x0516     [108]    _PWM1_Set_Duty
0x0582      [62]    _ADC_Read
0x05C0      [40]    _word2double
0x05E8     [122]    _Lcd_Out
0x0662     [382]    _main
//** Variables locations ** 
//ADDRESS    SIZE    VARIABLE
//----------------------------------------------
0x0000       [1]    UART1_Init_tmp_L0
0x0000       [1]    R0
0x0001       [1]    UART1_Read___tmp_UART1_Read_L0
0x0001       [1]    R1
0x0001       [1]    __Lib_Conversions_Adjust_Hex_tmp_L0
0x0002       [2]    memchr_s_L0
0x0002       [2]    memset_pp_L0
0x0002       [1]    R2
0x0002       [2]    memcpy_dd_L0
0x0002       [2]    strlen_cp_L0
0x0003       [2]    Ltrim_original_L0
0x0003       [2]    memmove_tt_L0
0x0003       [1]    R3
0x0004       [2]    strncat_cp_L0
0x0004       [2]    memcpy_ss_L0
0x0004       [1]    R4
0x0004       [2]    strncpy_cp_L0
0x0004       [2]    strcat_cp_L0
0x0004       [2]    strcpy_cp_L0
0x0005       [2]    memmove_ff_L0
0x0005       [1]    R5
0x0005       [2]    LongIntToHex_input_half_L0
0x0005       [2]    Ltrim_p_L0
0x0005       [2]    LongWordToHex_input_half_L0
0x0006       [1]    R6
0x0007       [1]    R7
0x0008       [1]    R8
0x0009       [1]    R9
0x000A       [1]    R10
0x000B       [1]    R11
0x000C       [1]    R12
0x000D       [1]    R13
0x000E       [1]    R14
0x000F       [1]    R15
0x0010       [1]    R16
0x0011       [1]    R17
0x0012       [1]    R18
0x0013       [1]    R19
0x0014       [1]    R20
0x0015       [2]    _flagCooler
0x0017      [12]    ?lstr1_projeto_final_2
0x0023       [1]    _vref_mask
0x0024       [9]    ?lstr4_projeto_final_2
0x002D      [15]    ?lstr2_projeto_final_2
0x003C      [16]    ?lstr3_projeto_final_2
0x004C       [4]    _UART_Tx_Idle_Ptr
0x0050       [4]    _UART_Wr_Ptr
0x0054       [4]    _UART_Rdy_Ptr
0x0058       [4]    _UART_Rd_Ptr
0x005C       [0]    __Lib_Lcd_cmd_status
0x005D       [2]    main_uiValorAD_L0
0x005F       [2]    main_uiContador_L0
0x0061       [2]    main_uiValor_L0
0x0063       [1]    main_ucStatus_inc_L0
0x0064       [1]    FARG_Lcd_Out_row
0x0064       [4]    FARG_PWM1_Init_PWM_Freq
0x0064       [1]    FARG_ADC_Read_channel
0x0064       [1]    FARG_PWM1_Set_Duty_new_duty
0x0065       [1]    FARG_Lcd_Out_column
0x0066       [2]    FARG_Lcd_Out_text
0x0068       [1]    Lcd_Out_i_L0
0x0069       [1]    FARG_Lcd_Chr_CP_out_char
0x006A       [1]    FARG_Lcd_Cmd_out_char
0x0F80       [1]    PORTA
0x0F81       [1]    PORTB
0x0F83       [0]    RD4_bit
0x0F83       [0]    RD5_bit
0x0F83       [0]    RD6_bit
0x0F83       [0]    RD7_bit
0x0F83       [0]    LCD_D5
0x0F83       [0]    LCD_D4
0x0F83       [0]    LCD_D7
0x0F83       [0]    LCD_D6
0x0F84       [0]    LCD_RS
0x0F84       [0]    LCD_EN
0x0F84       [0]    RE2_bit
0x0F84       [0]    RE1_bit
0x0F92       [1]    TRISA
0x0F93       [1]    TRISB
0x0F94       [0]    TRISC2_bit
0x0F94       [1]    TRISC
0x0F94       [0]    TRISC7_bit
0x0F94       [0]    TRISC6_bit
0x0F95       [0]    TRISD4_bit
0x0F95       [0]    TRISD7_bit
0x0F95       [0]    TRISD6_bit
0x0F95       [0]    TRISD5_bit
0x0F95       [0]    LCD_D5_Direction
0x0F95       [0]    LCD_D6_Direction
0x0F95       [0]    LCD_D7_Direction
0x0F95       [0]    LCD_D4_Direction
0x0F96       [0]    TRISE1_bit
0x0F96       [0]    TRISE2_bit
0x0F96       [0]    LCD_RS_Direction
0x0F96       [0]    LCD_EN_Direction
0x0F9E       [1]    PIR1
0x0FAB       [1]    RCSTA
0x0FAC       [1]    TXSTA
0x0FAE       [1]    RCREG
0x0FAF       [1]    SPBRG
0x0FB0       [1]    SPBRGH
0x0FB8       [1]    BAUDCON
0x0FBD       [1]    CCP1CON
0x0FBE       [1]    CCPR1L
0x0FC0       [1]    ADCON2
0x0FC1       [1]    ADCON1
0x0FC2       [1]    ADCON0
0x0FC3       [1]    ADRESL
0x0FC4       [1]    ADRESH
0x0FCA       [1]    T2CON
0x0FCB       [1]    PR2
0x0FD8       [1]    STATUS
0x0FD9       [1]    FSR2L
0x0FDA       [1]    FSR2H
0x0FDE       [1]    POSTINC2
0x0FE0       [1]    BSR
0x0FE1       [1]    FSR1L
0x0FE2       [1]    FSR1H
0x0FE4       [1]    PREINC1
0x0FE6       [1]    POSTINC1
0x0FE7       [1]    INDF1
0x0FE8       [1]    WREG
0x0FE9       [1]    FSR0L
0x0FEA       [1]    FSR0H
0x0FEE       [1]    POSTINC0
0x0FF3       [1]    PRODL
0x0FF4       [1]    PRODH
0x0FF5       [1]    TABLAT
0x0FF6       [1]    TBLPTRL
0x0FF7       [1]    TBLPTRH
0x0FF8       [1]    TBLPTRU
//** Constants locations ** 
//ADDRESS    SIZE    CONSTANT
//----------------------------------------------
0x07E0       [2]    ?ICS_flagCooler
0x07E2      [12]    ?ICS?lstr1_projeto_final_2
0x07EE       [1]    ?ICS_vref_mask
0x07EF       [9]    ?ICS?lstr4_projeto_final_2
0x07F8      [15]    ?ICS?lstr2_projeto_final_2
0x0807      [16]    ?ICS?lstr3_projeto_final_2
