;  LST file generated by mikroListExporter - v.2.0 
; Date/Time: 25/02/2025 17:29:13
;----------------------------------------------

;Address Opcode 	ASM
0x0000	0xF002EF3F  	GOTO        1150
0x0004	0x0000      	NOP
0x0006	0x0000      	NOP
0x0008	0xF000EF00  	GOTO        0
0x000C	0x0000      	NOP
0x000E	0x0000      	NOP
0x0010	0x0000      	NOP
0x0012	0x0000      	NOP
0x0014	0x0000      	NOP
0x0016	0x0000      	NOP
0x0018	0xD7F3      	BRA         0
_Delay_5500us:
;__Lib_Delays.c,31 :: 		void Delay_5500us() {
;__Lib_Delays.c,32 :: 		Delay_us(5500);
0x001C	0x0E0F      	MOVLW       15
0x001E	0x6E0C      	MOVWF       R12, 0
0x0020	0x0E47      	MOVLW       71
0x0022	0x6E0D      	MOVWF       R13, 0
L_Delay_5500us5:
0x0024	0x2E0D      	DECFSZ      R13, 1, 0
0x0026	0xD7FE      	BRA         L_Delay_5500us5
0x0028	0x2E0C      	DECFSZ      R12, 1, 0
0x002A	0xD7FC      	BRA         L_Delay_5500us5
0x002C	0x0000      	NOP
0x002E	0x0000      	NOP
;__Lib_Delays.c,33 :: 		}
L_end_Delay_5500us:
0x0030	0x0012      	RETURN      0
; end of _Delay_5500us
_Delay_1us:
;__Lib_Delays.c,7 :: 		void Delay_1us() {
;__Lib_Delays.c,8 :: 		Delay_us(1);
0x0032	0x0000      	NOP
0x0034	0x0000      	NOP
;__Lib_Delays.c,9 :: 		}
L_end_Delay_1us:
0x0036	0x0012      	RETURN      0
; end of _Delay_1us
_Delay_50us:
;__Lib_Delays.c,19 :: 		void Delay_50us() {
;__Lib_Delays.c,20 :: 		Delay_us(50);
0x0038	0x0E21      	MOVLW       33
0x003A	0x6E0D      	MOVWF       R13, 0
L_Delay_50us2:
0x003C	0x2E0D      	DECFSZ      R13, 1, 0
0x003E	0xD7FE      	BRA         L_Delay_50us2
;__Lib_Delays.c,21 :: 		}
L_end_Delay_50us:
0x0040	0x0012      	RETURN      0
; end of _Delay_50us
_Div_16X16_U:
;__Lib_Math.c,102 :: 		
;__Lib_Math.c,109 :: 		
0x0042	0x6A08      	CLRF        R8, 0
;__Lib_Math.c,110 :: 		
0x0044	0x6A09      	CLRF        R9, 0
;__Lib_Math.c,111 :: 		
0x0046	0x0E10      	MOVLW       16
;__Lib_Math.c,112 :: 		
0x0048	0x6E0C      	MOVWF       R12, 0
;__Lib_Math.c,113 :: 		
0x004A	0x3401      	RLCF        R1, 0, 0
;__Lib_Math.c,114 :: 		
0x004C	0x3608      	RLCF        R8, 1, 0
;__Lib_Math.c,115 :: 		
0x004E	0x3609      	RLCF        R9, 1, 0
;__Lib_Math.c,116 :: 		
0x0050	0x5004      	MOVF        R4, 0, 0
;__Lib_Math.c,117 :: 		
0x0052	0x5E08      	SUBWF       R8, 1, 0
;__Lib_Math.c,118 :: 		
0x0054	0x5005      	MOVF        R5, 0, 0
;__Lib_Math.c,119 :: 		
0x0056	0xA0D8      	BTFSS       STATUS, 0, 0
;__Lib_Math.c,120 :: 		
0x0058	0x3C05      	INCFSZ      R5, 0, 0
;__Lib_Math.c,121 :: 		
0x005A	0x5E09      	SUBWF       R9, 1, 0
;__Lib_Math.c,122 :: 		
0x005C	0xB0D8      	BTFSC       STATUS, 0, 0
;__Lib_Math.c,123 :: 		
0x005E	0xD007      	BRA         $+16
;__Lib_Math.c,124 :: 		
0x0060	0x5004      	MOVF        R4, 0, 0
;__Lib_Math.c,125 :: 		
0x0062	0x2608      	ADDWF       R8, 1, 0
;__Lib_Math.c,126 :: 		
0x0064	0x5005      	MOVF        R5, 0, 0
;__Lib_Math.c,127 :: 		
0x0066	0xB0D8      	BTFSC       STATUS, 0, 0
;__Lib_Math.c,128 :: 		
0x0068	0x3C05      	INCFSZ      R5, 0, 0
;__Lib_Math.c,129 :: 		
0x006A	0x2609      	ADDWF       R9, 1, 0
;__Lib_Math.c,130 :: 		
0x006C	0x90D8      	BCF         STATUS, 0, 0
;__Lib_Math.c,131 :: 		
0x006E	0x3600      	RLCF        R0, 1, 0
;__Lib_Math.c,132 :: 		
0x0070	0x3601      	RLCF        R1, 1, 0
;__Lib_Math.c,133 :: 		
0x0072	0x2E0C      	DECFSZ      R12, 1, 0
;__Lib_Math.c,134 :: 		
0x0074	0xD7EA      	BRA         $-42
;__Lib_Math.c,136 :: 		
L_end_Div_16X16_U:
0x0076	0x0012      	RETURN      0
; end of _Div_16X16_U
_Lcd_Cmd:
;__Lib_Lcd.c,18 :: 		
;__Lib_Lcd.c,20 :: 		
0x0078	0xBE48      	BTFSC       FARG_Lcd_Cmd_out_char, 7 
0x007A	0xD002      	BRA         L__Lcd_Cmd21
0x007C	0x9E83      	BCF         LCD_D7, BitPos(LCD_D7+0) 
0x007E	0xD001      	BRA         L__Lcd_Cmd22
L__Lcd_Cmd21:
0x0080	0x8E83      	BSF         LCD_D7, BitPos(LCD_D7+0) 
L__Lcd_Cmd22:
;__Lib_Lcd.c,21 :: 		
0x0082	0xBC48      	BTFSC       FARG_Lcd_Cmd_out_char, 6 
0x0084	0xD002      	BRA         L__Lcd_Cmd23
0x0086	0x9C83      	BCF         LCD_D6, BitPos(LCD_D6+0) 
0x0088	0xD001      	BRA         L__Lcd_Cmd24
L__Lcd_Cmd23:
0x008A	0x8C83      	BSF         LCD_D6, BitPos(LCD_D6+0) 
L__Lcd_Cmd24:
;__Lib_Lcd.c,22 :: 		
0x008C	0xBA48      	BTFSC       FARG_Lcd_Cmd_out_char, 5 
0x008E	0xD002      	BRA         L__Lcd_Cmd25
0x0090	0x9A83      	BCF         LCD_D5, BitPos(LCD_D5+0) 
0x0092	0xD001      	BRA         L__Lcd_Cmd26
L__Lcd_Cmd25:
0x0094	0x8A83      	BSF         LCD_D5, BitPos(LCD_D5+0) 
L__Lcd_Cmd26:
;__Lib_Lcd.c,23 :: 		
0x0096	0xB848      	BTFSC       FARG_Lcd_Cmd_out_char, 4 
0x0098	0xD002      	BRA         L__Lcd_Cmd27
0x009A	0x9883      	BCF         LCD_D4, BitPos(LCD_D4+0) 
0x009C	0xD001      	BRA         L__Lcd_Cmd28
L__Lcd_Cmd27:
0x009E	0x8883      	BSF         LCD_D4, BitPos(LCD_D4+0) 
L__Lcd_Cmd28:
;__Lib_Lcd.c,25 :: 		
0x00A0	0xB022      	BTFSC       __Lib_Lcd_cmd_status, BitPos(__Lib_Lcd_cmd_status+0) 
0x00A2	0xD002      	BRA         L__Lcd_Cmd29
0x00A4	0x8484      	BSF         LCD_RS, BitPos(LCD_RS+0) 
0x00A6	0xD001      	BRA         L__Lcd_Cmd30
L__Lcd_Cmd29:
0x00A8	0x9484      	BCF         LCD_RS, BitPos(LCD_RS+0) 
L__Lcd_Cmd30:
;__Lib_Lcd.c,28 :: 		
0x00AA	0x8284      	BSF         LCD_EN, BitPos(LCD_EN+0) 
;__Lib_Lcd.c,29 :: 		
0x00AC	0xDFC2      	RCALL       _Delay_1us
;__Lib_Lcd.c,30 :: 		
0x00AE	0x9284      	BCF         LCD_EN, BitPos(LCD_EN+0) 
;__Lib_Lcd.c,33 :: 		
0x00B0	0xB648      	BTFSC       FARG_Lcd_Cmd_out_char, 3 
0x00B2	0xD002      	BRA         L__Lcd_Cmd31
0x00B4	0x9E83      	BCF         LCD_D7, BitPos(LCD_D7+0) 
0x00B6	0xD001      	BRA         L__Lcd_Cmd32
L__Lcd_Cmd31:
0x00B8	0x8E83      	BSF         LCD_D7, BitPos(LCD_D7+0) 
L__Lcd_Cmd32:
;__Lib_Lcd.c,34 :: 		
0x00BA	0xB448      	BTFSC       FARG_Lcd_Cmd_out_char, 2 
0x00BC	0xD002      	BRA         L__Lcd_Cmd33
0x00BE	0x9C83      	BCF         LCD_D6, BitPos(LCD_D6+0) 
0x00C0	0xD001      	BRA         L__Lcd_Cmd34
L__Lcd_Cmd33:
0x00C2	0x8C83      	BSF         LCD_D6, BitPos(LCD_D6+0) 
L__Lcd_Cmd34:
;__Lib_Lcd.c,35 :: 		
0x00C4	0xB248      	BTFSC       FARG_Lcd_Cmd_out_char, 1 
0x00C6	0xD002      	BRA         L__Lcd_Cmd35
0x00C8	0x9A83      	BCF         LCD_D5, BitPos(LCD_D5+0) 
0x00CA	0xD001      	BRA         L__Lcd_Cmd36
L__Lcd_Cmd35:
0x00CC	0x8A83      	BSF         LCD_D5, BitPos(LCD_D5+0) 
L__Lcd_Cmd36:
;__Lib_Lcd.c,36 :: 		
0x00CE	0xB048      	BTFSC       FARG_Lcd_Cmd_out_char, 0 
0x00D0	0xD002      	BRA         L__Lcd_Cmd37
0x00D2	0x9883      	BCF         LCD_D4, BitPos(LCD_D4+0) 
0x00D4	0xD001      	BRA         L__Lcd_Cmd38
L__Lcd_Cmd37:
0x00D6	0x8883      	BSF         LCD_D4, BitPos(LCD_D4+0) 
L__Lcd_Cmd38:
;__Lib_Lcd.c,38 :: 		
0x00D8	0xB022      	BTFSC       __Lib_Lcd_cmd_status, BitPos(__Lib_Lcd_cmd_status+0) 
0x00DA	0xD002      	BRA         L__Lcd_Cmd39
0x00DC	0x8484      	BSF         LCD_RS, BitPos(LCD_RS+0) 
0x00DE	0xD001      	BRA         L__Lcd_Cmd40
L__Lcd_Cmd39:
0x00E0	0x9484      	BCF         LCD_RS, BitPos(LCD_RS+0) 
L__Lcd_Cmd40:
;__Lib_Lcd.c,40 :: 		
0x00E2	0x8284      	BSF         LCD_EN, BitPos(LCD_EN+0) 
;__Lib_Lcd.c,41 :: 		
0x00E4	0xDFA6      	RCALL       _Delay_1us
;__Lib_Lcd.c,42 :: 		
0x00E6	0x9284      	BCF         LCD_EN, BitPos(LCD_EN+0) 
;__Lib_Lcd.c,44 :: 		
0x00E8	0xA022      	BTFSS       __Lib_Lcd_cmd_status, BitPos(__Lib_Lcd_cmd_status+0) 
0x00EA	0xD002      	BRA         L_Lcd_Cmd0
;__Lib_Lcd.c,45 :: 		
0x00EC	0xDF97      	RCALL       _Delay_5500us
0x00EE	0xD001      	BRA         L_Lcd_Cmd1
L_Lcd_Cmd0:
;__Lib_Lcd.c,47 :: 		
0x00F0	0xDFA3      	RCALL       _Delay_50us
L_Lcd_Cmd1:
;__Lib_Lcd.c,48 :: 		
L_end_Lcd_Cmd:
0x00F2	0x0012      	RETURN      0
; end of _Lcd_Cmd
_WordToStr:
;__Lib_Conversions.c,98 :: 		
;__Lib_Conversions.c,103 :: 		
0x00F4	0x6A45      	CLRF        WordToStr_len_L0 
L_WordToStr11:
0x00F6	0x0E05      	MOVLW       5
0x00F8	0x5C45      	SUBWF       WordToStr_len_L0, 0 
0x00FA	0xE20A      	BC          L_WordToStr12
;__Lib_Conversions.c,104 :: 		
0x00FC	0x5045      	MOVF        WordToStr_len_L0, 0 
0x00FE	0x2443      	ADDWF       FARG_WordToStr_output, 0 
0x0100	0x6EE1      	MOVWF       FSR1L 
0x0102	0x0E00      	MOVLW       0
0x0104	0x2044      	ADDWFC      FARG_WordToStr_output+1, 0 
0x0106	0x6EE2      	MOVWF       FSR1L+1 
0x0108	0x0E20      	MOVLW       32
0x010A	0x6EE6      	MOVWF       POSTINC1 
;__Lib_Conversions.c,103 :: 		
0x010C	0x2A45      	INCF        WordToStr_len_L0, 1 
;__Lib_Conversions.c,104 :: 		
0x010E	0xD7F3      	BRA         L_WordToStr11
L_WordToStr12:
;__Lib_Conversions.c,105 :: 		
0x0110	0x5045      	MOVF        WordToStr_len_L0, 0 
0x0112	0x2443      	ADDWF       FARG_WordToStr_output, 0 
0x0114	0x6EE1      	MOVWF       FSR1L 
0x0116	0x0E00      	MOVLW       0
0x0118	0x2044      	ADDWFC      FARG_WordToStr_output+1, 0 
0x011A	0x6EE2      	MOVWF       FSR1L+1 
0x011C	0x6AE6      	CLRF        POSTINC1 
0x011E	0x0645      	DECF        WordToStr_len_L0, 1 
;__Lib_Conversions.c,107 :: 		
L_WordToStr14:
;__Lib_Conversions.c,108 :: 		
0x0120	0x5045      	MOVF        WordToStr_len_L0, 0 
0x0122	0x2443      	ADDWF       FARG_WordToStr_output, 0 
0x0124	0x6E46      	MOVWF       FLOC__WordToStr 
0x0126	0x0E00      	MOVLW       0
0x0128	0x2044      	ADDWFC      FARG_WordToStr_output+1, 0 
0x012A	0x6E47      	MOVWF       FLOC__WordToStr+1 
0x012C	0x0E0A      	MOVLW       10
0x012E	0x6E04      	MOVWF       R4 
0x0130	0x0E00      	MOVLW       0
0x0132	0x6E05      	MOVWF       R5 
0x0134	0xF000C041  	MOVFF       FARG_WordToStr_input, R0
0x0138	0xF001C042  	MOVFF       FARG_WordToStr_input+1, R1
0x013C	0xDF82      	RCALL       _Div_16X16_U
0x013E	0xF000C008  	MOVFF       R8, R0
0x0142	0xF001C009  	MOVFF       R9, R1
0x0146	0x0E30      	MOVLW       48
0x0148	0x2600      	ADDWF       R0, 1 
0x014A	0xFFE1C046  	MOVFF       FLOC__WordToStr, FSR1L
0x014E	0xFFE2C047  	MOVFF       FLOC__WordToStr+1, FSR1H
0x0152	0xFFE6C000  	MOVFF       R0, POSTINC1
;__Lib_Conversions.c,109 :: 		
0x0156	0x0E0A      	MOVLW       10
0x0158	0x6E04      	MOVWF       R4 
0x015A	0x0E00      	MOVLW       0
0x015C	0x6E05      	MOVWF       R5 
0x015E	0xF000C041  	MOVFF       FARG_WordToStr_input, R0
0x0162	0xF001C042  	MOVFF       FARG_WordToStr_input+1, R1
0x0166	0xDF6D      	RCALL       _Div_16X16_U
0x0168	0xF041C000  	MOVFF       R0, FARG_WordToStr_input
0x016C	0xF042C001  	MOVFF       R1, FARG_WordToStr_input+1
;__Lib_Conversions.c,110 :: 		
0x0170	0x0E00      	MOVLW       0
0x0172	0x1801      	XORWF       R1, 0 
0x0174	0xE102      	BNZ         L__WordToStr379
0x0176	0x0E00      	MOVLW       0
0x0178	0x1800      	XORWF       R0, 0 
L__WordToStr379:
0x017A	0xE101      	BNZ         L_WordToStr16
;__Lib_Conversions.c,111 :: 		
0x017C	0xD002      	BRA         L_WordToStr15
L_WordToStr16:
;__Lib_Conversions.c,112 :: 		
0x017E	0x0645      	DECF        WordToStr_len_L0, 1 
;__Lib_Conversions.c,113 :: 		
0x0180	0xD7CF      	BRA         L_WordToStr14
L_WordToStr15:
;__Lib_Conversions.c,114 :: 		
L_end_WordToStr:
0x0182	0x0012      	RETURN      0
; end of _WordToStr
_Delay_22us:
;__Lib_Delays.c,15 :: 		void Delay_22us() {
;__Lib_Delays.c,16 :: 		Delay_us(22);
0x0184	0x0E0E      	MOVLW       14
0x0186	0x6E0D      	MOVWF       R13, 0
L_Delay_22us1:
0x0188	0x2E0D      	DECFSZ      R13, 1, 0
0x018A	0xD7FE      	BRA         L_Delay_22us1
0x018C	0x0000      	NOP
;__Lib_Delays.c,17 :: 		}
L_end_Delay_22us:
0x018E	0x0012      	RETURN      0
; end of _Delay_22us
_Lcd_Chr_CP:
;__Lib_Lcd.c,50 :: 		
;__Lib_Lcd.c,52 :: 		
0x0190	0x9022      	BCF         __Lib_Lcd_cmd_status, BitPos(__Lib_Lcd_cmd_status+0) 
;__Lib_Lcd.c,53 :: 		
0x0192	0xF048C041  	MOVFF       FARG_Lcd_Chr_CP_out_char, FARG_Lcd_Cmd_out_char
0x0196	0xDF70      	RCALL       _Lcd_Cmd
;__Lib_Lcd.c,54 :: 		
0x0198	0x8022      	BSF         __Lib_Lcd_cmd_status, BitPos(__Lib_Lcd_cmd_status+0) 
;__Lib_Lcd.c,55 :: 		
L_end_Lcd_Chr_CP:
0x019A	0x0012      	RETURN      0
; end of _Lcd_Chr_CP
_Ltrim:
;__Lib_Conversions.c,421 :: 		
;__Lib_Conversions.c,425 :: 		
0x019C	0x6A39      	CLRF        Ltrim_trimmed_L0 
0x019E	0x6A3A      	CLRF        Ltrim_trimmed_L0+1 
;__Lib_Conversions.c,426 :: 		
0x01A0	0xF003C037  	MOVFF       FARG_Ltrim_string, R3
0x01A4	0xF004C038  	MOVFF       FARG_Ltrim_string+1, R4
;__Lib_Conversions.c,427 :: 		
0x01A8	0xF005C037  	MOVFF       FARG_Ltrim_string, R5
0x01AC	0xF006C038  	MOVFF       FARG_Ltrim_string+1, R6
;__Lib_Conversions.c,428 :: 		
L_Ltrim84:
;__Lib_Conversions.c,429 :: 		
0x01B0	0xFFE9C003  	MOVFF       R3, FSR0L
0x01B4	0xFFEAC004  	MOVFF       R4, FSR0H
0x01B8	0x50EE      	MOVF        POSTINC0, 0 
0x01BA	0x0A20      	XORLW       32
0x01BC	0xE104      	BNZ         L__Ltrim345
0x01BE	0x5039      	MOVF        Ltrim_trimmed_L0, 0 
0x01C0	0x103A      	IORWF       Ltrim_trimmed_L0+1, 0 
0x01C2	0xE101      	BNZ         L__Ltrim345
0x01C4	0xD010      	BRA         L_Ltrim89
L__Ltrim345:
;__Lib_Conversions.c,430 :: 		
0x01C6	0x0E01      	MOVLW       1
0x01C8	0x6E39      	MOVWF       Ltrim_trimmed_L0 
0x01CA	0x0E00      	MOVLW       0
0x01CC	0x6E3A      	MOVWF       Ltrim_trimmed_L0+1 
;__Lib_Conversions.c,431 :: 		
0x01CE	0xFFE9C003  	MOVFF       R3, FSR0L
0x01D2	0xFFEAC004  	MOVFF       R4, FSR0H
0x01D6	0xFFE1C005  	MOVFF       R5, FSR1L
0x01DA	0xFFE2C006  	MOVFF       R6, FSR1H
0x01DE	0xFFE6CFEE  	MOVFF       POSTINC0, POSTINC1
0x01E2	0x4A05      	INFSNZ      R5, 1 
0x01E4	0x2A06      	INCF        R6, 1 
;__Lib_Conversions.c,432 :: 		
L_Ltrim89:
;__Lib_Conversions.c,434 :: 		
0x01E6	0xF001C003  	MOVFF       R3, R1
0x01EA	0xF002C004  	MOVFF       R4, R2
0x01EE	0x4A03      	INFSNZ      R3, 1 
0x01F0	0x2A04      	INCF        R4, 1 
0x01F2	0xFFE9C001  	MOVFF       R1, FSR0L
0x01F6	0xFFEAC002  	MOVFF       R2, FSR0H
0x01FA	0x50EE      	MOVF        POSTINC0, 0 
0x01FC	0x0A00      	XORLW       0
0x01FE	0xE1D8      	BNZ         L_Ltrim84
;__Lib_Conversions.c,435 :: 		
0x0200	0xF000C037  	MOVFF       FARG_Ltrim_string, R0
0x0204	0xF001C038  	MOVFF       FARG_Ltrim_string+1, R1
;__Lib_Conversions.c,436 :: 		
L_end_Ltrim:
0x0208	0x0012      	RETURN      0
; end of _Ltrim
_ADC_Get_Sample:
;__Lib_ADC_A_D.c,34 :: 		
;__Lib_ADC_A_D.c,37 :: 		
0x020A	0x0E83      	MOVLW       131
0x020C	0x16C2      	ANDWF       ADCON0, 1 
;__Lib_ADC_A_D.c,39 :: 		
0x020E	0xF000C037  	MOVFF       FARG_ADC_Get_Sample_channel, R0
0x0212	0x3600      	RLCF        R0, 1 
0x0214	0x9000      	BCF         R0, 0 
0x0216	0x3600      	RLCF        R0, 1 
0x0218	0x9000      	BCF         R0, 0 
0x021A	0x5000      	MOVF        R0, 0 
0x021C	0x12C2      	IORWF       ADCON0, 1 
;__Lib_ADC_A_D.c,41 :: 		
0x021E	0xDFB2      	RCALL       _Delay_22us
;__Lib_ADC_A_D.c,42 :: 		
0x0220	0x82C2      	BSF         ADCON0, 1 
;__Lib_ADC_A_D.c,43 :: 		
L_ADC_Get_Sample0:
0x0222	0xA2C2      	BTFSS       ADCON0, 1 
0x0224	0xD001      	BRA         L_ADC_Get_Sample1
;__Lib_ADC_A_D.c,44 :: 		
0x0226	0xD7FD      	BRA         L_ADC_Get_Sample0
L_ADC_Get_Sample1:
;__Lib_ADC_A_D.c,45 :: 		
0x0228	0xF001CFC4  	MOVFF       ADRESH, R1
0x022C	0x6A00      	CLRF        R0 
;__Lib_ADC_A_D.c,46 :: 		
0x022E	0x50C3      	MOVF        ADRESL, 0 
0x0230	0x1200      	IORWF       R0, 1 
0x0232	0x0E00      	MOVLW       0
0x0234	0x1201      	IORWF       R1, 1 
;__Lib_ADC_A_D.c,48 :: 		
;__Lib_ADC_A_D.c,49 :: 		
L_end_ADC_Get_Sample:
0x0236	0x0012      	RETURN      0
; end of _ADC_Get_Sample
_ADC_Init:
;__Lib_ADC_A_D.c,13 :: 		
;__Lib_ADC_A_D.c,14 :: 		
0x0238	0x0E0A      	MOVLW       _ADC_Get_Sample
0x023A	0x6E23      	MOVWF       _ADC_Get_Sample_Ptr 
0x023C	0x0E02      	MOVLW       hi_addr(_ADC_Get_Sample)
0x023E	0x6E24      	MOVWF       _ADC_Get_Sample_Ptr+1 
0x0240	0x0E37      	MOVLW       FARG_ADC_Get_Sample_channel
0x0242	0x6E25      	MOVWF       _ADC_Get_Sample_Ptr+2 
0x0244	0x0E00      	MOVLW       hi_addr(FARG_ADC_Get_Sample_channel)
0x0246	0x6E26      	MOVWF       _ADC_Get_Sample_Ptr+3 
;__Lib_ADC_A_D.c,16 :: 		
0x0248	0x6AC2      	CLRF        ADCON0 
;__Lib_ADC_A_D.c,17 :: 		
0x024A	0x1C19      	COMF        _vref_mask, 0 
0x024C	0x6E00      	MOVWF       R0 
0x024E	0x5000      	MOVF        R0, 0 
0x0250	0x16C1      	ANDWF       ADCON1, 1 
;__Lib_ADC_A_D.c,18 :: 		
0x0252	0x0E07      	MOVLW       7
0x0254	0x12C0      	IORWF       ADCON2, 1 
;__Lib_ADC_A_D.c,19 :: 		
0x0256	0x8EC0      	BSF         ADCON2, 7 
;__Lib_ADC_A_D.c,20 :: 		
0x0258	0x80C2      	BSF         ADCON0, 0 
;__Lib_ADC_A_D.c,21 :: 		
L_end_ADC_Init:
0x025A	0x0012      	RETURN      0
; end of _ADC_Init
___CC2DW:
;__Lib_System.c,21 :: 		
;__Lib_System.c,23 :: 		
_CC2DL_Loop1:
;__Lib_System.c,24 :: 		
0x025C	0x0009      	TBLRD*+
;__Lib_System.c,25 :: 		
0x025E	0xFFE6CFF5  	MOVFF       TABLAT, POSTINC1
;__Lib_System.c,26 :: 		
0x0262	0x0600      	DECF        R0, 1, 0
;__Lib_System.c,27 :: 		
0x0264	0xE1FB      	BNZ         _CC2DL_Loop1
;__Lib_System.c,28 :: 		
0x0266	0x0601      	DECF        R1, 1, 0
;__Lib_System.c,29 :: 		
0x0268	0xE1F9      	BNZ         _CC2DL_Loop1
;__Lib_System.c,31 :: 		
L_end___CC2DW:
0x026A	0x0012      	RETURN      0
; end of ___CC2DW
_Lcd_Init:
;__Lib_Lcd.c,84 :: 		
;__Lib_Lcd.c,86 :: 		
0x026C	0x9296      	BCF         LCD_EN_Direction, BitPos(LCD_EN_Direction+0) 
;__Lib_Lcd.c,87 :: 		
0x026E	0x9496      	BCF         LCD_RS_Direction, BitPos(LCD_RS_Direction+0) 
;__Lib_Lcd.c,88 :: 		
0x0270	0x9895      	BCF         LCD_D4_Direction, BitPos(LCD_D4_Direction+0) 
;__Lib_Lcd.c,89 :: 		
0x0272	0x9A95      	BCF         LCD_D5_Direction, BitPos(LCD_D5_Direction+0) 
;__Lib_Lcd.c,90 :: 		
0x0274	0x9C95      	BCF         LCD_D6_Direction, BitPos(LCD_D6_Direction+0) 
;__Lib_Lcd.c,91 :: 		
0x0276	0x9E95      	BCF         LCD_D7_Direction, BitPos(LCD_D7_Direction+0) 
;__Lib_Lcd.c,93 :: 		
0x0278	0x9284      	BCF         LCD_EN, BitPos(LCD_EN+0) 
;__Lib_Lcd.c,94 :: 		
0x027A	0x9484      	BCF         LCD_RS, BitPos(LCD_RS+0) 
;__Lib_Lcd.c,95 :: 		
0x027C	0x9E83      	BCF         LCD_D7, BitPos(LCD_D7+0) 
;__Lib_Lcd.c,96 :: 		
0x027E	0x9C83      	BCF         LCD_D6, BitPos(LCD_D6+0) 
;__Lib_Lcd.c,97 :: 		
0x0280	0x9A83      	BCF         LCD_D5, BitPos(LCD_D5+0) 
;__Lib_Lcd.c,98 :: 		
0x0282	0x9883      	BCF         LCD_D4, BitPos(LCD_D4+0) 
;__Lib_Lcd.c,100 :: 		
0x0284	0xDECB      	RCALL       _Delay_5500us
;__Lib_Lcd.c,101 :: 		
0x0286	0xDECA      	RCALL       _Delay_5500us
;__Lib_Lcd.c,102 :: 		
0x0288	0xDEC9      	RCALL       _Delay_5500us
;__Lib_Lcd.c,105 :: 		
0x028A	0x8A83      	BSF         LCD_D5, BitPos(LCD_D5+0) 
;__Lib_Lcd.c,106 :: 		
0x028C	0x8883      	BSF         LCD_D4, BitPos(LCD_D4+0) 
;__Lib_Lcd.c,107 :: 		
0x028E	0x8284      	BSF         LCD_EN, BitPos(LCD_EN+0) 
;__Lib_Lcd.c,108 :: 		
0x0290	0xDED0      	RCALL       _Delay_1us
;__Lib_Lcd.c,109 :: 		
0x0292	0x9284      	BCF         LCD_EN, BitPos(LCD_EN+0) 
;__Lib_Lcd.c,110 :: 		
0x0294	0xDEC3      	RCALL       _Delay_5500us
;__Lib_Lcd.c,112 :: 		
0x0296	0x8284      	BSF         LCD_EN, BitPos(LCD_EN+0) 
;__Lib_Lcd.c,113 :: 		
0x0298	0xDECC      	RCALL       _Delay_1us
;__Lib_Lcd.c,114 :: 		
0x029A	0x9284      	BCF         LCD_EN, BitPos(LCD_EN+0) 
;__Lib_Lcd.c,115 :: 		
0x029C	0xDEBF      	RCALL       _Delay_5500us
;__Lib_Lcd.c,117 :: 		
0x029E	0x8284      	BSF         LCD_EN, BitPos(LCD_EN+0) 
;__Lib_Lcd.c,118 :: 		
0x02A0	0xDEC8      	RCALL       _Delay_1us
;__Lib_Lcd.c,119 :: 		
0x02A2	0x9284      	BCF         LCD_EN, BitPos(LCD_EN+0) 
;__Lib_Lcd.c,120 :: 		
0x02A4	0xDEBB      	RCALL       _Delay_5500us
;__Lib_Lcd.c,123 :: 		
0x02A6	0x9883      	BCF         LCD_D4, BitPos(LCD_D4+0) 
;__Lib_Lcd.c,124 :: 		
0x02A8	0x8284      	BSF         LCD_EN, BitPos(LCD_EN+0) 
;__Lib_Lcd.c,125 :: 		
0x02AA	0xDEC3      	RCALL       _Delay_1us
;__Lib_Lcd.c,126 :: 		
0x02AC	0x9284      	BCF         LCD_EN, BitPos(LCD_EN+0) 
;__Lib_Lcd.c,127 :: 		
0x02AE	0xDEB6      	RCALL       _Delay_5500us
;__Lib_Lcd.c,130 :: 		
0x02B0	0x8284      	BSF         LCD_EN, BitPos(LCD_EN+0) 
;__Lib_Lcd.c,131 :: 		
0x02B2	0xDEBF      	RCALL       _Delay_1us
;__Lib_Lcd.c,132 :: 		
0x02B4	0x9284      	BCF         LCD_EN, BitPos(LCD_EN+0) 
;__Lib_Lcd.c,134 :: 		
0x02B6	0x9A83      	BCF         LCD_D5, BitPos(LCD_D5+0) 
;__Lib_Lcd.c,135 :: 		
0x02B8	0x8E83      	BSF         LCD_D7, BitPos(LCD_D7+0) 
;__Lib_Lcd.c,136 :: 		
0x02BA	0x8284      	BSF         LCD_EN, BitPos(LCD_EN+0) 
;__Lib_Lcd.c,137 :: 		
0x02BC	0xDEBA      	RCALL       _Delay_1us
;__Lib_Lcd.c,138 :: 		
0x02BE	0x9284      	BCF         LCD_EN, BitPos(LCD_EN+0) 
;__Lib_Lcd.c,139 :: 		
0x02C0	0xDEAD      	RCALL       _Delay_5500us
;__Lib_Lcd.c,142 :: 		
0x02C2	0x9E83      	BCF         LCD_D7, BitPos(LCD_D7+0) 
;__Lib_Lcd.c,143 :: 		
0x02C4	0x8883      	BSF         LCD_D4, BitPos(LCD_D4+0) 
;__Lib_Lcd.c,144 :: 		
0x02C6	0x8284      	BSF         LCD_EN, BitPos(LCD_EN+0) 
;__Lib_Lcd.c,145 :: 		
0x02C8	0xDEB4      	RCALL       _Delay_1us
;__Lib_Lcd.c,146 :: 		
0x02CA	0x9284      	BCF         LCD_EN, BitPos(LCD_EN+0) 
;__Lib_Lcd.c,148 :: 		
0x02CC	0x9883      	BCF         LCD_D4, BitPos(LCD_D4+0) 
;__Lib_Lcd.c,149 :: 		
0x02CE	0x8284      	BSF         LCD_EN, BitPos(LCD_EN+0) 
;__Lib_Lcd.c,150 :: 		
0x02D0	0xDEB0      	RCALL       _Delay_1us
;__Lib_Lcd.c,151 :: 		
0x02D2	0x9284      	BCF         LCD_EN, BitPos(LCD_EN+0) 
;__Lib_Lcd.c,152 :: 		
0x02D4	0xDEA3      	RCALL       _Delay_5500us
;__Lib_Lcd.c,155 :: 		
0x02D6	0x8284      	BSF         LCD_EN, BitPos(LCD_EN+0) 
;__Lib_Lcd.c,156 :: 		
0x02D8	0xDEAC      	RCALL       _Delay_1us
;__Lib_Lcd.c,157 :: 		
0x02DA	0x9284      	BCF         LCD_EN, BitPos(LCD_EN+0) 
;__Lib_Lcd.c,159 :: 		
0x02DC	0x8883      	BSF         LCD_D4, BitPos(LCD_D4+0) 
;__Lib_Lcd.c,160 :: 		
0x02DE	0x8284      	BSF         LCD_EN, BitPos(LCD_EN+0) 
;__Lib_Lcd.c,161 :: 		
0x02E0	0xDEA8      	RCALL       _Delay_1us
;__Lib_Lcd.c,162 :: 		
0x02E2	0x9284      	BCF         LCD_EN, BitPos(LCD_EN+0) 
;__Lib_Lcd.c,163 :: 		
0x02E4	0xDE9B      	RCALL       _Delay_5500us
;__Lib_Lcd.c,166 :: 		
0x02E6	0x9883      	BCF         LCD_D4, BitPos(LCD_D4+0) 
;__Lib_Lcd.c,167 :: 		
0x02E8	0x8284      	BSF         LCD_EN, BitPos(LCD_EN+0) 
;__Lib_Lcd.c,168 :: 		
0x02EA	0xDEA3      	RCALL       _Delay_1us
;__Lib_Lcd.c,169 :: 		
0x02EC	0x9284      	BCF         LCD_EN, BitPos(LCD_EN+0) 
;__Lib_Lcd.c,171 :: 		
0x02EE	0x8E83      	BSF         LCD_D7, BitPos(LCD_D7+0) 
;__Lib_Lcd.c,172 :: 		
0x02F0	0x8C83      	BSF         LCD_D6, BitPos(LCD_D6+0) 
;__Lib_Lcd.c,173 :: 		
0x02F2	0x8A83      	BSF         LCD_D5, BitPos(LCD_D5+0) 
;__Lib_Lcd.c,174 :: 		
0x02F4	0x8883      	BSF         LCD_D4, BitPos(LCD_D4+0) 
;__Lib_Lcd.c,175 :: 		
0x02F6	0x8284      	BSF         LCD_EN, BitPos(LCD_EN+0) 
;__Lib_Lcd.c,176 :: 		
0x02F8	0xDE9C      	RCALL       _Delay_1us
;__Lib_Lcd.c,177 :: 		
0x02FA	0x9284      	BCF         LCD_EN, BitPos(LCD_EN+0) 
;__Lib_Lcd.c,179 :: 		
0x02FC	0xDE8F      	RCALL       _Delay_5500us
;__Lib_Lcd.c,181 :: 		
0x02FE	0x8022      	BSF         __Lib_Lcd_cmd_status, BitPos(__Lib_Lcd_cmd_status+0) 
;__Lib_Lcd.c,182 :: 		
L_end_Lcd_Init:
0x0300	0x0012      	RETURN      0
; end of _Lcd_Init
_Lcd_Out_CP:
;__Lib_Lcd.c,57 :: 		
;__Lib_Lcd.c,59 :: 		
0x0302	0x6A39      	CLRF        Lcd_Out_CP_i_L0 
;__Lib_Lcd.c,60 :: 		
L_Lcd_Out_CP2:
0x0304	0x5039      	MOVF        Lcd_Out_CP_i_L0, 0 
0x0306	0x2437      	ADDWF       FARG_Lcd_Out_CP_text, 0 
0x0308	0x6EE9      	MOVWF       FSR0L 
0x030A	0x0E00      	MOVLW       0
0x030C	0x2038      	ADDWFC      FARG_Lcd_Out_CP_text+1, 0 
0x030E	0x6EEA      	MOVWF       FSR0L+1 
0x0310	0x52EE      	MOVF        POSTINC0, 1 
0x0312	0xE00B      	BZ          L_Lcd_Out_CP3
;__Lib_Lcd.c,61 :: 		
0x0314	0x5039      	MOVF        Lcd_Out_CP_i_L0, 0 
0x0316	0x2437      	ADDWF       FARG_Lcd_Out_CP_text, 0 
0x0318	0x6EE9      	MOVWF       FSR0L 
0x031A	0x0E00      	MOVLW       0
0x031C	0x2038      	ADDWFC      FARG_Lcd_Out_CP_text+1, 0 
0x031E	0x6EEA      	MOVWF       FSR0L+1 
0x0320	0xF041CFEE  	MOVFF       POSTINC0, FARG_Lcd_Chr_CP_out_char
0x0324	0xDF35      	RCALL       _Lcd_Chr_CP
0x0326	0x2A39      	INCF        Lcd_Out_CP_i_L0, 1 
;__Lib_Lcd.c,62 :: 		
0x0328	0xD7ED      	BRA         L_Lcd_Out_CP2
L_Lcd_Out_CP3:
;__Lib_Lcd.c,63 :: 		
L_end_Lcd_Out_CP:
0x032A	0x0012      	RETURN      0
; end of _Lcd_Out_CP
_Lcd_Out:
;__Lib_Lcd.c,184 :: 		
;__Lib_Lcd.c,187 :: 		
0x032C	0xD00F      	BRA         L_Lcd_Out11
;__Lib_Lcd.c,188 :: 		
L_Lcd_Out13:
0x032E	0x0E80      	MOVLW       128
0x0330	0x6E37      	MOVWF       FARG_Lcd_Out_row 
0x0332	0xD019      	BRA         L_Lcd_Out12
;__Lib_Lcd.c,189 :: 		
L_Lcd_Out14:
0x0334	0x0EC0      	MOVLW       192
0x0336	0x6E37      	MOVWF       FARG_Lcd_Out_row 
0x0338	0xD016      	BRA         L_Lcd_Out12
;__Lib_Lcd.c,190 :: 		
L_Lcd_Out15:
0x033A	0x0E94      	MOVLW       148
0x033C	0x6E37      	MOVWF       FARG_Lcd_Out_row 
0x033E	0xD013      	BRA         L_Lcd_Out12
;__Lib_Lcd.c,191 :: 		
L_Lcd_Out16:
0x0340	0x0ED4      	MOVLW       212
0x0342	0x6E37      	MOVWF       FARG_Lcd_Out_row 
0x0344	0xD010      	BRA         L_Lcd_Out12
;__Lib_Lcd.c,192 :: 		
L_Lcd_Out17:
0x0346	0x0E80      	MOVLW       128
0x0348	0x6E37      	MOVWF       FARG_Lcd_Out_row 
;__Lib_Lcd.c,193 :: 		
0x034A	0xD00D      	BRA         L_Lcd_Out12
L_Lcd_Out11:
0x034C	0x5037      	MOVF        FARG_Lcd_Out_row, 0 
0x034E	0x0A01      	XORLW       1
0x0350	0xE0EE      	BZ          L_Lcd_Out13
0x0352	0x5037      	MOVF        FARG_Lcd_Out_row, 0 
0x0354	0x0A02      	XORLW       2
0x0356	0xE0EE      	BZ          L_Lcd_Out14
0x0358	0x5037      	MOVF        FARG_Lcd_Out_row, 0 
0x035A	0x0A03      	XORLW       3
0x035C	0xE0EE      	BZ          L_Lcd_Out15
0x035E	0x5037      	MOVF        FARG_Lcd_Out_row, 0 
0x0360	0x0A04      	XORLW       4
0x0362	0xE0EE      	BZ          L_Lcd_Out16
0x0364	0xD7F0      	BRA         L_Lcd_Out17
L_Lcd_Out12:
;__Lib_Lcd.c,194 :: 		
0x0366	0x0438      	DECF        FARG_Lcd_Out_column, 0 
0x0368	0x6E00      	MOVWF       R0 
0x036A	0x5037      	MOVF        FARG_Lcd_Out_row, 0 
0x036C	0x2600      	ADDWF       R0, 1 
0x036E	0xF037C000  	MOVFF       R0, FARG_Lcd_Out_row
;__Lib_Lcd.c,196 :: 		
0x0372	0xF048C000  	MOVFF       R0, FARG_Lcd_Cmd_out_char
0x0376	0xDE80      	RCALL       _Lcd_Cmd
;__Lib_Lcd.c,197 :: 		
0x0378	0x9022      	BCF         __Lib_Lcd_cmd_status, BitPos(__Lib_Lcd_cmd_status+0) 
;__Lib_Lcd.c,198 :: 		
0x037A	0x6A3B      	CLRF        Lcd_Out_i_L0 
;__Lib_Lcd.c,199 :: 		
L_Lcd_Out18:
0x037C	0x503B      	MOVF        Lcd_Out_i_L0, 0 
0x037E	0x2439      	ADDWF       FARG_Lcd_Out_text, 0 
0x0380	0x6EE9      	MOVWF       FSR0L 
0x0382	0x0E00      	MOVLW       0
0x0384	0x203A      	ADDWFC      FARG_Lcd_Out_text+1, 0 
0x0386	0x6EEA      	MOVWF       FSR0L+1 
0x0388	0x52EE      	MOVF        POSTINC0, 1 
0x038A	0xE00B      	BZ          L_Lcd_Out19
;__Lib_Lcd.c,200 :: 		
0x038C	0x503B      	MOVF        Lcd_Out_i_L0, 0 
0x038E	0x2439      	ADDWF       FARG_Lcd_Out_text, 0 
0x0390	0x6EE9      	MOVWF       FSR0L 
0x0392	0x0E00      	MOVLW       0
0x0394	0x203A      	ADDWFC      FARG_Lcd_Out_text+1, 0 
0x0396	0x6EEA      	MOVWF       FSR0L+1 
0x0398	0xF041CFEE  	MOVFF       POSTINC0, FARG_Lcd_Chr_CP_out_char
0x039C	0xDEF9      	RCALL       _Lcd_Chr_CP
0x039E	0x2A3B      	INCF        Lcd_Out_i_L0, 1 
0x03A0	0xD7ED      	BRA         L_Lcd_Out18
L_Lcd_Out19:
;__Lib_Lcd.c,201 :: 		
0x03A2	0x8022      	BSF         __Lib_Lcd_cmd_status, BitPos(__Lib_Lcd_cmd_status+0) 
;__Lib_Lcd.c,202 :: 		
L_end_Lcd_Out:
0x03A4	0x0012      	RETURN      0
; end of _Lcd_Out
_IntToStr:
;__Lib_Conversions.c,195 :: 		
;__Lib_Conversions.c,201 :: 		
0x03A6	0x6A3D      	CLRF        IntToStr_negative_L0 
0x03A8	0x6A3E      	CLRF        IntToStr_negative_L0+1 
;__Lib_Conversions.c,202 :: 		
0x03AA	0xF03FC037  	MOVFF       FARG_IntToStr_input, IntToStr_inword_L0
0x03AE	0xF040C038  	MOVFF       FARG_IntToStr_input+1, IntToStr_inword_L0+1
;__Lib_Conversions.c,203 :: 		
0x03B2	0x0E80      	MOVLW       128
0x03B4	0x1838      	XORWF       FARG_IntToStr_input+1, 0 
0x03B6	0x6E00      	MOVWF       R0 
0x03B8	0x0E80      	MOVLW       128
0x03BA	0x5C00      	SUBWF       R0, 0 
0x03BC	0xE102      	BNZ         L__IntToStr387
0x03BE	0x0E00      	MOVLW       0
0x03C0	0x5C37      	SUBWF       FARG_IntToStr_input, 0 
L__IntToStr387:
0x03C2	0xE20B      	BC          L_IntToStr37
;__Lib_Conversions.c,204 :: 		
0x03C4	0x0E01      	MOVLW       1
0x03C6	0x6E3D      	MOVWF       IntToStr_negative_L0 
0x03C8	0x0E00      	MOVLW       0
0x03CA	0x6E3E      	MOVWF       IntToStr_negative_L0+1 
;__Lib_Conversions.c,205 :: 		
0x03CC	0x5037      	MOVF        FARG_IntToStr_input, 0 
0x03CE	0x0800      	SUBLW       0
0x03D0	0x6E3F      	MOVWF       IntToStr_inword_L0 
0x03D2	0xF040C038  	MOVFF       FARG_IntToStr_input+1, IntToStr_inword_L0+1
0x03D6	0x0E00      	MOVLW       0
0x03D8	0x5640      	SUBFWB      IntToStr_inword_L0+1, 1 
;__Lib_Conversions.c,206 :: 		
L_IntToStr37:
;__Lib_Conversions.c,207 :: 		
0x03DA	0xF041C03F  	MOVFF       IntToStr_inword_L0, FARG_WordToStr_input
0x03DE	0xF042C040  	MOVFF       IntToStr_inword_L0+1, FARG_WordToStr_input+1
0x03E2	0xF043C039  	MOVFF       FARG_IntToStr_output, FARG_WordToStr_output
0x03E6	0xF044C03A  	MOVFF       FARG_IntToStr_output+1, FARG_WordToStr_output+1
0x03EA	0xDE84      	RCALL       _WordToStr
;__Lib_Conversions.c,209 :: 		
0x03EC	0x0E06      	MOVLW       6
0x03EE	0x6E3B      	MOVWF       IntToStr_i_L0 
0x03F0	0x0E00      	MOVLW       0
0x03F2	0x6E3C      	MOVWF       IntToStr_i_L0+1 
;__Lib_Conversions.c,210 :: 		
L_IntToStr38:
0x03F4	0x0E00      	MOVLW       0
0x03F6	0x6E00      	MOVWF       R0 
0x03F8	0x503C      	MOVF        IntToStr_i_L0+1, 0 
0x03FA	0x5C00      	SUBWF       R0, 0 
0x03FC	0xE102      	BNZ         L__IntToStr388
0x03FE	0x503B      	MOVF        IntToStr_i_L0, 0 
0x0400	0x0800      	SUBLW       0
L__IntToStr388:
0x0402	0xE219      	BC          L_IntToStr39
;__Lib_Conversions.c,211 :: 		
0x0404	0x503B      	MOVF        IntToStr_i_L0, 0 
0x0406	0x2439      	ADDWF       FARG_IntToStr_output, 0 
0x0408	0x6EE1      	MOVWF       FSR1L 
0x040A	0x503C      	MOVF        IntToStr_i_L0+1, 0 
0x040C	0x203A      	ADDWFC      FARG_IntToStr_output+1, 0 
0x040E	0x6EE2      	MOVWF       FSR1L+1 
0x0410	0x0E01      	MOVLW       1
0x0412	0x5C3B      	SUBWF       IntToStr_i_L0, 0 
0x0414	0x6E00      	MOVWF       R0 
0x0416	0x0E00      	MOVLW       0
0x0418	0x583C      	SUBWFB      IntToStr_i_L0+1, 0 
0x041A	0x6E01      	MOVWF       R1 
0x041C	0x5000      	MOVF        R0, 0 
0x041E	0x2439      	ADDWF       FARG_IntToStr_output, 0 
0x0420	0x6EE9      	MOVWF       FSR0L 
0x0422	0x5001      	MOVF        R1, 0 
0x0424	0x203A      	ADDWFC      FARG_IntToStr_output+1, 0 
0x0426	0x6EEA      	MOVWF       FSR0L+1 
0x0428	0xFFE6CFEE  	MOVFF       POSTINC0, POSTINC1
;__Lib_Conversions.c,212 :: 		
0x042C	0x0E01      	MOVLW       1
0x042E	0x5E3B      	SUBWF       IntToStr_i_L0, 1 
0x0430	0x0E00      	MOVLW       0
0x0432	0x5A3C      	SUBWFB      IntToStr_i_L0+1, 1 
;__Lib_Conversions.c,213 :: 		
0x0434	0xD7DF      	BRA         L_IntToStr38
L_IntToStr39:
;__Lib_Conversions.c,214 :: 		
0x0436	0xFFE1C039  	MOVFF       FARG_IntToStr_output, FSR1L
0x043A	0xFFE2C03A  	MOVFF       FARG_IntToStr_output+1, FSR1H
0x043E	0x0E20      	MOVLW       32
0x0440	0x6EE6      	MOVWF       POSTINC1 
;__Lib_Conversions.c,215 :: 		
0x0442	0x503D      	MOVF        IntToStr_negative_L0, 0 
0x0444	0x103E      	IORWF       IntToStr_negative_L0+1, 0 
0x0446	0xE01A      	BZ          L_IntToStr40
;__Lib_Conversions.c,216 :: 		
0x0448	0x6A3B      	CLRF        IntToStr_i_L0 
0x044A	0x6A3C      	CLRF        IntToStr_i_L0+1 
;__Lib_Conversions.c,217 :: 		
L_IntToStr41:
0x044C	0x503B      	MOVF        IntToStr_i_L0, 0 
0x044E	0x2439      	ADDWF       FARG_IntToStr_output, 0 
0x0450	0x6EE9      	MOVWF       FSR0L 
0x0452	0x503C      	MOVF        IntToStr_i_L0+1, 0 
0x0454	0x203A      	ADDWFC      FARG_IntToStr_output+1, 0 
0x0456	0x6EEA      	MOVWF       FSR0L+1 
0x0458	0x50EE      	MOVF        POSTINC0, 0 
0x045A	0x0A20      	XORLW       32
0x045C	0xE103      	BNZ         L_IntToStr42
0x045E	0x4A3B      	INFSNZ      IntToStr_i_L0, 1 
0x0460	0x2A3C      	INCF        IntToStr_i_L0+1, 1 
0x0462	0xD7F4      	BRA         L_IntToStr41
L_IntToStr42:
;__Lib_Conversions.c,218 :: 		
0x0464	0x0E01      	MOVLW       1
0x0466	0x5E3B      	SUBWF       IntToStr_i_L0, 1 
0x0468	0x0E00      	MOVLW       0
0x046A	0x5A3C      	SUBWFB      IntToStr_i_L0+1, 1 
;__Lib_Conversions.c,219 :: 		
0x046C	0x503B      	MOVF        IntToStr_i_L0, 0 
0x046E	0x2439      	ADDWF       FARG_IntToStr_output, 0 
0x0470	0x6EE1      	MOVWF       FSR1L 
0x0472	0x503C      	MOVF        IntToStr_i_L0+1, 0 
0x0474	0x203A      	ADDWFC      FARG_IntToStr_output+1, 0 
0x0476	0x6EE2      	MOVWF       FSR1L+1 
0x0478	0x0E2D      	MOVLW       45
0x047A	0x6EE6      	MOVWF       POSTINC1 
L_IntToStr40:
;__Lib_Conversions.c,220 :: 		
L_end_IntToStr:
0x047C	0x0012      	RETURN      0
; end of _IntToStr
_main:
0x047E	0xF002ECAA  	CALL        1364, 0
;LCD_ConversorADC.c,31 :: 		void main()
;LCD_ConversorADC.c,33 :: 		TRISA0_bit = 1;  // CONFIGURA O PINO EM QUE SE ENCONTRA A PORTA ANALÓGICA AN0 COMO ENTRADA
0x0482	0x8092      	BSF         TRISA0_bit, BitPos(TRISA0_bit+0) 
;LCD_ConversorADC.c,34 :: 		TRISA1_bit = 1;  // CONFIGURA O PINO EM QUE SE ENCONTRA A PORTA ANALÓGICA AN1 COMO ENTRADA
0x0484	0x8292      	BSF         TRISA1_bit, BitPos(TRISA1_bit+0) 
;LCD_ConversorADC.c,36 :: 		ADCON1 = 0b00001110; //0b00001100;//SELECIONA OS PINOS 1, 2 DO PORTA COMO ENTRADAS ANALÓGICAS (AN0, AN1)
0x0486	0x0E0E      	MOVLW       14
0x0488	0x6EC1      	MOVWF       ADCON1 
;LCD_ConversorADC.c,37 :: 		ADC_Init();//INICIALIZA MÓDULO ANALGÓGICO
0x048A	0xDED6      	RCALL       _ADC_Init
;LCD_ConversorADC.c,38 :: 		CMCON = 0b00000111;//DESABILITA COMPARADORES INTERNOS
0x048C	0x0E07      	MOVLW       7
0x048E	0x6EB4      	MOVWF       CMCON 
;LCD_ConversorADC.c,40 :: 		Lcd_Init();//INICIALIZA DISPLAY LCD
0x0490	0xDEED      	RCALL       _Lcd_Init
;LCD_ConversorADC.c,41 :: 		Lcd_Cmd(_LCD_CLEAR);//ENVIA O COMANDO DE LIMPAR TELA PARA O DISPLAY LCD
0x0492	0x0E01      	MOVLW       1
0x0494	0x6E48      	MOVWF       FARG_Lcd_Cmd_out_char 
0x0496	0xDDF0      	RCALL       _Lcd_Cmd
;LCD_ConversorADC.c,42 :: 		Lcd_Cmd(_LCD_CURSOR_OFF);// ENVIA O COMANDO DE DESLIGAR CURSOR PARA O DISPLAY LCD
0x0498	0x0E0C      	MOVLW       12
0x049A	0x6E48      	MOVWF       FARG_Lcd_Cmd_out_char 
0x049C	0xDDED      	RCALL       _Lcd_Cmd
;LCD_ConversorADC.c,44 :: 		while(1)
L_main0:
;LCD_ConversorADC.c,46 :: 		pot1 = ADC_Get_Sample(0);//RECEBE O VALOR DE TENSÃO DO POTENCIOMETRO NA PORTA AN0
0x049E	0x6A37      	CLRF        FARG_ADC_Get_Sample_channel 
0x04A0	0xDEB4      	RCALL       _ADC_Get_Sample
0x04A2	0xF020C000  	MOVFF       R0, _pot1
0x04A6	0xF021C001  	MOVFF       R1, _pot1+1
;LCD_ConversorADC.c,47 :: 		pot2 = ADC_Get_Sample(1);//RECEBE O VALOR DE TENSÃO DO POTENCIOMETRO NA PORTA AN1
0x04AA	0x0E01      	MOVLW       1
0x04AC	0x6E37      	MOVWF       FARG_ADC_Get_Sample_channel 
0x04AE	0xDEAD      	RCALL       _ADC_Get_Sample
0x04B0	0xF01EC000  	MOVFF       R0, _pot2
0x04B4	0xF01FC001  	MOVFF       R1, _pot2+1
;LCD_ConversorADC.c,49 :: 		IntToStr (pot1,pot1_string);//CONVERTE O VALOR DO TIPO INTEIRO OBTIDO PELO CONVERSOR AD NA PORTA AN0 PARA UMA STRING
0x04B8	0xF037C020  	MOVFF       _pot1, FARG_IntToStr_input
0x04BC	0xF038C021  	MOVFF       _pot1+1, FARG_IntToStr_input+1
0x04C0	0x0E2F      	MOVLW       _pot1_string
0x04C2	0x6E39      	MOVWF       FARG_IntToStr_output 
0x04C4	0x0E00      	MOVLW       hi_addr(_pot1_string)
0x04C6	0x6E3A      	MOVWF       FARG_IntToStr_output+1 
0x04C8	0xDF6E      	RCALL       _IntToStr
;LCD_ConversorADC.c,50 :: 		IntToStr (pot2,pot2_string);//CONVERTE O VALOR DO TIPO INTEIRO OBTIDO PELO CONVERSOR AD NA PORTA AN1 PARA UMA STRING
0x04CA	0xF037C01E  	MOVFF       _pot2, FARG_IntToStr_input
0x04CE	0xF038C01F  	MOVFF       _pot2+1, FARG_IntToStr_input+1
0x04D2	0x0E27      	MOVLW       _pot2_string
0x04D4	0x6E39      	MOVWF       FARG_IntToStr_output 
0x04D6	0x0E00      	MOVLW       hi_addr(_pot2_string)
0x04D8	0x6E3A      	MOVWF       FARG_IntToStr_output+1 
0x04DA	0xDF65      	RCALL       _IntToStr
;LCD_ConversorADC.c,52 :: 		Ltrim(pot1_string);//REMOVE TODOS OS ESPAÇOS EM BRANCO LOCALIZADOS A ESQUERDA DO PRIMEIRO CHAR DA STRING COM O VALOR DE AN0
0x04DC	0x0E2F      	MOVLW       _pot1_string
0x04DE	0x6E37      	MOVWF       FARG_Ltrim_string 
0x04E0	0x0E00      	MOVLW       hi_addr(_pot1_string)
0x04E2	0x6E38      	MOVWF       FARG_Ltrim_string+1 
0x04E4	0xDE5B      	RCALL       _Ltrim
;LCD_ConversorADC.c,53 :: 		Ltrim(pot2_string);//REMOVE TODOS OS ESPAÇOS EM BRANCO LOCALIZADOS A ESQUERDA DO PRIMEIRO CHAR DA STRING COM O VALOR DE AN1
0x04E6	0x0E27      	MOVLW       _pot2_string
0x04E8	0x6E37      	MOVWF       FARG_Ltrim_string 
0x04EA	0x0E00      	MOVLW       hi_addr(_pot2_string)
0x04EC	0x6E38      	MOVWF       FARG_Ltrim_string+1 
0x04EE	0xDE56      	RCALL       _Ltrim
;LCD_ConversorADC.c,55 :: 		Lcd_Out(1,1,"S1:");//ESCREVE A MENSAGEM POT1 NA PRIMEIRA LINHA E PRIMEIRA COLUNA DO DISPLAY LCD
0x04F0	0x0E01      	MOVLW       1
0x04F2	0x6E37      	MOVWF       FARG_Lcd_Out_row 
0x04F4	0x0E01      	MOVLW       1
0x04F6	0x6E38      	MOVWF       FARG_Lcd_Out_column 
0x04F8	0x0E1A      	MOVLW       ?lstr1_LCD_ConversorADC
0x04FA	0x6E39      	MOVWF       FARG_Lcd_Out_text 
0x04FC	0x0E00      	MOVLW       hi_addr(?lstr1_LCD_ConversorADC)
0x04FE	0x6E3A      	MOVWF       FARG_Lcd_Out_text+1 
0x0500	0xDF15      	RCALL       _Lcd_Out
;LCD_ConversorADC.c,56 :: 		Lcd_Out_Cp(pot1_string);//ESCREVE O VALOR OBTIDO DO CONVERSOR A/D NA POSIÇÃO EM QUE SE ENCONTRA O CURSOR DO DISPLAY
0x0502	0x0E2F      	MOVLW       _pot1_string
0x0504	0x6E37      	MOVWF       FARG_Lcd_Out_CP_text 
0x0506	0x0E00      	MOVLW       hi_addr(_pot1_string)
0x0508	0x6E38      	MOVWF       FARG_Lcd_Out_CP_text+1 
0x050A	0xDEFB      	RCALL       _Lcd_Out_CP
;LCD_ConversorADC.c,58 :: 		Lcd_Out(1,9,"S2:");//ESCREVE A MENSAGEM POT2 NA PRIMEIRA LINHA E DECIMA PRIMEIRA COLUNA DO DISPLAY LCD
0x050C	0x0E01      	MOVLW       1
0x050E	0x6E37      	MOVWF       FARG_Lcd_Out_row 
0x0510	0x0E09      	MOVLW       9
0x0512	0x6E38      	MOVWF       FARG_Lcd_Out_column 
0x0514	0x0E15      	MOVLW       ?lstr2_LCD_ConversorADC
0x0516	0x6E39      	MOVWF       FARG_Lcd_Out_text 
0x0518	0x0E00      	MOVLW       hi_addr(?lstr2_LCD_ConversorADC)
0x051A	0x6E3A      	MOVWF       FARG_Lcd_Out_text+1 
0x051C	0xDF07      	RCALL       _Lcd_Out
;LCD_ConversorADC.c,59 :: 		Lcd_Out_Cp(pot2_string);//ESCREVE O VALOR OBTIDO DO CONVERSOR A/D NA POSIÇÃO EM QUE SE ENCONTRA O CURSOR DO DISPLAY
0x051E	0x0E27      	MOVLW       _pot2_string
0x0520	0x6E37      	MOVWF       FARG_Lcd_Out_CP_text 
0x0522	0x0E00      	MOVLW       hi_addr(_pot2_string)
0x0524	0x6E38      	MOVWF       FARG_Lcd_Out_CP_text+1 
0x0526	0xDEED      	RCALL       _Lcd_Out_CP
;LCD_ConversorADC.c,61 :: 		delay_ms(100);// AGUARDA 0,1 s
0x0528	0x0E02      	MOVLW       2
0x052A	0x6E0B      	MOVWF       R11, 0
0x052C	0x0E04      	MOVLW       4
0x052E	0x6E0C      	MOVWF       R12, 0
0x0530	0x0EBA      	MOVLW       186
0x0532	0x6E0D      	MOVWF       R13, 0
L_main2:
0x0534	0x2E0D      	DECFSZ      R13, 1, 0
0x0536	0xD7FE      	BRA         L_main2
0x0538	0x2E0C      	DECFSZ      R12, 1, 0
0x053A	0xD7FC      	BRA         L_main2
0x053C	0x2E0B      	DECFSZ      R11, 1, 0
0x053E	0xD7FA      	BRA         L_main2
0x0540	0x0000      	NOP
;LCD_ConversorADC.c,62 :: 		}
0x0542	0xD7AD      	BRA         L_main0
;LCD_ConversorADC.c,63 :: 		}
L_end_main:
0x0544	0xD7FF      	BRA         $+0
; end of _main
0x0554	0xF015EE10  	LFSR        1, 21
0x0558	0x0E0D      	MOVLW       13
0x055A	0x6E00      	MOVWF       R0 
0x055C	0x0E01      	MOVLW       1
0x055E	0x6E01      	MOVWF       R1 
0x0560	0x0E46      	MOVLW       70
0x0562	0x6EF6      	MOVWF       TBLPTR 
0x0564	0x0E05      	MOVLW       5
0x0566	0x6EF7      	MOVWF       TBLPTRH 
0x0568	0x0E00      	MOVLW       0
0x056A	0x6EF8      	MOVWF       TBLPTRU 
0x056C	0xF001EC2E  	CALL        604, 0
0x0570	0x0012      	RETURN      0
;LCD_ConversorADC.c,0 :: ?ICS?lstr2_LCD_ConversorADC
0x0546	0x3253 ;?ICS?lstr2_LCD_ConversorADC+0
0x0548	0x003A ;?ICS?lstr2_LCD_ConversorADC+2
; end of ?ICS?lstr2_LCD_ConversorADC
;__Lib_ADC_A_D.c,0 :: ?ICS_vref_mask
0x054A	0x30 ;?ICS_vref_mask+0
; end of ?ICS_vref_mask
;LCD_ConversorADC.c,0 :: ?ICS?lstr1_LCD_ConversorADC
0x054B	0x3153 ;?ICS?lstr1_LCD_ConversorADC+0
0x054D	0x003A ;?ICS?lstr1_LCD_ConversorADC+2
; end of ?ICS?lstr1_LCD_ConversorADC
;LCD_ConversorADC.c,0 :: ?ICS_pot2
0x054F	0x0000 ;?ICS_pot2+0
; end of ?ICS_pot2
;LCD_ConversorADC.c,0 :: ?ICS_pot1
0x0551	0x0000 ;?ICS_pot1+0
; end of ?ICS_pot1
Symbol List:
//** Routines locations **
//ADDRESS    SIZE    PROCEDURE
//----------------------------------------------
0x001C      [22]    _Delay_5500us
0x0032       [6]    _Delay_1us
0x0038      [10]    _Delay_50us
0x0042      [54]    _Div_16X16_U
0x0078     [124]    _Lcd_Cmd
0x00F4     [144]    _WordToStr
0x0184      [12]    _Delay_22us
0x0190      [12]    _Lcd_Chr_CP
0x019C     [110]    _Ltrim
0x020A      [46]    _ADC_Get_Sample
0x0238      [36]    _ADC_Init
0x025C      [16]    ___CC2DW
0x026C     [150]    _Lcd_Init
0x0302      [42]    _Lcd_Out_CP
0x032C     [122]    _Lcd_Out
0x03A6     [216]    _IntToStr
0x047E     [200]    _main
//** Variables locations ** 
//ADDRESS    SIZE    VARIABLE
//----------------------------------------------
0x0000       [1]    R0
0x0001       [1]    __Lib_Conversions_Adjust_Hex_tmp_L0
0x0001       [1]    R1
0x0002       [2]    strlen_cp_L0
0x0002       [2]    memset_pp_L0
0x0002       [2]    memcpy_dd_L0
0x0002       [1]    R2
0x0002       [2]    memchr_s_L0
0x0003       [1]    R3
0x0003       [2]    memmove_tt_L0
0x0003       [2]    Ltrim_original_L0
0x0004       [2]    strcpy_cp_L0
0x0004       [1]    R4
0x0004       [2]    strcat_cp_L0
0x0004       [2]    strncat_cp_L0
0x0004       [2]    memcpy_ss_L0
0x0004       [2]    strncpy_cp_L0
0x0005       [1]    R5
0x0005       [2]    memmove_ff_L0
0x0005       [2]    LongWordToHex_input_half_L0
0x0005       [2]    Ltrim_p_L0
0x0005       [2]    LongIntToHex_input_half_L0
0x0006       [1]    R6
0x0007       [1]    R7
0x0008       [1]    R8
0x0009       [1]    R9
0x000A       [1]    R10
0x000B       [1]    R11
0x000C       [1]    R12
0x000D       [1]    R13
0x000E       [1]    R14
0x000F       [1]    R15
0x0010       [1]    R16
0x0011       [1]    R17
0x0012       [1]    R18
0x0013       [1]    R19
0x0014       [1]    R20
0x0015       [4]    ?lstr2_LCD_ConversorADC
0x0019       [1]    _vref_mask
0x001A       [4]    ?lstr1_LCD_ConversorADC
0x001E       [2]    _pot2
0x0020       [2]    _pot1
0x0022       [0]    __Lib_Lcd_cmd_status
0x0023       [4]    _ADC_Get_Sample_Ptr
0x0027       [8]    _pot2_string
0x002F       [8]    _pot1_string
0x0037       [1]    FARG_ADC_Get_Sample_channel
0x0037       [2]    FARG_Ltrim_string
0x0037       [2]    FARG_Lcd_Out_CP_text
0x0037       [2]    FARG_IntToStr_input
0x0037       [1]    FARG_Lcd_Out_row
0x0038       [1]    FARG_Lcd_Out_column
0x0039       [1]    Lcd_Out_CP_i_L0
0x0039       [2]    FARG_Lcd_Out_text
0x0039       [2]    FARG_IntToStr_output
0x0039       [2]    Ltrim_trimmed_L0
0x003B       [2]    IntToStr_i_L0
0x003B       [1]    Lcd_Out_i_L0
0x003D       [2]    IntToStr_negative_L0
0x003F       [2]    IntToStr_inword_L0
0x0041       [2]    FARG_WordToStr_input
0x0041       [1]    FARG_Lcd_Chr_CP_out_char
0x0043       [2]    FARG_WordToStr_output
0x0045       [1]    WordToStr_len_L0
0x0046       [2]    FLOC__WordToStr
0x0048       [1]    FARG_Lcd_Cmd_out_char
0x0F83       [0]    LCD_D5
0x0F83       [0]    LCD_D6
0x0F83       [0]    LCD_D4
0x0F83       [0]    RD7_bit
0x0F83       [0]    LCD_D7
0x0F83       [0]    RD4_bit
0x0F83       [0]    RD6_bit
0x0F83       [0]    RD5_bit
0x0F84       [0]    RE2_bit
0x0F84       [0]    RE1_bit
0x0F84       [0]    LCD_RS
0x0F84       [0]    LCD_EN
0x0F92       [0]    TRISA1_bit
0x0F92       [0]    TRISA0_bit
0x0F95       [0]    TRISD4_bit
0x0F95       [0]    TRISD7_bit
0x0F95       [0]    TRISD6_bit
0x0F95       [0]    TRISD5_bit
0x0F95       [0]    LCD_D6_Direction
0x0F95       [0]    LCD_D7_Direction
0x0F95       [0]    LCD_D4_Direction
0x0F95       [0]    LCD_D5_Direction
0x0F96       [0]    LCD_RS_Direction
0x0F96       [0]    TRISE2_bit
0x0F96       [0]    TRISE1_bit
0x0F96       [0]    LCD_EN_Direction
0x0FB4       [1]    CMCON
0x0FC0       [1]    ADCON2
0x0FC1       [1]    ADCON1
0x0FC2       [1]    ADCON0
0x0FC3       [1]    ADRESL
0x0FC4       [1]    ADRESH
0x0FD8       [1]    STATUS
0x0FD9       [1]    FSR2L
0x0FDA       [1]    FSR2H
0x0FDE       [1]    POSTINC2
0x0FE0       [1]    BSR
0x0FE1       [1]    FSR1L
0x0FE2       [1]    FSR1H
0x0FE4       [1]    PREINC1
0x0FE6       [1]    POSTINC1
0x0FE7       [1]    INDF1
0x0FE8       [1]    WREG
0x0FE9       [1]    FSR0L
0x0FEA       [1]    FSR0H
0x0FEE       [1]    POSTINC0
0x0FF3       [1]    PRODL
0x0FF4       [1]    PRODH
0x0FF5       [1]    TABLAT
0x0FF6       [1]    TBLPTRL
0x0FF6       [3]    TBLPTR
0x0FF7       [1]    TBLPTRH
0x0FF8       [1]    TBLPTRU
//** Constants locations ** 
//ADDRESS    SIZE    CONSTANT
//----------------------------------------------
0x0546       [4]    ?ICS?lstr2_LCD_ConversorADC
0x054A       [1]    ?ICS_vref_mask
0x054B       [4]    ?ICS?lstr1_LCD_ConversorADC
0x054F       [2]    ?ICS_pot2
0x0551       [2]    ?ICS_pot1
