;  LST file generated by mikroListExporter - v.2.0 
; Date/Time: 25/02/2025 18:03:04
;----------------------------------------------

;Address Opcode 	ASM
0x0000	0xF002EF1E  	GOTO        1084
0x0004	0x0000      	NOP
0x0006	0x0000      	NOP
0x0008	0xF000EF00  	GOTO        0
0x000C	0x0000      	NOP
0x000E	0x0000      	NOP
0x0010	0x0000      	NOP
0x0012	0x0000      	NOP
0x0014	0x0000      	NOP
0x0016	0x0000      	NOP
0x0018	0xD7F3      	BRA         0
_FIXSIGN32:
;__Lib_MathDouble.c,117 :: 		
;__Lib_MathDouble.c,121 :: 		
0x001C	0xAE0A      	BTFSS       R10, 7, 0
;__Lib_MathDouble.c,122 :: 		
0x001E	0x9E02      	BCF         R2, 7, 0
;__Lib_MathDouble.c,123 :: 		
0x0020	0x0E00      	MOVLW       0
;__Lib_MathDouble.c,125 :: 		
L_end_FIXSIGN32:
0x0022	0x0012      	RETURN      0
; end of _FIXSIGN32
_SETFUN32:
;__Lib_MathDouble.c,144 :: 		
;__Lib_MathDouble.c,152 :: 		
0x0024	0x840B      	BSF         R11, 2, 0
;__Lib_MathDouble.c,153 :: 		
0x0026	0xAE0B      	BTFSS       R11, 7, 0
;__Lib_MathDouble.c,154 :: 		
0x0028	0xF000EF1D  	GOTO        SETFUN32EEE
;__Lib_MathDouble.c,156 :: 		
0x002C	0x0E01      	MOVLW       1
;__Lib_MathDouble.c,157 :: 		
0x002E	0x6E03      	MOVWF       R3, 0
;__Lib_MathDouble.c,158 :: 		
0x0030	0x6A02      	CLRF        R2, 0
;__Lib_MathDouble.c,159 :: 		
0x0032	0x6A01      	CLRF        R1, 0
;__Lib_MathDouble.c,160 :: 		
0x0034	0x6A00      	CLRF        R0, 0
;__Lib_MathDouble.c,161 :: 		
0x0036	0x360A      	RLCF        R10, 1, 0
;__Lib_MathDouble.c,162 :: 		
0x0038	0x3202      	RRCF        R2, 1, 0
;__Lib_MathDouble.c,163 :: 		
SETFUN32EEE:
;__Lib_MathDouble.c,164 :: 		
0x003A	0x0EFF      	MOVLW       255
;__Lib_MathDouble.c,166 :: 		
L_end_SETFUN32:
0x003C	0x0012      	RETURN      0
; end of _SETFUN32
_RES032:
;__Lib_MathDouble.c,128 :: 		
;__Lib_MathDouble.c,134 :: 		
0x003E	0x6A02      	CLRF        R2, 0
;__Lib_MathDouble.c,135 :: 		
0x0040	0x6A01      	CLRF        R1, 0
;__Lib_MathDouble.c,136 :: 		
0x0042	0x6A00      	CLRF        R0, 0
;__Lib_MathDouble.c,137 :: 		
0x0044	0x6A08      	CLRF        R8, 0
;__Lib_MathDouble.c,138 :: 		
0x0046	0x6A03      	CLRF        R3, 0
;__Lib_MathDouble.c,139 :: 		
0x0048	0x0E00      	MOVLW       0
;__Lib_MathDouble.c,141 :: 		
L_end_RES032:
0x004A	0x0012      	RETURN      0
; end of _RES032
_Mul_16X16_U:
;__Lib_Math.c,440 :: 		
;__Lib_Math.c,447 :: 		
0x004C	0x6A0B      	CLRF        R11, 0
;__Lib_Math.c,448 :: 		
0x004E	0x6A0A      	CLRF        R10, 0
;__Lib_Math.c,449 :: 		
0x0050	0x6A09      	CLRF        R9, 0
;__Lib_Math.c,450 :: 		
0x0052	0x5000      	MOVF        R0, 0, 0
;__Lib_Math.c,451 :: 		
0x0054	0x0204      	MULWF       R4, 0
;__Lib_Math.c,453 :: 		
0x0056	0xF009CFF4  	MOVFF       PRODH, R9
;__Lib_Math.c,454 :: 		
0x005A	0xF008CFF3  	MOVFF       PRODL, R8
;__Lib_Math.c,455 :: 		
0x005E	0x5001      	MOVF        R1, 0, 0
;__Lib_Math.c,456 :: 		
0x0060	0x0205      	MULWF       R5, 0
;__Lib_Math.c,458 :: 		
0x0062	0xF00BCFF4  	MOVFF       PRODH, R11
;__Lib_Math.c,459 :: 		
0x0066	0xF00ACFF3  	MOVFF       PRODL, R10
;__Lib_Math.c,460 :: 		
0x006A	0x5000      	MOVF        R0, 0, 0
;__Lib_Math.c,461 :: 		
0x006C	0x0205      	MULWF       R5, 0
;__Lib_Math.c,463 :: 		
0x006E	0x50F3      	MOVF        PRODL, 0, 0
;__Lib_Math.c,464 :: 		
0x0070	0x2609      	ADDWF       R9, 1, 0
;__Lib_Math.c,465 :: 		
0x0072	0x50F4      	MOVF        PRODH, 0, 0
;__Lib_Math.c,466 :: 		
0x0074	0x220A      	ADDWFC      R10, 1, 0
;__Lib_Math.c,467 :: 		
0x0076	0x6AE8      	CLRF        WREG, 0
;__Lib_Math.c,468 :: 		
0x0078	0x220B      	ADDWFC      R11, 1, 0
;__Lib_Math.c,469 :: 		
0x007A	0x5001      	MOVF        R1, 0, 0
;__Lib_Math.c,470 :: 		
0x007C	0x0204      	MULWF       R4, 0
;__Lib_Math.c,472 :: 		
0x007E	0x50F3      	MOVF        PRODL, 0, 0
;__Lib_Math.c,473 :: 		
0x0080	0x2609      	ADDWF       R9, 1, 0
;__Lib_Math.c,474 :: 		
0x0082	0x50F4      	MOVF        PRODH, 0, 0
;__Lib_Math.c,475 :: 		
0x0084	0x220A      	ADDWFC      R10, 1, 0
;__Lib_Math.c,476 :: 		
0x0086	0x6AE8      	CLRF        WREG, 0
;__Lib_Math.c,477 :: 		
0x0088	0x220B      	ADDWFC      R11, 1, 0
;__Lib_Math.c,479 :: 		
0x008A	0xF000C008  	MOVFF       R8, R0
;__Lib_Math.c,480 :: 		
0x008E	0xF001C009  	MOVFF       R9, R1
;__Lib_Math.c,481 :: 		
0x0092	0xF002C00A  	MOVFF       R10, R2
;__Lib_Math.c,482 :: 		
0x0096	0xF003C00B  	MOVFF       R11, R3
;__Lib_Math.c,485 :: 		
L_end_Mul_16X16_U:
0x009A	0x0012      	RETURN      0
; end of _Mul_16X16_U
_NRM3232:
;__Lib_MathDouble.c,455 :: 		
;__Lib_MathDouble.c,463 :: 		
0x009C	0x6A0C      	CLRF        R12, 0
;__Lib_MathDouble.c,464 :: 		
0x009E	0x6A0E      	CLRF        R14, 0
;__Lib_MathDouble.c,465 :: 		
0x00A0	0x5002      	MOVF        R2, 0, 0
;__Lib_MathDouble.c,466 :: 		
0x00A2	0xA4D8      	BTFSS       STATUS, 2, 0
;__Lib_MathDouble.c,467 :: 		
0x00A4	0xF000EF67  	GOTO        NORM3232
;__Lib_MathDouble.c,468 :: 		
0x00A8	0xF002C001  	MOVFF       R1, R2
;__Lib_MathDouble.c,469 :: 		
0x00AC	0xF001C000  	MOVFF       R0, R1
;__Lib_MathDouble.c,470 :: 		
0x00B0	0x6A00      	CLRF        R0, 0
;__Lib_MathDouble.c,471 :: 		
0x00B2	0x860E      	BSF         R14, 3, 0
;__Lib_MathDouble.c,473 :: 		
0x00B4	0x5002      	MOVF        R2, 0, 0
;__Lib_MathDouble.c,474 :: 		
0x00B6	0xA4D8      	BTFSS       STATUS, 2, 0
;__Lib_MathDouble.c,475 :: 		
0x00B8	0xF000EF67  	GOTO        NORM3232
;__Lib_MathDouble.c,476 :: 		
0x00BC	0xF002C001  	MOVFF       R1, R2
;__Lib_MathDouble.c,477 :: 		
0x00C0	0x6A01      	CLRF        R1, 0
;__Lib_MathDouble.c,478 :: 		
0x00C2	0x960E      	BCF         R14, 3, 0
;__Lib_MathDouble.c,479 :: 		
0x00C4	0x880E      	BSF         R14, 4, 0
;__Lib_MathDouble.c,481 :: 		
0x00C6	0x5002      	MOVF        R2, 0, 0
;__Lib_MathDouble.c,482 :: 		
0x00C8	0xB4D8      	BTFSC       STATUS, 2, 0
;__Lib_MathDouble.c,483 :: 		
0x00CA	0xF000EF79  	GOTO        JPNRES032
;__Lib_MathDouble.c,484 :: 		
NORM3232:
;__Lib_MathDouble.c,485 :: 		
0x00CE	0x500E      	MOVF        R14, 0, 0
;__Lib_MathDouble.c,486 :: 		
0x00D0	0x5E03      	SUBWF       R3, 1, 0
;__Lib_MathDouble.c,487 :: 		
0x00D2	0xA4D8      	BTFSS       STATUS, 2, 0
;__Lib_MathDouble.c,488 :: 		
0x00D4	0xA0D8      	BTFSS       STATUS, 0, 0
;__Lib_MathDouble.c,489 :: 		
0x00D6	0xF000EF7E  	GOTO        JPNSETFUN32
;__Lib_MathDouble.c,490 :: 		
0x00DA	0x90D8      	BCF         STATUS, 0, 0
;__Lib_MathDouble.c,491 :: 		
NORM3232A:
;__Lib_MathDouble.c,492 :: 		
0x00DC	0xBE02      	BTFSC       R2, 7, 0
;__Lib_MathDouble.c,493 :: 		
0x00DE	0xF000EF83  	GOTO        JMPNFIXSIGN32
;__Lib_MathDouble.c,494 :: 		
0x00E2	0x3600      	RLCF        R0, 1, 0
;__Lib_MathDouble.c,495 :: 		
0x00E4	0x3601      	RLCF        R1, 1, 0
;__Lib_MathDouble.c,496 :: 		
0x00E6	0x3602      	RLCF        R2, 1, 0
;__Lib_MathDouble.c,497 :: 		
0x00E8	0x2E03      	DECFSZ      R3, 1, 0
;__Lib_MathDouble.c,498 :: 		
0x00EA	0xF000EF6E  	GOTO        NORM3232A
;__Lib_MathDouble.c,499 :: 		
0x00EE	0xF000EF7E  	GOTO        JPNSETFUN32
;__Lib_MathDouble.c,500 :: 		
JPNRES032:
;__Lib_MathDouble.c,501 :: 		
0x00F2	0x0E01      	MOVLW       1
;__Lib_MathDouble.c,502 :: 		
0x00F4	0x6E0C      	MOVWF       R12, 0
;__Lib_MathDouble.c,504 :: 		
0x00F6	0xDFA3      	RCALL       _RES032
;__Lib_MathDouble.c,506 :: 		
0x00F8	0xF000EF86  	GOTO        NORM32EEE
;__Lib_MathDouble.c,507 :: 		
JPNSETFUN32:
;__Lib_MathDouble.c,508 :: 		
0x00FC	0x0E02      	MOVLW       2
;__Lib_MathDouble.c,509 :: 		
0x00FE	0x6E0C      	MOVWF       R12, 0
;__Lib_MathDouble.c,511 :: 		
0x0100	0xDF91      	RCALL       _SETFUN32
;__Lib_MathDouble.c,513 :: 		
0x0102	0xF000EF86  	GOTO        NORM32EEE
;__Lib_MathDouble.c,514 :: 		
JMPNFIXSIGN32:
;__Lib_MathDouble.c,515 :: 		
0x0106	0x0E04      	MOVLW       4
;__Lib_MathDouble.c,516 :: 		
0x0108	0x6E0C      	MOVWF       R12, 0
;__Lib_MathDouble.c,518 :: 		
0x010A	0xDF88      	RCALL       _FIXSIGN32
;__Lib_MathDouble.c,520 :: 		
NORM32EEE:
;__Lib_MathDouble.c,527 :: 		
L_end_NRM3232:
0x010C	0x0012      	RETURN      0
; end of _NRM3232
_Delay_22us:
;__Lib_Delays.c,15 :: 		void Delay_22us() {
;__Lib_Delays.c,16 :: 		Delay_us(22);
0x010E	0x0E0E      	MOVLW       14
0x0110	0x6E0D      	MOVWF       R13, 0
L_Delay_22us1:
0x0112	0x2E0D      	DECFSZ      R13, 1, 0
0x0114	0xD7FE      	BRA         L_Delay_22us1
0x0116	0x0000      	NOP
;__Lib_Delays.c,17 :: 		}
L_end_Delay_22us:
0x0118	0x0012      	RETURN      0
; end of _Delay_22us
_SETFOV32:
;__Lib_MathDouble.c,82 :: 		
;__Lib_MathDouble.c,90 :: 		
0x011A	0x820B      	BSF         R11, 1, 0
;__Lib_MathDouble.c,91 :: 		
0x011C	0xAE0B      	BTFSS       R11, 7, 0
;__Lib_MathDouble.c,92 :: 		
0x011E	0xF000EF97  	GOTO        SETFOV32EEE
;__Lib_MathDouble.c,94 :: 		
0x0122	0x6803      	SETF        R3, 0
;__Lib_MathDouble.c,95 :: 		
0x0124	0x6802      	SETF        R2, 0
;__Lib_MathDouble.c,96 :: 		
0x0126	0x6801      	SETF        R1, 0
;__Lib_MathDouble.c,97 :: 		
0x0128	0x6800      	SETF        R0, 0
;__Lib_MathDouble.c,98 :: 		
0x012A	0x360A      	RLCF        R10, 1, 0
;__Lib_MathDouble.c,99 :: 		
0x012C	0x3202      	RRCF        R2, 1, 0
;__Lib_MathDouble.c,100 :: 		
SETFOV32EEE:
;__Lib_MathDouble.c,101 :: 		
0x012E	0x0EFF      	MOVLW       255
;__Lib_MathDouble.c,103 :: 		
L_end_SETFOV32:
0x0130	0x0012      	RETURN      0
; end of _SETFOV32
_SETIOV3224:
;__Lib_MathDouble.c,530 :: 		
;__Lib_MathDouble.c,537 :: 		
0x0132	0x800B      	BSF         R11, 0, 0
;__Lib_MathDouble.c,538 :: 		
0x0134	0xAE0B      	BTFSS       R11, 7, 0
;__Lib_MathDouble.c,539 :: 		
0x0136	0xF000EFA5  	GOTO        SETIOV3224EEE
;__Lib_MathDouble.c,541 :: 		
0x013A	0x6A02      	CLRF        R2, 0
;__Lib_MathDouble.c,542 :: 		
0x013C	0xAE0A      	BTFSS       R10, 7, 0
;__Lib_MathDouble.c,543 :: 		
0x013E	0x0EFF      	MOVLW       255
;__Lib_MathDouble.c,544 :: 		
0x0140	0x6E02      	MOVWF       R2, 0
;__Lib_MathDouble.c,545 :: 		
0x0142	0x6E01      	MOVWF       R1, 0
;__Lib_MathDouble.c,546 :: 		
0x0144	0x6E00      	MOVWF       R0, 0
;__Lib_MathDouble.c,547 :: 		
0x0146	0x360A      	RLCF        R10, 1, 0
;__Lib_MathDouble.c,548 :: 		
0x0148	0x3202      	RRCF        R2, 1, 0
;__Lib_MathDouble.c,549 :: 		
SETIOV3224EEE:
;__Lib_MathDouble.c,550 :: 		
0x014A	0x0EFF      	MOVLW       255
;__Lib_MathDouble.c,552 :: 		
L_end_SETIOV3224:
0x014C	0x0012      	RETURN      0
; end of _SETIOV3224
_Mul_32x32_FP:
;__Lib_MathDouble.c,1130 :: 		
;__Lib_MathDouble.c,1148 :: 		
0x014E	0x6A08      	CLRF        R8, 0
;__Lib_MathDouble.c,1149 :: 		
0x0150	0x6A09      	CLRF        R9, 0
;__Lib_MathDouble.c,1151 :: 		
0x0152	0x0E00      	MOVLW       0
;__Lib_MathDouble.c,1152 :: 		
0x0154	0x6207      	CPFSEQ      R7, 0
;__Lib_MathDouble.c,1153 :: 		
0x0156	0x6403      	CPFSGT      R3, 0
;__Lib_MathDouble.c,1154 :: 		
0x0158	0xF001EF2C  	GOTO        MULJPRES032
;__Lib_MathDouble.c,1157 :: 		
0x015C	0x5002      	MOVF        R2, 0, 0
;__Lib_MathDouble.c,1158 :: 		
0x015E	0x1806      	XORWF       R6, 0, 0
;__Lib_MathDouble.c,1159 :: 		
0x0160	0x6E0A      	MOVWF       R10, 0
;__Lib_MathDouble.c,1161 :: 		
0x0162	0x5007      	MOVF        R7, 0, 0
;__Lib_MathDouble.c,1162 :: 		
0x0164	0x2603      	ADDWF       R3, 1, 0
;__Lib_MathDouble.c,1163 :: 		
0x0166	0x0E7E      	MOVLW       126
;__Lib_MathDouble.c,1164 :: 		
0x0168	0xA0D8      	BTFSS       STATUS, 0, 0
;__Lib_MathDouble.c,1165 :: 		
0x016A	0xF000EFBD  	GOTO        MTUN32
;__Lib_MathDouble.c,1167 :: 		
0x016E	0x5E03      	SUBWF       R3, 1, 0
;__Lib_MathDouble.c,1168 :: 		
0x0170	0xB0D8      	BTFSC       STATUS, 0, 0
;__Lib_MathDouble.c,1169 :: 		
0x0172	0xF001EF30  	GOTO        MULJPSETFOV32
;__Lib_MathDouble.c,1170 :: 		
0x0176	0xF000EFC1  	GOTO        MOK32
;__Lib_MathDouble.c,1172 :: 		
MTUN32:
;__Lib_MathDouble.c,1173 :: 		
0x017A	0x5E03      	SUBWF       R3, 1, 0
;__Lib_MathDouble.c,1174 :: 		
0x017C	0xA0D8      	BTFSS       STATUS, 0, 0
;__Lib_MathDouble.c,1175 :: 		
0x017E	0xF001EF34  	GOTO        MULJPSETFUN32
;__Lib_MathDouble.c,1177 :: 		
MOK32:
;__Lib_MathDouble.c,1178 :: 		
0x0182	0x8E02      	BSF         R2, 7, 0
;__Lib_MathDouble.c,1179 :: 		
0x0184	0x8E06      	BSF         R6, 7, 0
;__Lib_MathDouble.c,1181 :: 		
0x0186	0xF00EC002  	MOVFF       R2, R14
;__Lib_MathDouble.c,1182 :: 		
0x018A	0xF00BC001  	MOVFF       R1, R11
;__Lib_MathDouble.c,1183 :: 		
0x018E	0xF00DC000  	MOVFF       R0, R13
;__Lib_MathDouble.c,1185 :: 		
0x0192	0x5000      	MOVF        R0, 0, 0
;__Lib_MathDouble.c,1186 :: 		
0x0194	0x0204      	MULWF       R4, 0
;__Lib_MathDouble.c,1187 :: 		
0x0196	0xF00CCFF4  	MOVFF       PRODH, R12
;__Lib_MathDouble.c,1189 :: 		
0x019A	0x5001      	MOVF        R1, 0, 0
;__Lib_MathDouble.c,1190 :: 		
0x019C	0x0205      	MULWF       R5, 0
;__Lib_MathDouble.c,1191 :: 		
0x019E	0xF000CFF4  	MOVFF       PRODH, R0
;__Lib_MathDouble.c,1192 :: 		
0x01A2	0xF008CFF3  	MOVFF       PRODL, R8
;__Lib_MathDouble.c,1194 :: 		
0x01A6	0x0204      	MULWF       R4, 0
;__Lib_MathDouble.c,1195 :: 		
0x01A8	0x50F3      	MOVF        PRODL, 0, 0
;__Lib_MathDouble.c,1196 :: 		
0x01AA	0x260C      	ADDWF       R12, 1, 0
;__Lib_MathDouble.c,1197 :: 		
0x01AC	0x50F4      	MOVF        PRODH, 0, 0
;__Lib_MathDouble.c,1198 :: 		
0x01AE	0x2208      	ADDWFC      R8, 1, 0
;__Lib_MathDouble.c,1199 :: 		
0x01B0	0x0E00      	MOVLW       0
;__Lib_MathDouble.c,1200 :: 		
0x01B2	0x2200      	ADDWFC      R0, 1, 0
;__Lib_MathDouble.c,1202 :: 		
0x01B4	0x500D      	MOVF        R13, 0, 0
;__Lib_MathDouble.c,1203 :: 		
0x01B6	0x0205      	MULWF       R5, 0
;__Lib_MathDouble.c,1204 :: 		
0x01B8	0x50F3      	MOVF        PRODL, 0, 0
;__Lib_MathDouble.c,1205 :: 		
0x01BA	0x260C      	ADDWF       R12, 1, 0
;__Lib_MathDouble.c,1206 :: 		
0x01BC	0x50F4      	MOVF        PRODH, 0, 0
;__Lib_MathDouble.c,1207 :: 		
0x01BE	0x2208      	ADDWFC      R8, 1, 0
;__Lib_MathDouble.c,1208 :: 		
0x01C0	0x0E00      	MOVLW       0
;__Lib_MathDouble.c,1209 :: 		
0x01C2	0x2200      	ADDWFC      R0, 1, 0
;__Lib_MathDouble.c,1211 :: 		
0x01C4	0x5002      	MOVF        R2, 0, 0
;__Lib_MathDouble.c,1212 :: 		
0x01C6	0x0204      	MULWF       R4, 0
;__Lib_MathDouble.c,1213 :: 		
0x01C8	0x50F3      	MOVF        PRODL, 0, 0
;__Lib_MathDouble.c,1214 :: 		
0x01CA	0x2608      	ADDWF       R8, 1, 0
;__Lib_MathDouble.c,1215 :: 		
0x01CC	0x50F4      	MOVF        PRODH, 0, 0
;__Lib_MathDouble.c,1216 :: 		
0x01CE	0x2200      	ADDWFC      R0, 1, 0
;__Lib_MathDouble.c,1217 :: 		
0x01D0	0x5002      	MOVF        R2, 0, 0
;__Lib_MathDouble.c,1218 :: 		
0x01D2	0x0205      	MULWF       R5, 0
;__Lib_MathDouble.c,1219 :: 		
0x01D4	0x6A01      	CLRF        R1, 0
;__Lib_MathDouble.c,1220 :: 		
0x01D6	0x0E00      	MOVLW       0
;__Lib_MathDouble.c,1221 :: 		
0x01D8	0x2201      	ADDWFC      R1, 1, 0
;__Lib_MathDouble.c,1222 :: 		
0x01DA	0x50F3      	MOVF        PRODL, 0, 0
;__Lib_MathDouble.c,1223 :: 		
0x01DC	0x2600      	ADDWF       R0, 1, 0
;__Lib_MathDouble.c,1224 :: 		
0x01DE	0x50F4      	MOVF        PRODH, 0, 0
;__Lib_MathDouble.c,1225 :: 		
0x01E0	0x2201      	ADDWFC      R1, 1, 0
;__Lib_MathDouble.c,1227 :: 		
0x01E2	0x500D      	MOVF        R13, 0, 0
;__Lib_MathDouble.c,1228 :: 		
0x01E4	0x0206      	MULWF       R6, 0
;__Lib_MathDouble.c,1229 :: 		
0x01E6	0x50F3      	MOVF        PRODL, 0, 0
;__Lib_MathDouble.c,1230 :: 		
0x01E8	0x2608      	ADDWF       R8, 1, 0
;__Lib_MathDouble.c,1231 :: 		
0x01EA	0x50F4      	MOVF        PRODH, 0, 0
;__Lib_MathDouble.c,1232 :: 		
0x01EC	0x2200      	ADDWFC      R0, 1, 0
;__Lib_MathDouble.c,1233 :: 		
0x01EE	0x6A02      	CLRF        R2, 0
;__Lib_MathDouble.c,1234 :: 		
0x01F0	0x0E00      	MOVLW       0
;__Lib_MathDouble.c,1235 :: 		
0x01F2	0x2201      	ADDWFC      R1, 1, 0
;__Lib_MathDouble.c,1236 :: 		
0x01F4	0x2202      	ADDWFC      R2, 1, 0
;__Lib_MathDouble.c,1238 :: 		
0x01F6	0x500B      	MOVF        R11, 0, 0
;__Lib_MathDouble.c,1239 :: 		
0x01F8	0x0206      	MULWF       R6, 0
;__Lib_MathDouble.c,1240 :: 		
0x01FA	0x50F3      	MOVF        PRODL, 0, 0
;__Lib_MathDouble.c,1241 :: 		
0x01FC	0x2600      	ADDWF       R0, 1, 0
;__Lib_MathDouble.c,1242 :: 		
0x01FE	0x50F4      	MOVF        PRODH, 0, 0
;__Lib_MathDouble.c,1243 :: 		
0x0200	0x2201      	ADDWFC      R1, 1, 0
;__Lib_MathDouble.c,1244 :: 		
0x0202	0x0E00      	MOVLW       0
;__Lib_MathDouble.c,1245 :: 		
0x0204	0x2202      	ADDWFC      R2, 1, 0
;__Lib_MathDouble.c,1247 :: 		
0x0206	0x500E      	MOVF        R14, 0, 0
;__Lib_MathDouble.c,1248 :: 		
0x0208	0x0206      	MULWF       R6, 0
;__Lib_MathDouble.c,1249 :: 		
0x020A	0x50F3      	MOVF        PRODL, 0, 0
;__Lib_MathDouble.c,1250 :: 		
0x020C	0x2601      	ADDWF       R1, 1, 0
;__Lib_MathDouble.c,1251 :: 		
0x020E	0x50F4      	MOVF        PRODH, 0, 0
;__Lib_MathDouble.c,1252 :: 		
0x0210	0x2202      	ADDWFC      R2, 1, 0
;__Lib_MathDouble.c,1254 :: 		
0x0212	0xBE02      	BTFSC       R2, 7, 0
;__Lib_MathDouble.c,1255 :: 		
0x0214	0xF001EF14  	GOTO        MROUND32
;__Lib_MathDouble.c,1256 :: 		
0x0218	0x3608      	RLCF        R8, 1, 0
;__Lib_MathDouble.c,1257 :: 		
0x021A	0x3600      	RLCF        R0, 1, 0
;__Lib_MathDouble.c,1258 :: 		
0x021C	0x3601      	RLCF        R1, 1, 0
;__Lib_MathDouble.c,1259 :: 		
0x021E	0x3602      	RLCF        R2, 1, 0
;__Lib_MathDouble.c,1260 :: 		
0x0220	0x0603      	DECF        R3, 1, 0
;__Lib_MathDouble.c,1261 :: 		
0x0222	0xB4D8      	BTFSC       STATUS, 2, 0
;__Lib_MathDouble.c,1262 :: 		
0x0224	0xF001EF34  	GOTO        MULJPSETFUN32
;__Lib_MathDouble.c,1264 :: 		
MROUND32:
;__Lib_MathDouble.c,1267 :: 		
0x0228	0xF001EF27  	GOTO        MUL32OK
;__Lib_MathDouble.c,1268 :: 		
0x022C	0x80D8      	BSF         STATUS, 0, 0
;__Lib_MathDouble.c,1269 :: 		
0x022E	0x0E80      	MOVLW       128
;__Lib_MathDouble.c,1270 :: 		
0x0230	0x6408      	CPFSGT      R8, 0
;__Lib_MathDouble.c,1271 :: 		
0x0232	0x3000      	RRCF        R0, 0, 0
;__Lib_MathDouble.c,1272 :: 		
0x0234	0x0E00      	MOVLW       0
;__Lib_MathDouble.c,1273 :: 		
0x0236	0x2200      	ADDWFC      R0, 1, 0
;__Lib_MathDouble.c,1274 :: 		
0x0238	0x2201      	ADDWFC      R1, 1, 0
;__Lib_MathDouble.c,1275 :: 		
0x023A	0x2202      	ADDWFC      R2, 1, 0
;__Lib_MathDouble.c,1277 :: 		
0x023C	0xA0D8      	BTFSS       STATUS, 0, 0
;__Lib_MathDouble.c,1278 :: 		
0x023E	0xF001EF27  	GOTO        MUL32OK
;__Lib_MathDouble.c,1279 :: 		
0x0242	0x3202      	RRCF        R2, 1, 0
;__Lib_MathDouble.c,1280 :: 		
0x0244	0x3201      	RRCF        R1, 1, 0
;__Lib_MathDouble.c,1281 :: 		
0x0246	0x3200      	RRCF        R0, 1, 0
;__Lib_MathDouble.c,1282 :: 		
0x0248	0x4A03      	INFSNZ      R3, 1, 0
;__Lib_MathDouble.c,1283 :: 		
0x024A	0xF001EF30  	GOTO        MULJPSETFOV32
;__Lib_MathDouble.c,1285 :: 		
MUL32OK:
;__Lib_MathDouble.c,1286 :: 		
0x024E	0xAE0A      	BTFSS       R10, 7, 0
;__Lib_MathDouble.c,1287 :: 		
0x0250	0x9E02      	BCF         R2, 7, 0
;__Lib_MathDouble.c,1289 :: 		
0x0252	0x0E00      	MOVLW       0
;__Lib_MathDouble.c,1290 :: 		
0x0254	0xF001EF36  	GOTO        MULEEE
;__Lib_MathDouble.c,1291 :: 		
MULJPRES032:
;__Lib_MathDouble.c,1292 :: 		
0x0258	0x0E01      	MOVLW       1
;__Lib_MathDouble.c,1295 :: 		
0x025A	0xDEF1      	RCALL       _RES032
;__Lib_MathDouble.c,1297 :: 		
0x025C	0xF001EF36  	GOTO        MULEEE
;__Lib_MathDouble.c,1298 :: 		
MULJPSETFOV32:
;__Lib_MathDouble.c,1299 :: 		
0x0260	0x0E02      	MOVLW       2
;__Lib_MathDouble.c,1302 :: 		
0x0262	0xDF5B      	RCALL       _SETFOV32
;__Lib_MathDouble.c,1304 :: 		
0x0264	0xF001EF36  	GOTO        MULEEE
;__Lib_MathDouble.c,1305 :: 		
MULJPSETFUN32:
;__Lib_MathDouble.c,1306 :: 		
0x0268	0x0E04      	MOVLW       4
;__Lib_MathDouble.c,1309 :: 		
0x026A	0xDEDC      	RCALL       _SETFUN32
;__Lib_MathDouble.c,1311 :: 		
MULEEE:
;__Lib_MathDouble.c,1318 :: 		
L_end_Mul_32x32_FP:
0x026C	0x0012      	RETURN      0
; end of _Mul_32x32_FP
_PWM1_Init:
;__Lib_PWM_c21.c,35 :: 		
;__Lib_PWM_c21.c,36 :: 		
;__Lib_PWM_c21.c,37 :: 		
0x026E	0x6ABE      	CLRF        CCPR1L 
;__Lib_PWM_c21.c,38 :: 		
0x0270	0x98BD      	BCF         CCP1CON, 4 
;__Lib_PWM_c21.c,39 :: 		
0x0272	0x9ABD      	BCF         CCP1CON, 5 
;__Lib_PWM_c21.c,40 :: 		
L_end_PWM1_Init:
0x0274	0x0012      	RETURN      0
; end of _PWM1_Init
_word2double:
;__Lib_MathDouble.c,2335 :: 		
;__Lib_MathDouble.c,2344 :: 		
0x0276	0x5000      	MOVF        R0, 0, 0
;__Lib_MathDouble.c,2345 :: 		
0x0278	0x6E08      	MOVWF       R8, 0
;__Lib_MathDouble.c,2346 :: 		
0x027A	0x5001      	MOVF        R1, 0, 0
;__Lib_MathDouble.c,2347 :: 		
0x027C	0x6E00      	MOVWF       R0, 0
;__Lib_MathDouble.c,2348 :: 		
0x027E	0x6A01      	CLRF        R1, 0
;__Lib_MathDouble.c,2349 :: 		
0x0280	0x6A02      	CLRF        R2, 0
;__Lib_MathDouble.c,2350 :: 		
0x0282	0x6A03      	CLRF        R3, 0
;__Lib_MathDouble.c,2353 :: 		
0x0284	0x6A0B      	CLRF        R11, 0
;__Lib_MathDouble.c,2354 :: 		
0x0286	0x6A0C      	CLRF        R12, 0
;__Lib_MathDouble.c,2356 :: 		
0x0288	0x0E96      	MOVLW       150
;__Lib_MathDouble.c,2357 :: 		
0x028A	0x6E03      	MOVWF       R3, 0
;__Lib_MathDouble.c,2358 :: 		
0x028C	0x6A0A      	CLRF        R10, 0
;__Lib_MathDouble.c,2360 :: 		
0x028E	0xF001C000  	MOVFF       R0, R1
;__Lib_MathDouble.c,2361 :: 		
0x0292	0xF000C008  	MOVFF       R8, R0
;__Lib_MathDouble.c,2362 :: 		
0x0296	0x6A08      	CLRF        R8, 0
;__Lib_MathDouble.c,2363 :: 		
0x0298	0x6A02      	CLRF        R2, 0
;__Lib_MathDouble.c,2365 :: 		
0x029A	0xDF00      	RCALL       _NRM3232
;__Lib_MathDouble.c,2366 :: 		
L_end_word2double:
0x029C	0x0012      	RETURN      0
; end of _word2double
_PWM1_Start:
;__Lib_PWM_c21.c,53 :: 		
;__Lib_PWM_c21.c,54 :: 		
0x029E	0x9494      	BCF         TRISC2_bit, BitPos(TRISC2_bit+0) 
;__Lib_PWM_c21.c,55 :: 		
0x02A0	0x84CA      	BSF         T2CON, 2 
;__Lib_PWM_c21.c,56 :: 		
0x02A2	0x0E0C      	MOVLW       12
0x02A4	0x12BD      	IORWF       CCP1CON, 1 
;__Lib_PWM_c21.c,57 :: 		
L_end_PWM1_Start:
0x02A6	0x0012      	RETURN      0
; end of _PWM1_Start
_ADC_Read:
;__Lib_ADC_A_D.c,51 :: 		
;__Lib_ADC_A_D.c,54 :: 		
0x02A8	0x6AC2      	CLRF        ADCON0 
;__Lib_ADC_A_D.c,55 :: 		
0x02AA	0x1C15      	COMF        _vref_mask, 0 
0x02AC	0x6E00      	MOVWF       R0 
0x02AE	0x5000      	MOVF        R0, 0 
0x02B0	0x16C1      	ANDWF       ADCON1, 1 
;__Lib_ADC_A_D.c,56 :: 		
0x02B2	0x0E07      	MOVLW       7
0x02B4	0x12C0      	IORWF       ADCON2, 1 
;__Lib_ADC_A_D.c,57 :: 		
0x02B6	0x8EC0      	BSF         ADCON2, 7 
;__Lib_ADC_A_D.c,58 :: 		
0x02B8	0xF000C016  	MOVFF       FARG_ADC_Read_channel, R0
0x02BC	0x3600      	RLCF        R0, 1 
0x02BE	0x9000      	BCF         R0, 0 
0x02C0	0x3600      	RLCF        R0, 1 
0x02C2	0x9000      	BCF         R0, 0 
0x02C4	0x5000      	MOVF        R0, 0 
0x02C6	0x12C2      	IORWF       ADCON0, 1 
;__Lib_ADC_A_D.c,59 :: 		
0x02C8	0x80C2      	BSF         ADCON0, 0 
;__Lib_ADC_A_D.c,60 :: 		
0x02CA	0xDF21      	RCALL       _Delay_22us
;__Lib_ADC_A_D.c,61 :: 		
0x02CC	0x82C2      	BSF         ADCON0, 1 
;__Lib_ADC_A_D.c,62 :: 		
L_ADC_Read2:
0x02CE	0xA2C2      	BTFSS       ADCON0, 1 
0x02D0	0xD001      	BRA         L_ADC_Read3
;__Lib_ADC_A_D.c,63 :: 		
0x02D2	0xD7FD      	BRA         L_ADC_Read2
L_ADC_Read3:
;__Lib_ADC_A_D.c,64 :: 		
0x02D4	0xF001CFC4  	MOVFF       ADRESH, R1
0x02D8	0x6A00      	CLRF        R0 
;__Lib_ADC_A_D.c,65 :: 		
0x02DA	0x50C3      	MOVF        ADRESL, 0 
0x02DC	0x1200      	IORWF       R0, 1 
0x02DE	0x0E00      	MOVLW       0
0x02E0	0x1201      	IORWF       R1, 1 
;__Lib_ADC_A_D.c,66 :: 		
0x02E2	0x90C2      	BCF         ADCON0, 0 
;__Lib_ADC_A_D.c,68 :: 		
;__Lib_ADC_A_D.c,69 :: 		
L_end_ADC_Read:
0x02E4	0x0012      	RETURN      0
; end of _ADC_Read
_PWM1_Set_Duty:
;__Lib_PWM_c21.c,42 :: 		
;__Lib_PWM_c21.c,46 :: 		
0x02E6	0x50CB      	MOVF        PR2, 0 
0x02E8	0x0F01      	ADDLW       1
0x02EA	0x6E00      	MOVWF       R0 
0x02EC	0x6A01      	CLRF        R1 
0x02EE	0x0E00      	MOVLW       0
0x02F0	0x2201      	ADDWFC      R1, 1 
0x02F2	0xF004C016  	MOVFF       FARG_PWM1_Set_Duty_new_duty, R4
0x02F6	0x0E00      	MOVLW       0
0x02F8	0x6E05      	MOVWF       R5 
0x02FA	0xDEA8      	RCALL       _Mul_16X16_U
0x02FC	0x0E06      	MOVLW       6
0x02FE	0x6E02      	MOVWF       R2 
0x0300	0xF004C000  	MOVFF       R0, R4
0x0304	0xF005C001  	MOVFF       R1, R5
0x0308	0x5002      	MOVF        R2, 0 
L__PWM1_Set_Duty10:
0x030A	0xE005      	BZ          L__PWM1_Set_Duty11
0x030C	0x3205      	RRCF        R5, 1 
0x030E	0x3204      	RRCF        R4, 1 
0x0310	0x9E05      	BCF         R5, 7 
0x0312	0x0FFF      	ADDLW       255
0x0314	0xD7FA      	BRA         L__PWM1_Set_Duty10
L__PWM1_Set_Duty11:
;__Lib_PWM_c21.c,47 :: 		
0x0316	0x0E04      	MOVLW       4
0x0318	0x6E01      	MOVWF       R1 
0x031A	0xF000C004  	MOVFF       R4, R0
0x031E	0x5001      	MOVF        R1, 0 
L__PWM1_Set_Duty12:
0x0320	0xE004      	BZ          L__PWM1_Set_Duty13
0x0322	0x3600      	RLCF        R0, 1 
0x0324	0x9000      	BCF         R0, 0 
0x0326	0x0FFF      	ADDLW       255
0x0328	0xD7FB      	BRA         L__PWM1_Set_Duty12
L__PWM1_Set_Duty13:
0x032A	0x0E30      	MOVLW       48
0x032C	0x1400      	ANDWF       R0, 0 
0x032E	0x6E03      	MOVWF       R3 
;__Lib_PWM_c21.c,48 :: 		
0x0330	0xF000C004  	MOVFF       R4, R0
0x0334	0xF001C005  	MOVFF       R5, R1
0x0338	0x3201      	RRCF        R1, 1 
0x033A	0x3200      	RRCF        R0, 1 
0x033C	0x9E01      	BCF         R1, 7 
0x033E	0x3201      	RRCF        R1, 1 
0x0340	0x3200      	RRCF        R0, 1 
0x0342	0x9E01      	BCF         R1, 7 
0x0344	0xFFBEC000  	MOVFF       R0, CCPR1L
;__Lib_PWM_c21.c,49 :: 		
0x0348	0x0E0F      	MOVLW       15
0x034A	0x16BD      	ANDWF       CCP1CON, 1 
;__Lib_PWM_c21.c,50 :: 		
0x034C	0x5003      	MOVF        R3, 0 
0x034E	0x12BD      	IORWF       CCP1CON, 1 
;__Lib_PWM_c21.c,51 :: 		
L_end_PWM1_Set_Duty:
0x0350	0x0012      	RETURN      0
; end of _PWM1_Set_Duty
___CC2DW:
;__Lib_System.c,21 :: 		
;__Lib_System.c,23 :: 		
_CC2DL_Loop1:
;__Lib_System.c,24 :: 		
0x0352	0x0009      	TBLRD*+
;__Lib_System.c,25 :: 		
0x0354	0xFFE6CFF5  	MOVFF       TABLAT, POSTINC1
;__Lib_System.c,26 :: 		
0x0358	0x0600      	DECF        R0, 1, 0
;__Lib_System.c,27 :: 		
0x035A	0xE1FB      	BNZ         _CC2DL_Loop1
;__Lib_System.c,28 :: 		
0x035C	0x0601      	DECF        R1, 1, 0
;__Lib_System.c,29 :: 		
0x035E	0xE1F9      	BNZ         _CC2DL_Loop1
;__Lib_System.c,31 :: 		
L_end___CC2DW:
0x0360	0x0012      	RETURN      0
; end of ___CC2DW
_double2word:
;__Lib_MathDouble.c,2023 :: 		
;__Lib_MathDouble.c,2032 :: 		
0x0362	0x6A0B      	CLRF        R11, 0
;__Lib_MathDouble.c,2033 :: 		
0x0364	0x6A0C      	CLRF        R12, 0
;__Lib_MathDouble.c,2034 :: 		
0x0366	0x6A0A      	CLRF        R10, 0
;__Lib_MathDouble.c,2036 :: 		
0x0368	0x5003      	MOVF        R3, 0, 0
;__Lib_MathDouble.c,2037 :: 		
0x036A	0xB4D8      	BTFSC       STATUS, 2, 0
;__Lib_MathDouble.c,2038 :: 		
0x036C	0xF001EFFB  	GOTO        IRES016U
;__Lib_MathDouble.c,2040 :: 		
0x0370	0x8E02      	BSF         R2, 7, 0
;__Lib_MathDouble.c,2042 :: 		
0x0372	0x0E8E      	MOVLW       142
;__Lib_MathDouble.c,2043 :: 		
0x0374	0x5E03      	SUBWF       R3, 1, 0
;__Lib_MathDouble.c,2044 :: 		
0x0376	0xBE03      	BTFSC       R3, 7, 0
;__Lib_MathDouble.c,2045 :: 		
0x0378	0xF001EFC3  	GOTO        SETEXP16U
;__Lib_MathDouble.c,2046 :: 		
0x037C	0xB4D8      	BTFSC       STATUS, 2, 0
;__Lib_MathDouble.c,2047 :: 		
0x037E	0xF001EFC3  	GOTO        SETEXP16U
;__Lib_MathDouble.c,2048 :: 		
0x0382	0xF001EFFF  	GOTO        SETIOV16U
;__Lib_MathDouble.c,2049 :: 		
SETEXP16U:
;__Lib_MathDouble.c,2050 :: 		
0x0386	0x6C03      	NEGF        R3, 0
;__Lib_MathDouble.c,2052 :: 		
0x0388	0x0E08      	MOVLW       8
;__Lib_MathDouble.c,2053 :: 		
0x038A	0x5C03      	SUBWF       R3, 0, 0
;__Lib_MathDouble.c,2054 :: 		
0x038C	0xA0D8      	BTFSS       STATUS, 0, 0
;__Lib_MathDouble.c,2055 :: 		
0x038E	0xF001EFDA  	GOTO        TSHIFT3216U
;__Lib_MathDouble.c,2056 :: 		
0x0392	0x6E03      	MOVWF       R3, 0
;__Lib_MathDouble.c,2057 :: 		
0x0394	0x3601      	RLCF        R1, 1, 0
;__Lib_MathDouble.c,2058 :: 		
0x0396	0xF001C002  	MOVFF       R2, R1
;__Lib_MathDouble.c,2059 :: 		
0x039A	0x6A02      	CLRF        R2, 0
;__Lib_MathDouble.c,2061 :: 		
0x039C	0x0E08      	MOVLW       8
;__Lib_MathDouble.c,2062 :: 		
0x039E	0x5C03      	SUBWF       R3, 0, 0
;__Lib_MathDouble.c,2063 :: 		
0x03A0	0xA0D8      	BTFSS       STATUS, 0, 0
;__Lib_MathDouble.c,2064 :: 		
0x03A2	0xF001EFDA  	GOTO        TSHIFT3216U
;__Lib_MathDouble.c,2065 :: 		
0x03A6	0x3601      	RLCF        R1, 1, 0
;__Lib_MathDouble.c,2066 :: 		
0x03A8	0x6A01      	CLRF        R1, 0
;__Lib_MathDouble.c,2068 :: 		
0x03AA	0x5003      	MOVF        R3, 0, 0
;__Lib_MathDouble.c,2069 :: 		
0x03AC	0xA4D8      	BTFSS       STATUS, 2, 0
;__Lib_MathDouble.c,2070 :: 		
0x03AE	0x90D8      	BCF         STATUS, 0, 0
;__Lib_MathDouble.c,2071 :: 		
0x03B0	0xF001EFE4  	GOTO        SHIFT3216UOK
;__Lib_MathDouble.c,2072 :: 		
TSHIFT3216U:
;__Lib_MathDouble.c,2073 :: 		
0x03B4	0x5003      	MOVF        R3, 0, 0
;__Lib_MathDouble.c,2074 :: 		
0x03B6	0xB4D8      	BTFSC       STATUS, 2, 0
;__Lib_MathDouble.c,2075 :: 		
0x03B8	0xF001EFE4  	GOTO        SHIFT3216UOK
;__Lib_MathDouble.c,2076 :: 		
SHIFT3216U:
;__Lib_MathDouble.c,2077 :: 		
0x03BC	0x90D8      	BCF         STATUS, 0, 0
;__Lib_MathDouble.c,2078 :: 		
0x03BE	0x3202      	RRCF        R2, 1, 0
;__Lib_MathDouble.c,2079 :: 		
0x03C0	0x3201      	RRCF        R1, 1, 0
;__Lib_MathDouble.c,2080 :: 		
0x03C2	0x2E03      	DECFSZ      R3, 1, 0
;__Lib_MathDouble.c,2081 :: 		
0x03C4	0xF001EFDE  	GOTO        SHIFT3216U
;__Lib_MathDouble.c,2082 :: 		
SHIFT3216UOK:
;__Lib_MathDouble.c,2083 :: 		
0x03C8	0xBC0B      	BTFSC       R11, 6, 0
;__Lib_MathDouble.c,2084 :: 		
0x03CA	0xA001      	BTFSS       R1, 0, 0
;__Lib_MathDouble.c,2085 :: 		
0x03CC	0xF001EFF1  	GOTO        INT3216UOK
;__Lib_MathDouble.c,2086 :: 		
0x03D0	0xA0D8      	BTFSS       STATUS, 0, 0
;__Lib_MathDouble.c,2087 :: 		
0x03D2	0xF001EFF1  	GOTO        INT3216UOK
;__Lib_MathDouble.c,2088 :: 		
0x03D6	0x2A01      	INCF        R1, 1, 0
;__Lib_MathDouble.c,2089 :: 		
0x03D8	0xB4D8      	BTFSC       STATUS, 2, 0
;__Lib_MathDouble.c,2090 :: 		
0x03DA	0x2A02      	INCF        R2, 1, 0
;__Lib_MathDouble.c,2091 :: 		
0x03DC	0xBE02      	BTFSC       R2, 7, 0
;__Lib_MathDouble.c,2092 :: 		
0x03DE	0xF002EF0E  	GOTO        JPKSETIOV3224
;__Lib_MathDouble.c,2093 :: 		
INT3216UOK:
;__Lib_MathDouble.c,2094 :: 		
0x03E2	0xAE0A      	BTFSS       R10, 7, 0
;__Lib_MathDouble.c,2095 :: 		
0x03E4	0xF002EF13  	GOTO        INT3216UEOK
;__Lib_MathDouble.c,2097 :: 		
0x03E8	0x1E02      	COMF        R2, 1, 0
;__Lib_MathDouble.c,2098 :: 		
0x03EA	0x1E01      	COMF        R1, 1, 0
;__Lib_MathDouble.c,2099 :: 		
0x03EC	0x2A01      	INCF        R1, 1, 0
;__Lib_MathDouble.c,2100 :: 		
0x03EE	0xB4D8      	BTFSC       STATUS, 2, 0
;__Lib_MathDouble.c,2101 :: 		
0x03F0	0x2A02      	INCF        R2, 1, 0
;__Lib_MathDouble.c,2102 :: 		
0x03F2	0xF002EF13  	GOTO        INT3216UEOK
;__Lib_MathDouble.c,2104 :: 		
IRES016U:
;__Lib_MathDouble.c,2105 :: 		
0x03F6	0x6A02      	CLRF        R2, 0
;__Lib_MathDouble.c,2106 :: 		
0x03F8	0x6A01      	CLRF        R1, 0
;__Lib_MathDouble.c,2107 :: 		
0x03FA	0xF002EF13  	GOTO        INT3216UEOK
;__Lib_MathDouble.c,2108 :: 		
SETIOV16U:
;__Lib_MathDouble.c,2109 :: 		
0x03FE	0x800B      	BSF         R11, 0, 0
;__Lib_MathDouble.c,2110 :: 		
0x0400	0xAE0B      	BTFSS       R11, 7, 0
;__Lib_MathDouble.c,2111 :: 		
0x0402	0xF002EF17  	GOTO        INT3216UEER
;__Lib_MathDouble.c,2113 :: 		
0x0406	0x6A02      	CLRF        R2, 0
;__Lib_MathDouble.c,2114 :: 		
0x0408	0xAE0A      	BTFSS       R10, 7, 0
;__Lib_MathDouble.c,2115 :: 		
0x040A	0xF002EF17  	GOTO        INT3216UEER
;__Lib_MathDouble.c,2116 :: 		
0x040E	0x0EFF      	MOVLW       255
;__Lib_MathDouble.c,2117 :: 		
0x0410	0x6E02      	MOVWF       R2, 0
;__Lib_MathDouble.c,2118 :: 		
0x0412	0x6E01      	MOVWF       R1, 0
;__Lib_MathDouble.c,2119 :: 		
0x0414	0x360A      	RLCF        R10, 1, 0
;__Lib_MathDouble.c,2120 :: 		
0x0416	0x3202      	RRCF        R2, 1, 0
;__Lib_MathDouble.c,2121 :: 		
0x0418	0xF002EF17  	GOTO        INT3216UEER
;__Lib_MathDouble.c,2123 :: 		
JPKSETIOV3224:
;__Lib_MathDouble.c,2124 :: 		
0x041C	0x0E01      	MOVLW       1
;__Lib_MathDouble.c,2125 :: 		
0x041E	0x6E0C      	MOVWF       R12, 0
;__Lib_MathDouble.c,2127 :: 		
0x0420	0xDE88      	RCALL       _SETIOV3224
;__Lib_MathDouble.c,2129 :: 		
0x0422	0xF002EF19  	GOTO        INT3216UEEE
;__Lib_MathDouble.c,2130 :: 		
INT3216UEOK:
;__Lib_MathDouble.c,2131 :: 		
0x0426	0x0E00      	MOVLW       0
;__Lib_MathDouble.c,2132 :: 		
0x0428	0x6E0C      	MOVWF       R12, 0
;__Lib_MathDouble.c,2133 :: 		
0x042A	0xF002EF19  	GOTO        INT3216UEEE
;__Lib_MathDouble.c,2134 :: 		
INT3216UEER:
;__Lib_MathDouble.c,2135 :: 		
0x042E	0x0EFF      	MOVLW       255
;__Lib_MathDouble.c,2136 :: 		
0x0430	0x6E0C      	MOVWF       R12, 0
;__Lib_MathDouble.c,2137 :: 		
INT3216UEEE:
;__Lib_MathDouble.c,2138 :: 		
0x0432	0x5001      	MOVF        R1, 0, 0
;__Lib_MathDouble.c,2139 :: 		
0x0434	0x6E00      	MOVWF       R0, 0
;__Lib_MathDouble.c,2140 :: 		
0x0436	0x5002      	MOVF        R2, 0, 0
;__Lib_MathDouble.c,2141 :: 		
0x0438	0x6E01      	MOVWF       R1, 0
;__Lib_MathDouble.c,2146 :: 		
L_end_double2word:
0x043A	0x0012      	RETURN      0
; end of _double2word
_main:
0x043C	0xF002EC43  	CALL        1158, 0
;ConversorADC_PWM.c,9 :: 		void main(){
;ConversorADC_PWM.c,12 :: 		PORTA = 255;
0x0440	0x0EFF      	MOVLW       255
0x0442	0x6E80      	MOVWF       PORTA 
;ConversorADC_PWM.c,13 :: 		TRISA = 255;                 // Configura PORTA pins como entrada
0x0444	0x0EFF      	MOVLW       255
0x0446	0x6E92      	MOVWF       TRISA 
;ConversorADC_PWM.c,15 :: 		ADCON0 = 0b00000001;  // Configura conversor A/D Canal 0, conversão desligada, A/D ligado.
0x0448	0x0E01      	MOVLW       1
0x044A	0x6EC2      	MOVWF       ADCON0 
;ConversorADC_PWM.c,16 :: 		ADCON1 = 0b11001110;  // Configura todos canais como Digital menos AN0 e REF Interna.
0x044C	0x0ECE      	MOVLW       206
0x044E	0x6EC1      	MOVWF       ADCON1 
;ConversorADC_PWM.c,17 :: 		ADCON2 = 0b10111110;  // Configura conversor A/D para resultado justificado a direita, clock de 20 TAD, clock de Fosc/64.
0x0450	0x0EBE      	MOVLW       190
0x0452	0x6EC0      	MOVWF       ADCON2 
;ConversorADC_PWM.c,19 :: 		PWM1_Init(5000);      // Inicializa módulo PWM com 5Khz
0x0454	0x80CA      	BSF         T2CON, 0, 0
0x0456	0x92CA      	BCF         T2CON, 1, 0
0x0458	0x0E63      	MOVLW       99
0x045A	0x6ECB      	MOVWF       PR2, 0
0x045C	0xDF08      	RCALL       _PWM1_Init
;ConversorADC_PWM.c,20 :: 		PWM1_Start();         // Start PWM
0x045E	0xDF1F      	RCALL       _PWM1_Start
;ConversorADC_PWM.c,21 :: 		while(1){   // Aqui Definimos Uma Condição Sempre Verdadeira Como Parametro, Portanto Todo O Bloco Será Repetido Indefinidamente.
L_main0:
;ConversorADC_PWM.c,23 :: 		uiValorAD= ADC_Read(0);     // Lê Canal AD 0
0x0460	0x6A16      	CLRF        FARG_ADC_Read_channel 
0x0462	0xDF22      	RCALL       _ADC_Read
;ConversorADC_PWM.c,24 :: 		uiValorAD*=0.249;            // Converte valor para o duty cycle
0x0464	0xDF08      	RCALL       _word2double
0x0466	0x0EDB      	MOVLW       219
0x0468	0x6E04      	MOVWF       R4 
0x046A	0x0EF9      	MOVLW       249
0x046C	0x6E05      	MOVWF       R5 
0x046E	0x0E7E      	MOVLW       126
0x0470	0x6E06      	MOVWF       R6 
0x0472	0x0E7C      	MOVLW       124
0x0474	0x6E07      	MOVWF       R7 
0x0476	0xDE6B      	RCALL       _Mul_32x32_FP
0x0478	0xDF74      	RCALL       _double2word
;ConversorADC_PWM.c,25 :: 		PWM1_Set_Duty(uiValorAD);   // Envia o valor lido de "uiValorAD" para o módulo CCP1 pwm
0x047A	0xF016C000  	MOVFF       R0, FARG_PWM1_Set_Duty_new_duty
0x047E	0xDF33      	RCALL       _PWM1_Set_Duty
;ConversorADC_PWM.c,27 :: 		}
0x0480	0xD7EF      	BRA         L_main0
;ConversorADC_PWM.c,28 :: 		}
L_end_main:
0x0482	0xD7FF      	BRA         $+0
; end of _main
0x0486	0xF015EE10  	LFSR        1, 21
0x048A	0x0E01      	MOVLW       1
0x048C	0x6E00      	MOVWF       R0 
0x048E	0x0E01      	MOVLW       1
0x0490	0x6E01      	MOVWF       R1 
0x0492	0x0E84      	MOVLW       132
0x0494	0x6EF6      	MOVWF       4086 
0x0496	0x0E04      	MOVLW       4
0x0498	0x6EF7      	MOVWF       TBLPTRH 
0x049A	0x0E00      	MOVLW       0
0x049C	0x6EF8      	MOVWF       TBLPTRU 
0x049E	0xF001ECA9  	CALL        850, 0
0x04A2	0x0012      	RETURN      0
;__Lib_ADC_A_D.c,0 :: ?ICS_vref_mask
0x0484	0x30 ;?ICS_vref_mask+0
; end of ?ICS_vref_mask
Symbol List:
//** Routines locations **
//ADDRESS    SIZE    PROCEDURE
//----------------------------------------------
0x001C       [8]    _FIXSIGN32
0x0024      [26]    _SETFUN32
0x003E      [14]    _RES032
0x004C      [80]    _Mul_16X16_U
0x009C     [114]    _NRM3232
0x010E      [12]    _Delay_22us
0x011A      [24]    _SETFOV32
0x0132      [28]    _SETIOV3224
0x014E     [288]    _Mul_32x32_FP
0x026E       [8]    _PWM1_Init
0x0276      [40]    _word2double
0x029E      [10]    _PWM1_Start
0x02A8      [62]    _ADC_Read
0x02E6     [108]    _PWM1_Set_Duty
0x0352      [16]    ___CC2DW
0x0362     [218]    _double2word
0x043C      [72]    _main
//** Variables locations ** 
//ADDRESS    SIZE    VARIABLE
//----------------------------------------------
0x0000       [1]    R0
0x0001       [1]    R1
0x0002       [1]    R2
0x0003       [1]    R3
0x0004       [1]    R4
0x0005       [1]    R5
0x0006       [1]    R6
0x0007       [1]    R7
0x0008       [1]    R8
0x0009       [1]    R9
0x000A       [1]    R10
0x000B       [1]    R11
0x000C       [1]    R12
0x000D       [1]    R13
0x000E       [1]    R14
0x000F       [1]    R15
0x0010       [1]    R16
0x0011       [1]    R17
0x0012       [1]    R18
0x0013       [1]    R19
0x0014       [1]    R20
0x0015       [1]    _vref_mask
0x0016       [1]    FARG_PWM1_Set_Duty_new_duty
0x0016       [4]    FARG_PWM1_Init_PWM_Freq
0x0016       [1]    FARG_ADC_Read_channel
0x0F80       [1]    PORTA
0x0F92       [1]    TRISA
0x0F94       [0]    TRISC2_bit
0x0FBD       [1]    CCP1CON
0x0FBE       [1]    CCPR1L
0x0FC0       [1]    ADCON2
0x0FC1       [1]    ADCON1
0x0FC2       [1]    ADCON0
0x0FC3       [1]    ADRESL
0x0FC4       [1]    ADRESH
0x0FCA       [1]    T2CON
0x0FCB       [1]    PR2
0x0FD8       [1]    STATUS
0x0FD9       [1]    FSR2L
0x0FDA       [1]    FSR2H
0x0FDE       [1]    POSTINC2
0x0FE0       [1]    BSR
0x0FE1       [1]    FSR1L
0x0FE2       [1]    FSR1H
0x0FE4       [1]    PREINC1
0x0FE6       [1]    POSTINC1
0x0FE7       [1]    INDF1
0x0FE8       [1]    WREG
0x0FE9       [1]    FSR0L
0x0FEA       [1]    FSR0H
0x0FEE       [1]    POSTINC0
0x0FF3       [1]    PRODL
0x0FF4       [1]    PRODH
0x0FF5       [1]    TABLAT
0x0FF6       [1]    TBLPTRL
0x0FF7       [1]    TBLPTRH
0x0FF8       [1]    TBLPTRU
//** Constants locations ** 
//ADDRESS    SIZE    CONSTANT
//----------------------------------------------
0x0484       [1]    ?ICS_vref_mask
