;  LST file generated by mikroListExporter - v.2.0 
; Date/Time: 25/02/2025 14:12:56
;----------------------------------------------

;Address Opcode 	ASM
0x0000	0xF000EF0E  	GOTO        28
0x0004	0x0000      	NOP
0x0006	0x0000      	NOP
0x0008	0xF000EF00  	GOTO        0
0x000C	0x0000      	NOP
0x000E	0x0000      	NOP
0x0010	0x0000      	NOP
0x0012	0x0000      	NOP
0x0014	0x0000      	NOP
0x0016	0x0000      	NOP
0x0018	0xD7F3      	BRA         0
_main:
;Display_7seg.c,3 :: 		void main(){ // função principal do programa
;Display_7seg.c,4 :: 		ADCON1 = 0x0f; //configura todos os pinos como I/O
0x001C	0x0E0F      	MOVLW       15
0x001E	0x6EC1      	MOVWF       ADCON1 
;Display_7seg.c,5 :: 		TRISA = 0; //define porta como saida
0x0020	0x6A92      	CLRF        TRISA 
;Display_7seg.c,6 :: 		PORTA = 0; //resseta todos os pinos do porta
0x0022	0x6A80      	CLRF        PORTA 
;Display_7seg.c,7 :: 		TRISD = 0; //define portd como saida
0x0024	0x6A95      	CLRF        TRISD 
;Display_7seg.c,8 :: 		PORTD = 0; //seta todos os pinos do portd
0x0026	0x6A83      	CLRF        PORTD 
;Display_7seg.c,9 :: 		do { //inicio da rotina de loop
L_main0:
;Display_7seg.c,10 :: 		PORTA.RA2= 1; //liga primeiro display
0x0028	0x8480      	BSF         PORTA, 2 
;Display_7seg.c,11 :: 		PORTD = 0b11111101; //escreve digito 6
0x002A	0x0EFD      	MOVLW       253
0x002C	0x6E83      	MOVWF       PORTD 
;Display_7seg.c,12 :: 		Delay_ms(1); //delay de 1ms
0x002E	0x0E03      	MOVLW       3
0x0030	0x6E0C      	MOVWF       R12, 0
0x0032	0x0E97      	MOVLW       151
0x0034	0x6E0D      	MOVWF       R13, 0
L_main3:
0x0036	0x2E0D      	DECFSZ      R13, 1, 0
0x0038	0xD7FE      	BRA         L_main3
0x003A	0x2E0C      	DECFSZ      R12, 1, 0
0x003C	0xD7FC      	BRA         L_main3
0x003E	0x0000      	NOP
0x0040	0x0000      	NOP
;Display_7seg.c,13 :: 		PORTA.RA2= 0; //desliga primeiro display
0x0042	0x9480      	BCF         PORTA, 2 
;Display_7seg.c,15 :: 		PORTA.RA3= 1; //liga segundo display
0x0044	0x8680      	BSF         PORTA, 3 
;Display_7seg.c,16 :: 		PORTD = 0b00111111; //escreve digito 0
0x0046	0x0E3F      	MOVLW       63
0x0048	0x6E83      	MOVWF       PORTD 
;Display_7seg.c,17 :: 		Delay_ms(1); //delay de 1ms
0x004A	0x0E03      	MOVLW       3
0x004C	0x6E0C      	MOVWF       R12, 0
0x004E	0x0E97      	MOVLW       151
0x0050	0x6E0D      	MOVWF       R13, 0
L_main4:
0x0052	0x2E0D      	DECFSZ      R13, 1, 0
0x0054	0xD7FE      	BRA         L_main4
0x0056	0x2E0C      	DECFSZ      R12, 1, 0
0x0058	0xD7FC      	BRA         L_main4
0x005A	0x0000      	NOP
0x005C	0x0000      	NOP
;Display_7seg.c,18 :: 		PORTA.RA3= 0; //desliga terceiro display
0x005E	0x9680      	BCF         PORTA, 3 
;Display_7seg.c,20 :: 		PORTA.RA4= 1; //liga terceiro display
0x0060	0x8880      	BSF         PORTA, 4 
;Display_7seg.c,21 :: 		PORTD = 0b01101101; //escreve digito 5
0x0062	0x0E6D      	MOVLW       109
0x0064	0x6E83      	MOVWF       PORTD 
;Display_7seg.c,22 :: 		Delay_ms(1); //delay de 1ms
0x0066	0x0E03      	MOVLW       3
0x0068	0x6E0C      	MOVWF       R12, 0
0x006A	0x0E97      	MOVLW       151
0x006C	0x6E0D      	MOVWF       R13, 0
L_main5:
0x006E	0x2E0D      	DECFSZ      R13, 1, 0
0x0070	0xD7FE      	BRA         L_main5
0x0072	0x2E0C      	DECFSZ      R12, 1, 0
0x0074	0xD7FC      	BRA         L_main5
0x0076	0x0000      	NOP
0x0078	0x0000      	NOP
;Display_7seg.c,23 :: 		PORTA.RA4= 0; //desliga terceiro display
0x007A	0x9880      	BCF         PORTA, 4 
;Display_7seg.c,25 :: 		PORTA.RA5= 1; //liga quarto display
0x007C	0x8A80      	BSF         PORTA, 5 
;Display_7seg.c,26 :: 		PORTD = 0b00000111; //escreve digito 7
0x007E	0x0E07      	MOVLW       7
0x0080	0x6E83      	MOVWF       PORTD 
;Display_7seg.c,27 :: 		Delay_ms(1); //delay de 1ms
0x0082	0x0E03      	MOVLW       3
0x0084	0x6E0C      	MOVWF       R12, 0
0x0086	0x0E97      	MOVLW       151
0x0088	0x6E0D      	MOVWF       R13, 0
L_main6:
0x008A	0x2E0D      	DECFSZ      R13, 1, 0
0x008C	0xD7FE      	BRA         L_main6
0x008E	0x2E0C      	DECFSZ      R12, 1, 0
0x0090	0xD7FC      	BRA         L_main6
0x0092	0x0000      	NOP
0x0094	0x0000      	NOP
;Display_7seg.c,28 :: 		PORTA.RA5= 0; //desliga quarto display
0x0096	0x9A80      	BCF         PORTA, 5 
;Display_7seg.c,29 :: 		} while (1);
0x0098	0xD7C7      	BRA         L_main0
;Display_7seg.c,30 :: 		}
L_end_main:
0x009A	0xD7FF      	BRA         $+0
; end of _main
Symbol List:
//** Routines locations **
//ADDRESS    SIZE    PROCEDURE
//----------------------------------------------
0x001C     [128]    _main
//** Variables locations ** 
//ADDRESS    SIZE    VARIABLE
//----------------------------------------------
0x0000       [1]    R0
0x0001       [1]    R1
0x0002       [1]    R2
0x0003       [1]    R3
0x0004       [1]    R4
0x0005       [1]    R5
0x0006       [1]    R6
0x0007       [1]    R7
0x0008       [1]    R8
0x0009       [1]    R9
0x000A       [1]    R10
0x000B       [1]    R11
0x000C       [1]    R12
0x000D       [1]    R13
0x000E       [1]    R14
0x000F       [1]    R15
0x0010       [1]    R16
0x0011       [1]    R17
0x0012       [1]    R18
0x0013       [1]    R19
0x0014       [1]    R20
0x0F80       [1]    PORTA
0x0F83       [1]    PORTD
0x0F92       [1]    TRISA
0x0F95       [1]    TRISD
0x0FC1       [1]    ADCON1
0x0FD8       [1]    STATUS
0x0FD9       [1]    FSR2L
0x0FDA       [1]    FSR2H
0x0FDE       [1]    POSTINC2
0x0FE0       [1]    BSR
0x0FE1       [1]    FSR1L
0x0FE2       [1]    FSR1H
0x0FE4       [1]    PREINC1
0x0FE6       [1]    POSTINC1
0x0FE7       [1]    INDF1
0x0FE8       [1]    WREG
0x0FE9       [1]    FSR0L
0x0FEA       [1]    FSR0H
0x0FEE       [1]    POSTINC0
0x0FF3       [1]    PRODL
0x0FF4       [1]    PRODH
0x0FF5       [1]    TABLAT
0x0FF6       [1]    TBLPTRL
0x0FF7       [1]    TBLPTRH
0x0FF8       [1]    TBLPTRU
