;  LST file generated by mikroListExporter - v.2.0 
; Date/Time: 25/02/2025 14:31:26
;----------------------------------------------

;Address Opcode 	ASM
0x0000	0xF000EF0E  	GOTO        28
0x0004	0x0000      	NOP
0x0006	0x0000      	NOP
0x0008	0xF000EF00  	GOTO        0
0x000C	0x0000      	NOP
0x000E	0x0000      	NOP
0x0010	0x0000      	NOP
0x0012	0x0000      	NOP
0x0014	0x0000      	NOP
0x0016	0x0000      	NOP
0x0018	0xD7F3      	BRA         0
_main:
;PushButton_led.c,3 :: 		void main() {
;PushButton_led.c,5 :: 		unsigned int  uiContador = 0;   // Variavel de armazenamento do contador.
0x001C	0x6A15      	CLRF        main_uiContador_L0 
0x001E	0x6A16      	CLRF        main_uiContador_L0+1 
0x0020	0x6A17      	CLRF        main_ucStatus_inc_L0 
;PushButton_led.c,9 :: 		ADCON1 = 0x0f;       // Configura todos canais como Digital.
0x0022	0x0E0F      	MOVLW       15
0x0024	0x6EC1      	MOVWF       ADCON1 
;PushButton_led.c,11 :: 		TRISB.RB0=1;         // Define o pino RB0 do PORTB como entrada.
0x0026	0x8093      	BSF         TRISB, 0 
;PushButton_led.c,13 :: 		TRISB.RB7=0;         // Define o pino RB7 do PORTA como saida
0x0028	0x9E93      	BCF         TRISB, 7 
;PushButton_led.c,15 :: 		while(1){
L_main0:
;PushButton_led.c,16 :: 		if((PORTB.RB0==0)&&(ucStatus_inc==0)){       // Incrementa somente uma vez quando a tecla for pressionada.
0x002A	0xB081      	BTFSC       PORTB, 0 
0x002C	0xD007      	BRA         L_main4
0x002E	0x5017      	MOVF        main_ucStatus_inc_L0, 0 
0x0030	0x0A00      	XORLW       0
0x0032	0xE104      	BNZ         L_main4
L__main12:
;PushButton_led.c,17 :: 		uiContador++;
0x0034	0x4A15      	INFSNZ      main_uiContador_L0, 1 
0x0036	0x2A16      	INCF        main_uiContador_L0+1, 1 
;PushButton_led.c,18 :: 		ucStatus_inc=1;
0x0038	0x0E01      	MOVLW       1
0x003A	0x6E17      	MOVWF       main_ucStatus_inc_L0 
;PushButton_led.c,19 :: 		}
L_main4:
;PushButton_led.c,20 :: 		if((PORTB.RB0==1)&&(ucStatus_inc==1)){   // Volta a disponibilizar a op??o de incremento quando a tecla for solta.
0x003C	0xA081      	BTFSS       PORTB, 0 
0x003E	0xD004      	BRA         L_main7
0x0040	0x5017      	MOVF        main_ucStatus_inc_L0, 0 
0x0042	0x0A01      	XORLW       1
0x0044	0xB4D8      	BTFSC       STATUS, 2 
L__main11:
;PushButton_led.c,21 :: 		ucStatus_inc=0;
0x0046	0x6A17      	CLRF        main_ucStatus_inc_L0 
;PushButton_led.c,22 :: 		}
L_main7:
;PushButton_led.c,23 :: 		delay_ms(100);
0x0048	0x0E02      	MOVLW       2
0x004A	0x6E0B      	MOVWF       R11, 0
0x004C	0x0E04      	MOVLW       4
0x004E	0x6E0C      	MOVWF       R12, 0
0x0050	0x0EBA      	MOVLW       186
0x0052	0x6E0D      	MOVWF       R13, 0
L_main8:
0x0054	0x2E0D      	DECFSZ      R13, 1, 0
0x0056	0xD7FE      	BRA         L_main8
0x0058	0x2E0C      	DECFSZ      R12, 1, 0
0x005A	0xD7FC      	BRA         L_main8
0x005C	0x2E0B      	DECFSZ      R11, 1, 0
0x005E	0xD7FA      	BRA         L_main8
0x0060	0x0000      	NOP
;PushButton_led.c,24 :: 		uiValor = uiContador%2;
0x0062	0x0E01      	MOVLW       1
0x0064	0x1415      	ANDWF       main_uiContador_L0, 0 
0x0066	0x6E01      	MOVWF       R1 
0x0068	0xF002C016  	MOVFF       main_uiContador_L0+1, R2
0x006C	0x0E00      	MOVLW       0
0x006E	0x1602      	ANDWF       R2, 1 
;PushButton_led.c,25 :: 		if (uiValor == 0){
0x0070	0x0E00      	MOVLW       0
0x0072	0x1802      	XORWF       R2, 0 
0x0074	0xE102      	BNZ         L__main14
0x0076	0x0E00      	MOVLW       0
0x0078	0x1801      	XORWF       R1, 0 
L__main14:
0x007A	0xE102      	BNZ         L_main9
;PushButton_led.c,26 :: 		PORTB.RB7 = 0;
0x007C	0x9E81      	BCF         PORTB, 7 
;PushButton_led.c,27 :: 		}
0x007E	0xD001      	BRA         L_main10
L_main9:
;PushButton_led.c,29 :: 		PORTB.RB7 = 1;
0x0080	0x8E81      	BSF         PORTB, 7 
;PushButton_led.c,30 :: 		}
L_main10:
;PushButton_led.c,31 :: 		}
0x0082	0xD7D3      	BRA         L_main0
;PushButton_led.c,32 :: 		}
L_end_main:
0x0084	0xD7FF      	BRA         $+0
; end of _main
Symbol List:
//** Routines locations **
//ADDRESS    SIZE    PROCEDURE
//----------------------------------------------
0x001C     [106]    _main
//** Variables locations ** 
//ADDRESS    SIZE    VARIABLE
//----------------------------------------------
0x0000       [1]    R0
0x0001       [1]    R1
0x0002       [1]    R2
0x0003       [1]    R3
0x0004       [1]    R4
0x0005       [1]    R5
0x0006       [1]    R6
0x0007       [1]    R7
0x0008       [1]    R8
0x0009       [1]    R9
0x000A       [1]    R10
0x000B       [1]    R11
0x000C       [1]    R12
0x000D       [1]    R13
0x000E       [1]    R14
0x000F       [1]    R15
0x0010       [1]    R16
0x0011       [1]    R17
0x0012       [1]    R18
0x0013       [1]    R19
0x0014       [1]    R20
0x0015       [2]    main_uiContador_L0
0x0017       [1]    main_ucStatus_inc_L0
0x0F81       [1]    PORTB
0x0F93       [1]    TRISB
0x0FC1       [1]    ADCON1
0x0FD8       [1]    STATUS
0x0FD9       [1]    FSR2L
0x0FDA       [1]    FSR2H
0x0FDE       [1]    POSTINC2
0x0FE0       [1]    BSR
0x0FE1       [1]    FSR1L
0x0FE2       [1]    FSR1H
0x0FE4       [1]    PREINC1
0x0FE6       [1]    POSTINC1
0x0FE7       [1]    INDF1
0x0FE8       [1]    WREG
0x0FE9       [1]    FSR0L
0x0FEA       [1]    FSR0H
0x0FEE       [1]    POSTINC0
0x0FF3       [1]    PRODL
0x0FF4       [1]    PRODH
0x0FF5       [1]    TABLAT
0x0FF6       [1]    TBLPTRL
0x0FF7       [1]    TBLPTRH
0x0FF8       [1]    TBLPTRU
